{"C:\\Users\\Dernbu\\Documents\\NUS_Modules\\CP3209_UROP\\wabt-parser\\scripts\\directories.ts": {"path":"C:\\Users\\Dernbu\\Documents\\NUS_Modules\\CP3209_UROP\\wabt-parser\\scripts\\directories.ts","statementMap":{"0":{"start":{"line":1,"column":16},"end":{"line":1,"column":37}},"1":{"start":{"line":2,"column":23},"end":{"line":2,"column":54}},"2":{"start":{"line":3,"column":24},"end":{"line":3,"column":50}},"3":{"start":{"line":4,"column":19},"end":{"line":4,"column":50}},"4":{"start":{"line":5,"column":15},"end":{"line":8,"column":1}},"5":{"start":{"line":6,"column":2},"end":{"line":7,"column":66}},"6":{"start":{"line":7,"column":4},"end":{"line":7,"column":66}},"7":{"start":{"line":9,"column":18},"end":{"line":16,"column":1}},"8":{"start":{"line":10,"column":2},"end":{"line":14,"column":3}},"9":{"start":{"line":11,"column":4},"end":{"line":13,"column":123}},"10":{"start":{"line":12,"column":6},"end":{"line":13,"column":123}},"11":{"start":{"line":13,"column":8},"end":{"line":13,"column":123}},"12":{"start":{"line":13,"column":40},"end":{"line":13,"column":49}},"13":{"start":{"line":15,"column":2},"end":{"line":15,"column":12}},"14":{"start":{"line":17,"column":19},"end":{"line":17,"column":90}},"15":{"start":{"line":17,"column":28},"end":{"line":17,"column":90}},"16":{"start":{"line":18,"column":20},"end":{"line":18,"column":22}},"17":{"start":{"line":19,"column":0},"end":{"line":26,"column":3}},"18":{"start":{"line":20,"column":18},"end":{"line":20,"column":26}},"19":{"start":{"line":21,"column":24},"end":{"line":21,"column":38}},"20":{"start":{"line":22,"column":15},"end":{"line":22,"column":20}},"21":{"start":{"line":23,"column":22},"end":{"line":23,"column":34}},"22":{"start":{"line":24,"column":17},"end":{"line":24,"column":24}},"23":{"start":{"line":25,"column":26},"end":{"line":25,"column":42}},"24":{"start":{"line":27,"column":0},"end":{"line":27,"column":45}},"25":{"start":{"line":28,"column":18},"end":{"line":28,"column":33}},"26":{"start":{"line":29,"column":17},"end":{"line":29,"column":75}},"27":{"start":{"line":30,"column":21},"end":{"line":30,"column":68}},"28":{"start":{"line":31,"column":25},"end":{"line":31,"column":63}},"29":{"start":{"line":32,"column":23},"end":{"line":32,"column":62}},"30":{"start":{"line":33,"column":14},"end":{"line":33,"column":65}},"31":{"start":{"line":34,"column":16},"end":{"line":34,"column":59}}},"fnMap":{"0":{"name":"(anonymous_0)","decl":{"start":{"line":5,"column":15},"end":{"line":5,"column":16}},"loc":{"start":{"line":5,"column":32},"end":{"line":8,"column":1}},"line":5},"1":{"name":"(anonymous_1)","decl":{"start":{"line":9,"column":18},"end":{"line":9,"column":19}},"loc":{"start":{"line":9,"column":46},"end":{"line":16,"column":1}},"line":9},"2":{"name":"(anonymous_2)","decl":{"start":{"line":13,"column":34},"end":{"line":13,"column":35}},"loc":{"start":{"line":13,"column":40},"end":{"line":13,"column":49}},"line":13},"3":{"name":"(anonymous_3)","decl":{"start":{"line":17,"column":19},"end":{"line":17,"column":20}},"loc":{"start":{"line":17,"column":28},"end":{"line":17,"column":90}},"line":17},"4":{"name":"(anonymous_4)","decl":{"start":{"line":20,"column":12},"end":{"line":20,"column":13}},"loc":{"start":{"line":20,"column":18},"end":{"line":20,"column":26}},"line":20},"5":{"name":"(anonymous_5)","decl":{"start":{"line":21,"column":18},"end":{"line":21,"column":19}},"loc":{"start":{"line":21,"column":24},"end":{"line":21,"column":38}},"line":21},"6":{"name":"(anonymous_6)","decl":{"start":{"line":22,"column":9},"end":{"line":22,"column":10}},"loc":{"start":{"line":22,"column":15},"end":{"line":22,"column":20}},"line":22},"7":{"name":"(anonymous_7)","decl":{"start":{"line":23,"column":16},"end":{"line":23,"column":17}},"loc":{"start":{"line":23,"column":22},"end":{"line":23,"column":34}},"line":23},"8":{"name":"(anonymous_8)","decl":{"start":{"line":24,"column":11},"end":{"line":24,"column":12}},"loc":{"start":{"line":24,"column":17},"end":{"line":24,"column":24}},"line":24},"9":{"name":"(anonymous_9)","decl":{"start":{"line":25,"column":20},"end":{"line":25,"column":21}},"loc":{"start":{"line":25,"column":26},"end":{"line":25,"column":42}},"line":25}},"branchMap":{"0":{"loc":{"start":{"line":10,"column":2},"end":{"line":14,"column":3}},"type":"if","locations":[{"start":{"line":10,"column":2},"end":{"line":14,"column":3}},{"start":{},"end":{}}],"line":10},"1":{"loc":{"start":{"line":10,"column":6},"end":{"line":10,"column":68}},"type":"binary-expr","locations":[{"start":{"line":10,"column":6},"end":{"line":10,"column":10}},{"start":{"line":10,"column":14},"end":{"line":10,"column":38}},{"start":{"line":10,"column":42},"end":{"line":10,"column":68}}],"line":10},"2":{"loc":{"start":{"line":12,"column":6},"end":{"line":13,"column":123}},"type":"if","locations":[{"start":{"line":12,"column":6},"end":{"line":13,"column":123}},{"start":{},"end":{}}],"line":12},"3":{"loc":{"start":{"line":12,"column":10},"end":{"line":12,"column":55}},"type":"binary-expr","locations":[{"start":{"line":12,"column":10},"end":{"line":12,"column":37}},{"start":{"line":12,"column":41},"end":{"line":12,"column":55}}],"line":12},"4":{"loc":{"start":{"line":13,"column":63},"end":{"line":13,"column":119}},"type":"binary-expr","locations":[{"start":{"line":13,"column":63},"end":{"line":13,"column":100}},{"start":{"line":13,"column":104},"end":{"line":13,"column":119}}],"line":13}},"s":{"0":1,"1":1,"2":1,"3":1,"4":1,"5":1,"6":6,"7":1,"8":1,"9":1,"10":6,"11":6,"12":1,"13":1,"14":1,"15":1,"16":1,"17":1,"18":0,"19":0,"20":0,"21":1,"22":0,"23":0,"24":1,"25":1,"26":1,"27":1,"28":1,"29":1,"30":1,"31":1},"f":{"0":1,"1":1,"2":1,"3":1,"4":0,"5":0,"6":0,"7":1,"8":0,"9":0},"b":{"0":[1,0],"1":[1,1,0],"2":[6,0],"3":[6,6],"4":[6,6]},"inputSourceMap":null,"_coverageSchema":"1a1c01bbd47fc00a2c39e90264f33305004495a9","hash":"b5672b64c9a7a59d224b11f46f4dc867c4fa739c"}
,"C:\\Users\\Dernbu\\Documents\\NUS_Modules\\CP3209_UROP\\wabt-parser\\scripts\\preprocess.ts": {"path":"C:\\Users\\Dernbu\\Documents\\NUS_Modules\\CP3209_UROP\\wabt-parser\\scripts\\preprocess.ts","statementMap":{"0":{"start":{"line":1,"column":16},"end":{"line":1,"column":37}},"1":{"start":{"line":2,"column":23},"end":{"line":2,"column":54}},"2":{"start":{"line":3,"column":24},"end":{"line":3,"column":50}},"3":{"start":{"line":4,"column":19},"end":{"line":4,"column":50}},"4":{"start":{"line":5,"column":15},"end":{"line":8,"column":1}},"5":{"start":{"line":6,"column":2},"end":{"line":7,"column":66}},"6":{"start":{"line":7,"column":4},"end":{"line":7,"column":66}},"7":{"start":{"line":9,"column":18},"end":{"line":16,"column":1}},"8":{"start":{"line":10,"column":2},"end":{"line":14,"column":3}},"9":{"start":{"line":11,"column":4},"end":{"line":13,"column":123}},"10":{"start":{"line":12,"column":6},"end":{"line":13,"column":123}},"11":{"start":{"line":13,"column":8},"end":{"line":13,"column":123}},"12":{"start":{"line":13,"column":40},"end":{"line":13,"column":49}},"13":{"start":{"line":15,"column":2},"end":{"line":15,"column":12}},"14":{"start":{"line":17,"column":19},"end":{"line":17,"column":90}},"15":{"start":{"line":17,"column":28},"end":{"line":17,"column":90}},"16":{"start":{"line":18,"column":20},"end":{"line":18,"column":22}},"17":{"start":{"line":19,"column":0},"end":{"line":22,"column":3}},"18":{"start":{"line":20,"column":22},"end":{"line":20,"column":34}},"19":{"start":{"line":21,"column":14},"end":{"line":21,"column":18}},"20":{"start":{"line":23,"column":0},"end":{"line":23,"column":45}},"21":{"start":{"line":24,"column":16},"end":{"line":24,"column":29}},"22":{"start":{"line":25,"column":18},"end":{"line":25,"column":33}},"23":{"start":{"line":26,"column":18},"end":{"line":26,"column":33}},"24":{"start":{"line":27,"column":22},"end":{"line":27,"column":41}},"25":{"start":{"line":28,"column":25},"end":{"line":28,"column":49}},"26":{"start":{"line":29,"column":13},"end":{"line":29,"column":70}},"27":{"start":{"line":30,"column":27},"end":{"line":35,"column":1}},"28":{"start":{"line":31,"column":2},"end":{"line":33,"column":3}},"29":{"start":{"line":32,"column":4},"end":{"line":32,"column":23}},"30":{"start":{"line":34,"column":2},"end":{"line":34,"column":161}},"31":{"start":{"line":34,"column":61},"end":{"line":34,"column":99}},"32":{"start":{"line":34,"column":127},"end":{"line":34,"column":159}},"33":{"start":{"line":36,"column":19},"end":{"line":43,"column":1}},"34":{"start":{"line":37,"column":23},"end":{"line":37,"column":46}},"35":{"start":{"line":38,"column":29},"end":{"line":38,"column":87}},"36":{"start":{"line":39,"column":24},"end":{"line":39,"column":76}},"37":{"start":{"line":40,"column":2},"end":{"line":40,"column":69}},"38":{"start":{"line":41,"column":2},"end":{"line":41,"column":98}},"39":{"start":{"line":42,"column":2},"end":{"line":42,"column":51}},"40":{"start":{"line":45,"column":21},"end":{"line":45,"column":76}},"41":{"start":{"line":46,"column":19},"end":{"line":46,"column":57}},"42":{"start":{"line":47,"column":29},"end":{"line":47,"column":39}},"43":{"start":{"line":48,"column":2},"end":{"line":58,"column":3}},"44":{"start":{"line":49,"column":4},"end":{"line":52,"column":6}},"45":{"start":{"line":53,"column":9},"end":{"line":58,"column":3}},"46":{"start":{"line":54,"column":4},"end":{"line":57,"column":6}},"47":{"start":{"line":59,"column":2},"end":{"line":59,"column":88}},"48":{"start":{"line":59,"column":60},"end":{"line":59,"column":86}},"49":{"start":{"line":60,"column":22},"end":{"line":60,"column":106}},"50":{"start":{"line":61,"column":26},"end":{"line":61,"column":55}},"51":{"start":{"line":62,"column":2},"end":{"line":62,"column":92}},"52":{"start":{"line":65,"column":21},"end":{"line":65,"column":76}},"53":{"start":{"line":66,"column":2},"end":{"line":67,"column":16}},"54":{"start":{"line":70,"column":22},"end":{"line":70,"column":77}},"55":{"start":{"line":71,"column":21},"end":{"line":71,"column":74}},"56":{"start":{"line":71,"column":49},"end":{"line":71,"column":73}},"57":{"start":{"line":72,"column":22},"end":{"line":72,"column":106}},"58":{"start":{"line":72,"column":47},"end":{"line":72,"column":105}},"59":{"start":{"line":73,"column":2},"end":{"line":75,"column":4}},"60":{"start":{"line":74,"column":29},"end":{"line":74,"column":70}},"61":{"start":{"line":76,"column":2},"end":{"line":76,"column":71}},"62":{"start":{"line":76,"column":46},"end":{"line":76,"column":68}},"63":{"start":{"line":77,"column":2},"end":{"line":77,"column":64}},"64":{"start":{"line":77,"column":46},"end":{"line":77,"column":61}},"65":{"start":{"line":79,"column":21},"end":{"line":84,"column":1}}},"fnMap":{"0":{"name":"(anonymous_0)","decl":{"start":{"line":5,"column":15},"end":{"line":5,"column":16}},"loc":{"start":{"line":5,"column":32},"end":{"line":8,"column":1}},"line":5},"1":{"name":"(anonymous_1)","decl":{"start":{"line":9,"column":18},"end":{"line":9,"column":19}},"loc":{"start":{"line":9,"column":46},"end":{"line":16,"column":1}},"line":9},"2":{"name":"(anonymous_2)","decl":{"start":{"line":13,"column":34},"end":{"line":13,"column":35}},"loc":{"start":{"line":13,"column":40},"end":{"line":13,"column":49}},"line":13},"3":{"name":"(anonymous_3)","decl":{"start":{"line":17,"column":19},"end":{"line":17,"column":20}},"loc":{"start":{"line":17,"column":28},"end":{"line":17,"column":90}},"line":17},"4":{"name":"(anonymous_4)","decl":{"start":{"line":20,"column":16},"end":{"line":20,"column":17}},"loc":{"start":{"line":20,"column":22},"end":{"line":20,"column":34}},"line":20},"5":{"name":"(anonymous_5)","decl":{"start":{"line":21,"column":8},"end":{"line":21,"column":9}},"loc":{"start":{"line":21,"column":14},"end":{"line":21,"column":18}},"line":21},"6":{"name":"(anonymous_6)","decl":{"start":{"line":30,"column":27},"end":{"line":30,"column":28}},"loc":{"start":{"line":30,"column":42},"end":{"line":35,"column":1}},"line":30},"7":{"name":"(anonymous_7)","decl":{"start":{"line":34,"column":51},"end":{"line":34,"column":52}},"loc":{"start":{"line":34,"column":61},"end":{"line":34,"column":99}},"line":34},"8":{"name":"(anonymous_8)","decl":{"start":{"line":34,"column":109},"end":{"line":34,"column":110}},"loc":{"start":{"line":34,"column":127},"end":{"line":34,"column":159}},"line":34},"9":{"name":"(anonymous_9)","decl":{"start":{"line":36,"column":19},"end":{"line":36,"column":20}},"loc":{"start":{"line":36,"column":80},"end":{"line":43,"column":1}},"line":36},"10":{"name":"removeSelfImport","decl":{"start":{"line":44,"column":15},"end":{"line":44,"column":31}},"loc":{"start":{"line":44,"column":62},"end":{"line":63,"column":1}},"line":44},"11":{"name":"(anonymous_11)","decl":{"start":{"line":59,"column":50},"end":{"line":59,"column":51}},"loc":{"start":{"line":59,"column":60},"end":{"line":59,"column":86}},"line":59},"12":{"name":"fixEslint","decl":{"start":{"line":64,"column":15},"end":{"line":64,"column":24}},"loc":{"start":{"line":64,"column":55},"end":{"line":68,"column":1}},"line":64},"13":{"name":"main","decl":{"start":{"line":69,"column":15},"end":{"line":69,"column":19}},"loc":{"start":{"line":69,"column":22},"end":{"line":78,"column":1}},"line":69},"14":{"name":"(anonymous_14)","decl":{"start":{"line":71,"column":40},"end":{"line":71,"column":41}},"loc":{"start":{"line":71,"column":49},"end":{"line":71,"column":73}},"line":71},"15":{"name":"(anonymous_15)","decl":{"start":{"line":72,"column":37},"end":{"line":72,"column":38}},"loc":{"start":{"line":72,"column":47},"end":{"line":72,"column":105}},"line":72},"16":{"name":"(anonymous_16)","decl":{"start":{"line":74,"column":19},"end":{"line":74,"column":20}},"loc":{"start":{"line":74,"column":29},"end":{"line":74,"column":70}},"line":74},"17":{"name":"(anonymous_17)","decl":{"start":{"line":76,"column":36},"end":{"line":76,"column":37}},"loc":{"start":{"line":76,"column":46},"end":{"line":76,"column":68}},"line":76},"18":{"name":"(anonymous_18)","decl":{"start":{"line":77,"column":36},"end":{"line":77,"column":37}},"loc":{"start":{"line":77,"column":46},"end":{"line":77,"column":61}},"line":77}},"branchMap":{"0":{"loc":{"start":{"line":10,"column":2},"end":{"line":14,"column":3}},"type":"if","locations":[{"start":{"line":10,"column":2},"end":{"line":14,"column":3}},{"start":{},"end":{}}],"line":10},"1":{"loc":{"start":{"line":10,"column":6},"end":{"line":10,"column":68}},"type":"binary-expr","locations":[{"start":{"line":10,"column":6},"end":{"line":10,"column":10}},{"start":{"line":10,"column":14},"end":{"line":10,"column":38}},{"start":{"line":10,"column":42},"end":{"line":10,"column":68}}],"line":10},"2":{"loc":{"start":{"line":12,"column":6},"end":{"line":13,"column":123}},"type":"if","locations":[{"start":{"line":12,"column":6},"end":{"line":13,"column":123}},{"start":{},"end":{}}],"line":12},"3":{"loc":{"start":{"line":12,"column":10},"end":{"line":12,"column":55}},"type":"binary-expr","locations":[{"start":{"line":12,"column":10},"end":{"line":12,"column":37}},{"start":{"line":12,"column":41},"end":{"line":12,"column":55}}],"line":12},"4":{"loc":{"start":{"line":13,"column":63},"end":{"line":13,"column":119}},"type":"binary-expr","locations":[{"start":{"line":13,"column":63},"end":{"line":13,"column":100}},{"start":{"line":13,"column":104},"end":{"line":13,"column":119}}],"line":13},"5":{"loc":{"start":{"line":31,"column":2},"end":{"line":33,"column":3}},"type":"if","locations":[{"start":{"line":31,"column":2},"end":{"line":33,"column":3}},{"start":{},"end":{}}],"line":31},"6":{"loc":{"start":{"line":36,"column":57},"end":{"line":36,"column":75}},"type":"default-arg","locations":[{"start":{"line":36,"column":68},"end":{"line":36,"column":75}}],"line":36},"7":{"loc":{"start":{"line":44,"column":42},"end":{"line":44,"column":60}},"type":"default-arg","locations":[{"start":{"line":44,"column":53},"end":{"line":44,"column":60}}],"line":44},"8":{"loc":{"start":{"line":48,"column":2},"end":{"line":58,"column":3}},"type":"if","locations":[{"start":{"line":48,"column":2},"end":{"line":58,"column":3}},{"start":{"line":53,"column":9},"end":{"line":58,"column":3}}],"line":48},"9":{"loc":{"start":{"line":53,"column":9},"end":{"line":58,"column":3}},"type":"if","locations":[{"start":{"line":53,"column":9},"end":{"line":58,"column":3}},{"start":{},"end":{}}],"line":53},"10":{"loc":{"start":{"line":64,"column":35},"end":{"line":64,"column":53}},"type":"default-arg","locations":[{"start":{"line":64,"column":46},"end":{"line":64,"column":53}}],"line":64}},"s":{"0":1,"1":1,"2":1,"3":1,"4":1,"5":1,"6":2,"7":1,"8":1,"9":1,"10":2,"11":2,"12":1,"13":1,"14":1,"15":1,"16":1,"17":1,"18":1,"19":0,"20":1,"21":1,"22":1,"23":1,"24":1,"25":1,"26":1,"27":1,"28":9,"29":5,"30":4,"31":8,"32":8,"33":1,"34":1,"35":1,"36":1,"37":1,"38":1,"39":1,"40":2,"41":2,"42":2,"43":2,"44":2,"45":0,"46":0,"47":2,"48":4,"49":2,"50":2,"51":2,"52":0,"53":0,"54":0,"55":0,"56":0,"57":0,"58":0,"59":0,"60":0,"61":0,"62":0,"63":0,"64":0,"65":1},"f":{"0":1,"1":1,"2":1,"3":1,"4":1,"5":0,"6":9,"7":8,"8":8,"9":1,"10":2,"11":4,"12":0,"13":0,"14":0,"15":0,"16":0,"17":0,"18":0},"b":{"0":[1,0],"1":[1,1,0],"2":[2,0],"3":[2,2],"4":[2,2],"5":[5,4],"6":[1],"7":[2],"8":[2,0],"9":[0,0],"10":[0]},"inputSourceMap":null,"_coverageSchema":"1a1c01bbd47fc00a2c39e90264f33305004495a9","hash":"f83b35affce74f9af5886d32103291cb473e0585"}
,"C:\\Users\\Dernbu\\Documents\\NUS_Modules\\CP3209_UROP\\wabt-parser\\src\\binary_writer.ts": {"path":"C:\\Users\\Dernbu\\Documents\\NUS_Modules\\CP3209_UROP\\wabt-parser\\src\\binary_writer.ts","statementMap":{"0":{"start":{"line":1,"column":16},"end":{"line":1,"column":37}},"1":{"start":{"line":2,"column":23},"end":{"line":2,"column":54}},"2":{"start":{"line":3,"column":24},"end":{"line":3,"column":50}},"3":{"start":{"line":4,"column":19},"end":{"line":4,"column":50}},"4":{"start":{"line":5,"column":15},"end":{"line":8,"column":1}},"5":{"start":{"line":6,"column":2},"end":{"line":7,"column":66}},"6":{"start":{"line":7,"column":4},"end":{"line":7,"column":66}},"7":{"start":{"line":9,"column":18},"end":{"line":16,"column":1}},"8":{"start":{"line":10,"column":2},"end":{"line":14,"column":3}},"9":{"start":{"line":11,"column":4},"end":{"line":13,"column":123}},"10":{"start":{"line":12,"column":6},"end":{"line":13,"column":123}},"11":{"start":{"line":13,"column":8},"end":{"line":13,"column":123}},"12":{"start":{"line":13,"column":40},"end":{"line":13,"column":49}},"13":{"start":{"line":15,"column":2},"end":{"line":15,"column":12}},"14":{"start":{"line":17,"column":19},"end":{"line":17,"column":90}},"15":{"start":{"line":17,"column":28},"end":{"line":17,"column":90}},"16":{"start":{"line":18,"column":20},"end":{"line":18,"column":22}},"17":{"start":{"line":19,"column":0},"end":{"line":23,"column":3}},"18":{"start":{"line":20,"column":23},"end":{"line":20,"column":36}},"19":{"start":{"line":21,"column":22},"end":{"line":21,"column":34}},"20":{"start":{"line":22,"column":22},"end":{"line":22,"column":34}},"21":{"start":{"line":24,"column":0},"end":{"line":24,"column":45}},"22":{"start":{"line":25,"column":18},"end":{"line":25,"column":42}},"23":{"start":{"line":26,"column":19},"end":{"line":26,"column":44}},"24":{"start":{"line":27,"column":20},"end":{"line":27,"column":46}},"25":{"start":{"line":28,"column":26},"end":{"line":28,"column":58}},"26":{"start":{"line":29,"column":20},"end":{"line":29,"column":46}},"27":{"start":{"line":31,"column":0},"end":{"line":43,"column":38}},"28":{"start":{"line":32,"column":2},"end":{"line":32,"column":24}},"29":{"start":{"line":33,"column":2},"end":{"line":33,"column":26}},"30":{"start":{"line":34,"column":2},"end":{"line":34,"column":28}},"31":{"start":{"line":35,"column":2},"end":{"line":35,"column":25}},"32":{"start":{"line":36,"column":2},"end":{"line":36,"column":26}},"33":{"start":{"line":37,"column":2},"end":{"line":37,"column":26}},"34":{"start":{"line":38,"column":2},"end":{"line":38,"column":26}},"35":{"start":{"line":39,"column":2},"end":{"line":39,"column":25}},"36":{"start":{"line":40,"column":2},"end":{"line":40,"column":27}},"37":{"start":{"line":41,"column":2},"end":{"line":41,"column":25}},"38":{"start":{"line":42,"column":2},"end":{"line":42,"column":25}},"39":{"start":{"line":45,"column":2},"end":{"line":61,"column":5}},"40":{"start":{"line":64,"column":20},"end":{"line":64,"column":46}},"41":{"start":{"line":65,"column":19},"end":{"line":65,"column":35}},"42":{"start":{"line":66,"column":31},"end":{"line":66,"column":33}},"43":{"start":{"line":67,"column":2},"end":{"line":69,"column":5}},"44":{"start":{"line":68,"column":4},"end":{"line":68,"column":67}},"45":{"start":{"line":70,"column":22},"end":{"line":70,"column":55}},"46":{"start":{"line":71,"column":2},"end":{"line":76,"column":5}},"47":{"start":{"line":79,"column":2},"end":{"line":79,"column":28}},"48":{"start":{"line":82,"column":20},"end":{"line":82,"column":46}},"49":{"start":{"line":83,"column":18},"end":{"line":83,"column":34}},"50":{"start":{"line":84,"column":23},"end":{"line":84,"column":34}},"51":{"start":{"line":85,"column":27},"end":{"line":85,"column":48}},"52":{"start":{"line":86,"column":2},"end":{"line":91,"column":5}},"53":{"start":{"line":94,"column":2},"end":{"line":94,"column":28}},"54":{"start":{"line":97,"column":2},"end":{"line":97,"column":28}},"55":{"start":{"line":100,"column":2},"end":{"line":100,"column":28}},"56":{"start":{"line":103,"column":33},"end":{"line":103,"column":35}},"57":{"start":{"line":104,"column":2},"end":{"line":106,"column":3}},"58":{"start":{"line":105,"column":4},"end":{"line":105,"column":30}},"59":{"start":{"line":107,"column":25},"end":{"line":107,"column":68}},"60":{"start":{"line":108,"column":24},"end":{"line":108,"column":45}},"61":{"start":{"line":109,"column":2},"end":{"line":109,"column":80}},"62":{"start":{"line":112,"column":2},"end":{"line":112,"column":28}},"63":{"start":{"line":115,"column":2},"end":{"line":115,"column":28}},"64":{"start":{"line":118,"column":19},"end":{"line":118,"column":41}},"65":{"start":{"line":119,"column":26},"end":{"line":119,"column":28}},"66":{"start":{"line":120,"column":2},"end":{"line":122,"column":5}},"67":{"start":{"line":121,"column":4},"end":{"line":121,"column":54}},"68":{"start":{"line":123,"column":22},"end":{"line":123,"column":48}},"69":{"start":{"line":124,"column":19},"end":{"line":124,"column":34}},"70":{"start":{"line":125,"column":2},"end":{"line":130,"column":5}},"71":{"start":{"line":133,"column":2},"end":{"line":133,"column":28}},"72":{"start":{"line":136,"column":17},"end":{"line":136,"column":19}},"73":{"start":{"line":137,"column":2},"end":{"line":144,"column":3}},"74":{"start":{"line":138,"column":4},"end":{"line":143,"column":5}},"75":{"start":{"line":139,"column":6},"end":{"line":139,"column":51}},"76":{"start":{"line":141,"column":24},"end":{"line":141,"column":44}},"77":{"start":{"line":142,"column":6},"end":{"line":142,"column":59}},"78":{"start":{"line":145,"column":2},"end":{"line":145,"column":32}},"79":{"start":{"line":149,"column":52},"end":{"line":149,"column":55}},"80":{"start":{"line":150,"column":31},"end":{"line":150,"column":33}},"81":{"start":{"line":151,"column":4},"end":{"line":153,"column":5}},"82":{"start":{"line":151,"column":17},"end":{"line":151,"column":18}},"83":{"start":{"line":152,"column":6},"end":{"line":152,"column":56}},"84":{"start":{"line":154,"column":4},"end":{"line":159,"column":7}},"85":{"start":{"line":161,"column":20},"end":{"line":161,"column":43}},"86":{"start":{"line":162,"column":26},"end":{"line":162,"column":28}},"87":{"start":{"line":163,"column":2},"end":{"line":165,"column":3}},"88":{"start":{"line":164,"column":4},"end":{"line":164,"column":53}},"89":{"start":{"line":166,"column":2},"end":{"line":166,"column":57}},"90":{"start":{"line":169,"column":30},"end":{"line":169,"column":32}},"91":{"start":{"line":170,"column":25},"end":{"line":170,"column":90}},"92":{"start":{"line":170,"column":53},"end":{"line":170,"column":89}},"93":{"start":{"line":171,"column":20},"end":{"line":171,"column":41}},"94":{"start":{"line":172,"column":26},"end":{"line":172,"column":92}},"95":{"start":{"line":172,"column":55},"end":{"line":172,"column":91}},"96":{"start":{"line":173,"column":21},"end":{"line":173,"column":43}},"97":{"start":{"line":174,"column":2},"end":{"line":180,"column":5}},"98":{"start":{"line":183,"column":23},"end":{"line":183,"column":39}},"99":{"start":{"line":184,"column":21},"end":{"line":184,"column":34}},"100":{"start":{"line":185,"column":2},"end":{"line":200,"column":3}},"101":{"start":{"line":185,"column":15},"end":{"line":185,"column":16}},"102":{"start":{"line":186,"column":18},"end":{"line":186,"column":40}},"103":{"start":{"line":187,"column":4},"end":{"line":199,"column":5}},"104":{"start":{"line":188,"column":20},"end":{"line":188,"column":52}},"105":{"start":{"line":189,"column":6},"end":{"line":197,"column":7}},"106":{"start":{"line":190,"column":8},"end":{"line":196,"column":10}},"107":{"start":{"line":198,"column":6},"end":{"line":198,"column":68}},"108":{"start":{"line":201,"column":22},"end":{"line":201,"column":69}},"109":{"start":{"line":202,"column":23},"end":{"line":202,"column":25}},"110":{"start":{"line":203,"column":2},"end":{"line":208,"column":5}},"111":{"start":{"line":211,"column":2},"end":{"line":211,"column":53}},"112":{"start":{"line":212,"column":2},"end":{"line":212,"column":40}},"113":{"start":{"line":213,"column":2},"end":{"line":221,"column":4}},"114":{"start":{"line":224,"column":2},"end":{"line":224,"column":98}},"115":{"start":{"line":227,"column":2},"end":{"line":229,"column":3}},"116":{"start":{"line":228,"column":4},"end":{"line":228,"column":77}},"117":{"start":{"line":230,"column":2},"end":{"line":232,"column":3}},"118":{"start":{"line":231,"column":4},"end":{"line":231,"column":76}},"119":{"start":{"line":233,"column":2},"end":{"line":233,"column":48}},"120":{"start":{"line":236,"column":2},"end":{"line":240,"column":3}},"121":{"start":{"line":237,"column":4},"end":{"line":239,"column":6}},"122":{"start":{"line":241,"column":2},"end":{"line":244,"column":3}},"123":{"start":{"line":242,"column":4},"end":{"line":242,"column":73}},"124":{"start":{"line":243,"column":4},"end":{"line":243,"column":59}},"125":{"start":{"line":245,"column":2},"end":{"line":251,"column":4}},"126":{"start":{"line":254,"column":0},"end":{"line":262,"column":42}},"127":{"start":{"line":256,"column":17},"end":{"line":256,"column":35}},"128":{"start":{"line":257,"column":4},"end":{"line":257,"column":42}},"129":{"start":{"line":258,"column":16},"end":{"line":258,"column":38}},"130":{"start":{"line":259,"column":4},"end":{"line":259,"column":27}},"131":{"start":{"line":261,"column":2},"end":{"line":261,"column":49}},"132":{"start":{"line":263,"column":21},"end":{"line":280,"column":1}}},"fnMap":{"0":{"name":"(anonymous_0)","decl":{"start":{"line":5,"column":15},"end":{"line":5,"column":16}},"loc":{"start":{"line":5,"column":32},"end":{"line":8,"column":1}},"line":5},"1":{"name":"(anonymous_1)","decl":{"start":{"line":9,"column":18},"end":{"line":9,"column":19}},"loc":{"start":{"line":9,"column":46},"end":{"line":16,"column":1}},"line":9},"2":{"name":"(anonymous_2)","decl":{"start":{"line":13,"column":34},"end":{"line":13,"column":35}},"loc":{"start":{"line":13,"column":40},"end":{"line":13,"column":49}},"line":13},"3":{"name":"(anonymous_3)","decl":{"start":{"line":17,"column":19},"end":{"line":17,"column":20}},"loc":{"start":{"line":17,"column":28},"end":{"line":17,"column":90}},"line":17},"4":{"name":"(anonymous_4)","decl":{"start":{"line":20,"column":17},"end":{"line":20,"column":18}},"loc":{"start":{"line":20,"column":23},"end":{"line":20,"column":36}},"line":20},"5":{"name":"(anonymous_5)","decl":{"start":{"line":21,"column":16},"end":{"line":21,"column":17}},"loc":{"start":{"line":21,"column":22},"end":{"line":21,"column":34}},"line":21},"6":{"name":"(anonymous_6)","decl":{"start":{"line":22,"column":16},"end":{"line":22,"column":17}},"loc":{"start":{"line":22,"column":22},"end":{"line":22,"column":34}},"line":22},"7":{"name":"(anonymous_7)","decl":{"start":{"line":31,"column":1},"end":{"line":31,"column":2}},"loc":{"start":{"line":31,"column":19},"end":{"line":43,"column":1}},"line":31},"8":{"name":"encodeModule","decl":{"start":{"line":44,"column":9},"end":{"line":44,"column":21}},"loc":{"start":{"line":44,"column":26},"end":{"line":62,"column":1}},"line":44},"9":{"name":"encodeModuleTypeSection","decl":{"start":{"line":63,"column":9},"end":{"line":63,"column":32}},"loc":{"start":{"line":63,"column":37},"end":{"line":77,"column":1}},"line":63},"10":{"name":"(anonymous_10)","decl":{"start":{"line":67,"column":49},"end":{"line":67,"column":50}},"loc":{"start":{"line":67,"column":58},"end":{"line":69,"column":3}},"line":67},"11":{"name":"encodeModuleImportSection","decl":{"start":{"line":78,"column":9},"end":{"line":78,"column":34}},"loc":{"start":{"line":78,"column":39},"end":{"line":80,"column":1}},"line":78},"12":{"name":"encodeModuleFunctionSection","decl":{"start":{"line":81,"column":9},"end":{"line":81,"column":36}},"loc":{"start":{"line":81,"column":41},"end":{"line":92,"column":1}},"line":81},"13":{"name":"encodeModuleTableSection","decl":{"start":{"line":93,"column":9},"end":{"line":93,"column":33}},"loc":{"start":{"line":93,"column":38},"end":{"line":95,"column":1}},"line":93},"14":{"name":"encodeModuleMemorySection","decl":{"start":{"line":96,"column":9},"end":{"line":96,"column":34}},"loc":{"start":{"line":96,"column":39},"end":{"line":98,"column":1}},"line":96},"15":{"name":"encodeModuleGlobalSection","decl":{"start":{"line":99,"column":9},"end":{"line":99,"column":34}},"loc":{"start":{"line":99,"column":39},"end":{"line":101,"column":1}},"line":99},"16":{"name":"encodeModuleExportSection","decl":{"start":{"line":102,"column":9},"end":{"line":102,"column":34}},"loc":{"start":{"line":102,"column":39},"end":{"line":110,"column":1}},"line":102},"17":{"name":"encodeModuleStartSection","decl":{"start":{"line":111,"column":9},"end":{"line":111,"column":33}},"loc":{"start":{"line":111,"column":38},"end":{"line":113,"column":1}},"line":111},"18":{"name":"encodeModuleElementSection","decl":{"start":{"line":114,"column":9},"end":{"line":114,"column":35}},"loc":{"start":{"line":114,"column":40},"end":{"line":116,"column":1}},"line":114},"19":{"name":"encodeModuleCodeSection","decl":{"start":{"line":117,"column":9},"end":{"line":117,"column":32}},"loc":{"start":{"line":117,"column":37},"end":{"line":131,"column":1}},"line":117},"20":{"name":"(anonymous_20)","decl":{"start":{"line":120,"column":19},"end":{"line":120,"column":20}},"loc":{"start":{"line":120,"column":29},"end":{"line":122,"column":3}},"line":120},"21":{"name":"encodeModuleDataSection","decl":{"start":{"line":132,"column":9},"end":{"line":132,"column":32}},"loc":{"start":{"line":132,"column":37},"end":{"line":134,"column":1}},"line":132},"22":{"name":"encodePureUnfoldedTokenExpression","decl":{"start":{"line":135,"column":9},"end":{"line":135,"column":42}},"loc":{"start":{"line":135,"column":47},"end":{"line":146,"column":1}},"line":135},"23":{"name":"encodeExportExpressions","decl":{"start":{"line":147,"column":9},"end":{"line":147,"column":32}},"loc":{"start":{"line":147,"column":51},"end":{"line":167,"column":1}},"line":147},"24":{"name":"encodeExport","decl":{"start":{"line":148,"column":11},"end":{"line":148,"column":23}},"loc":{"start":{"line":148,"column":29},"end":{"line":160,"column":3}},"line":148},"25":{"name":"encodeFunctionSignature","decl":{"start":{"line":168,"column":9},"end":{"line":168,"column":32}},"loc":{"start":{"line":168,"column":37},"end":{"line":181,"column":1}},"line":168},"26":{"name":"(anonymous_26)","decl":{"start":{"line":170,"column":43},"end":{"line":170,"column":44}},"loc":{"start":{"line":170,"column":53},"end":{"line":170,"column":89}},"line":170},"27":{"name":"(anonymous_27)","decl":{"start":{"line":172,"column":45},"end":{"line":172,"column":46}},"loc":{"start":{"line":172,"column":55},"end":{"line":172,"column":91}},"line":172},"28":{"name":"encodeFunctionBody","decl":{"start":{"line":182,"column":9},"end":{"line":182,"column":27}},"loc":{"start":{"line":182,"column":32},"end":{"line":209,"column":1}},"line":182},"29":{"name":"convertVarToIndexToken","decl":{"start":{"line":210,"column":9},"end":{"line":210,"column":31}},"loc":{"start":{"line":210,"column":49},"end":{"line":222,"column":1}},"line":210},"30":{"name":"isLiteralToken","decl":{"start":{"line":223,"column":9},"end":{"line":223,"column":23}},"loc":{"start":{"line":223,"column":31},"end":{"line":225,"column":1}},"line":223},"31":{"name":"encodeNonLiteralToken","decl":{"start":{"line":226,"column":9},"end":{"line":226,"column":30}},"loc":{"start":{"line":226,"column":38},"end":{"line":234,"column":1}},"line":226},"32":{"name":"encodeLiteralToken","decl":{"start":{"line":235,"column":9},"end":{"line":235,"column":27}},"loc":{"start":{"line":235,"column":46},"end":{"line":252,"column":1}},"line":235},"33":{"name":"(anonymous_33)","decl":{"start":{"line":254,"column":1},"end":{"line":254,"column":2}},"loc":{"start":{"line":254,"column":21},"end":{"line":262,"column":1}},"line":254},"34":{"name":"encodeF64Const","decl":{"start":{"line":255,"column":11},"end":{"line":255,"column":25}},"loc":{"start":{"line":255,"column":29},"end":{"line":260,"column":3}},"line":255}},"branchMap":{"0":{"loc":{"start":{"line":10,"column":2},"end":{"line":14,"column":3}},"type":"if","locations":[{"start":{"line":10,"column":2},"end":{"line":14,"column":3}},{"start":{},"end":{}}],"line":10},"1":{"loc":{"start":{"line":10,"column":6},"end":{"line":10,"column":68}},"type":"binary-expr","locations":[{"start":{"line":10,"column":6},"end":{"line":10,"column":10}},{"start":{"line":10,"column":14},"end":{"line":10,"column":38}},{"start":{"line":10,"column":42},"end":{"line":10,"column":68}}],"line":10},"2":{"loc":{"start":{"line":12,"column":6},"end":{"line":13,"column":123}},"type":"if","locations":[{"start":{"line":12,"column":6},"end":{"line":13,"column":123}},{"start":{},"end":{}}],"line":12},"3":{"loc":{"start":{"line":12,"column":10},"end":{"line":12,"column":55}},"type":"binary-expr","locations":[{"start":{"line":12,"column":10},"end":{"line":12,"column":37}},{"start":{"line":12,"column":41},"end":{"line":12,"column":55}}],"line":12},"4":{"loc":{"start":{"line":13,"column":63},"end":{"line":13,"column":119}},"type":"binary-expr","locations":[{"start":{"line":13,"column":63},"end":{"line":13,"column":100}},{"start":{"line":13,"column":104},"end":{"line":13,"column":119}}],"line":13},"5":{"loc":{"start":{"line":43,"column":3},"end":{"line":43,"column":36}},"type":"binary-expr","locations":[{"start":{"line":43,"column":3},"end":{"line":43,"column":14}},{"start":{"line":43,"column":19},"end":{"line":43,"column":35}}],"line":43},"6":{"loc":{"start":{"line":104,"column":2},"end":{"line":106,"column":3}},"type":"if","locations":[{"start":{"line":104,"column":2},"end":{"line":106,"column":3}},{"start":{},"end":{}}],"line":104},"7":{"loc":{"start":{"line":138,"column":4},"end":{"line":143,"column":5}},"type":"if","locations":[{"start":{"line":138,"column":4},"end":{"line":143,"column":5}},{"start":{"line":140,"column":11},"end":{"line":143,"column":5}}],"line":138},"8":{"loc":{"start":{"line":187,"column":4},"end":{"line":199,"column":5}},"type":"if","locations":[{"start":{"line":187,"column":4},"end":{"line":199,"column":5}},{"start":{},"end":{}}],"line":187},"9":{"loc":{"start":{"line":189,"column":6},"end":{"line":197,"column":7}},"type":"if","locations":[{"start":{"line":189,"column":6},"end":{"line":197,"column":7}},{"start":{},"end":{}}],"line":189},"10":{"loc":{"start":{"line":224,"column":9},"end":{"line":224,"column":97}},"type":"binary-expr","locations":[{"start":{"line":224,"column":9},"end":{"line":224,"column":50}},{"start":{"line":224,"column":54},"end":{"line":224,"column":97}}],"line":224},"11":{"loc":{"start":{"line":227,"column":2},"end":{"line":229,"column":3}},"type":"if","locations":[{"start":{"line":227,"column":2},"end":{"line":229,"column":3}},{"start":{},"end":{}}],"line":227},"12":{"loc":{"start":{"line":230,"column":2},"end":{"line":232,"column":3}},"type":"if","locations":[{"start":{"line":230,"column":2},"end":{"line":232,"column":3}},{"start":{},"end":{}}],"line":230},"13":{"loc":{"start":{"line":236,"column":2},"end":{"line":240,"column":3}},"type":"if","locations":[{"start":{"line":236,"column":2},"end":{"line":240,"column":3}},{"start":{},"end":{}}],"line":236},"14":{"loc":{"start":{"line":238,"column":6},"end":{"line":238,"column":99}},"type":"cond-expr","locations":[{"start":{"line":238,"column":36},"end":{"line":238,"column":65}},{"start":{"line":238,"column":68},"end":{"line":238,"column":99}}],"line":238},"15":{"loc":{"start":{"line":241,"column":2},"end":{"line":244,"column":3}},"type":"if","locations":[{"start":{"line":241,"column":2},"end":{"line":244,"column":3}},{"start":{},"end":{}}],"line":241},"16":{"loc":{"start":{"line":262,"column":3},"end":{"line":262,"column":40}},"type":"binary-expr","locations":[{"start":{"line":262,"column":3},"end":{"line":262,"column":16}},{"start":{"line":262,"column":21},"end":{"line":262,"column":39}}],"line":262}},"s":{"0":2,"1":2,"2":2,"3":2,"4":2,"5":2,"6":6,"7":2,"8":2,"9":2,"10":6,"11":6,"12":8,"13":2,"14":2,"15":2,"16":2,"17":2,"18":2,"19":2,"20":4,"21":2,"22":2,"23":2,"24":2,"25":2,"26":2,"27":2,"28":2,"29":2,"30":2,"31":2,"32":2,"33":2,"34":2,"35":2,"36":2,"37":2,"38":2,"39":7,"40":13,"41":12,"42":12,"43":12,"44":16,"45":12,"46":12,"47":12,"48":12,"49":12,"50":12,"51":12,"52":12,"53":12,"54":12,"55":12,"56":12,"57":12,"58":0,"59":12,"60":12,"61":12,"62":12,"63":12,"64":12,"65":12,"66":12,"67":16,"68":12,"69":12,"70":12,"71":12,"72":28,"73":28,"74":110,"75":64,"76":46,"77":46,"78":28,"79":13,"80":13,"81":13,"82":13,"83":23,"84":13,"85":13,"86":13,"87":13,"88":13,"89":13,"90":24,"91":24,"92":28,"93":24,"94":24,"95":24,"96":24,"97":24,"98":24,"99":24,"100":24,"101":24,"102":78,"103":78,"104":12,"105":12,"106":0,"107":12,"108":24,"109":24,"110":24,"111":12,"112":12,"113":12,"114":110,"115":64,"116":0,"117":64,"118":64,"119":0,"120":46,"121":24,"122":22,"123":22,"124":22,"125":0,"126":2,"127":26,"128":26,"129":26,"130":26,"131":2,"132":2},"f":{"0":2,"1":2,"2":8,"3":2,"4":2,"5":2,"6":4,"7":2,"8":7,"9":13,"10":16,"11":12,"12":12,"13":12,"14":12,"15":12,"16":12,"17":12,"18":12,"19":12,"20":16,"21":12,"22":28,"23":13,"24":13,"25":24,"26":28,"27":24,"28":24,"29":12,"30":110,"31":64,"32":46,"33":2,"34":26},"b":{"0":[2,0],"1":[2,2,0],"2":[6,0],"3":[6,6],"4":[6,6],"5":[2,2],"6":[0,12],"7":[64,46],"8":[12,66],"9":[0,12],"10":[110,66],"11":[0,64],"12":[64,0],"13":[24,22],"14":[22,2],"15":[22,0],"16":[2,2]},"inputSourceMap":null,"_coverageSchema":"1a1c01bbd47fc00a2c39e90264f33305004495a9","hash":"dbbc092d36036b72694434ba5849d99c90900362"}
,"C:\\Users\\Dernbu\\Documents\\NUS_Modules\\CP3209_UROP\\wabt-parser\\src\\index.ts": {"path":"C:\\Users\\Dernbu\\Documents\\NUS_Modules\\CP3209_UROP\\wabt-parser\\src\\index.ts","statementMap":{"0":{"start":{"line":1,"column":16},"end":{"line":1,"column":37}},"1":{"start":{"line":2,"column":23},"end":{"line":2,"column":54}},"2":{"start":{"line":3,"column":24},"end":{"line":3,"column":50}},"3":{"start":{"line":4,"column":19},"end":{"line":4,"column":50}},"4":{"start":{"line":5,"column":15},"end":{"line":8,"column":1}},"5":{"start":{"line":6,"column":2},"end":{"line":7,"column":66}},"6":{"start":{"line":7,"column":4},"end":{"line":7,"column":66}},"7":{"start":{"line":9,"column":18},"end":{"line":16,"column":1}},"8":{"start":{"line":10,"column":2},"end":{"line":14,"column":3}},"9":{"start":{"line":11,"column":4},"end":{"line":13,"column":123}},"10":{"start":{"line":12,"column":6},"end":{"line":13,"column":123}},"11":{"start":{"line":13,"column":8},"end":{"line":13,"column":123}},"12":{"start":{"line":13,"column":40},"end":{"line":13,"column":49}},"13":{"start":{"line":15,"column":2},"end":{"line":15,"column":12}},"14":{"start":{"line":17,"column":19},"end":{"line":17,"column":90}},"15":{"start":{"line":17,"column":28},"end":{"line":17,"column":90}},"16":{"start":{"line":18,"column":20},"end":{"line":18,"column":22}},"17":{"start":{"line":19,"column":0},"end":{"line":23,"column":3}},"18":{"start":{"line":20,"column":17},"end":{"line":20,"column":24}},"19":{"start":{"line":21,"column":26},"end":{"line":21,"column":42}},"20":{"start":{"line":22,"column":22},"end":{"line":22,"column":34}},"21":{"start":{"line":24,"column":0},"end":{"line":24,"column":45}},"22":{"start":{"line":25,"column":27},"end":{"line":25,"column":53}},"23":{"start":{"line":26,"column":19},"end":{"line":26,"column":43}},"24":{"start":{"line":27,"column":20},"end":{"line":27,"column":46}},"25":{"start":{"line":28,"column":24},"end":{"line":28,"column":54}},"26":{"start":{"line":29,"column":24},"end":{"line":29,"column":54}},"27":{"start":{"line":30,"column":16},"end":{"line":34,"column":1}},"28":{"start":{"line":30,"column":29},"end":{"line":34,"column":1}},"29":{"start":{"line":35,"column":21},"end":{"line":35,"column":154}},"30":{"start":{"line":35,"column":34},"end":{"line":35,"column":154}},"31":{"start":{"line":36,"column":25},"end":{"line":41,"column":1}},"32":{"start":{"line":37,"column":2},"end":{"line":39,"column":3}},"33":{"start":{"line":38,"column":4},"end":{"line":38,"column":77}},"34":{"start":{"line":40,"column":2},"end":{"line":40,"column":104}}},"fnMap":{"0":{"name":"(anonymous_0)","decl":{"start":{"line":5,"column":15},"end":{"line":5,"column":16}},"loc":{"start":{"line":5,"column":32},"end":{"line":8,"column":1}},"line":5},"1":{"name":"(anonymous_1)","decl":{"start":{"line":9,"column":18},"end":{"line":9,"column":19}},"loc":{"start":{"line":9,"column":46},"end":{"line":16,"column":1}},"line":9},"2":{"name":"(anonymous_2)","decl":{"start":{"line":13,"column":34},"end":{"line":13,"column":35}},"loc":{"start":{"line":13,"column":40},"end":{"line":13,"column":49}},"line":13},"3":{"name":"(anonymous_3)","decl":{"start":{"line":17,"column":19},"end":{"line":17,"column":20}},"loc":{"start":{"line":17,"column":28},"end":{"line":17,"column":90}},"line":17},"4":{"name":"(anonymous_4)","decl":{"start":{"line":20,"column":11},"end":{"line":20,"column":12}},"loc":{"start":{"line":20,"column":17},"end":{"line":20,"column":24}},"line":20},"5":{"name":"(anonymous_5)","decl":{"start":{"line":21,"column":20},"end":{"line":21,"column":21}},"loc":{"start":{"line":21,"column":26},"end":{"line":21,"column":42}},"line":21},"6":{"name":"(anonymous_6)","decl":{"start":{"line":22,"column":16},"end":{"line":22,"column":17}},"loc":{"start":{"line":22,"column":22},"end":{"line":22,"column":34}},"line":22},"7":{"name":"(anonymous_7)","decl":{"start":{"line":30,"column":16},"end":{"line":30,"column":17}},"loc":{"start":{"line":30,"column":29},"end":{"line":34,"column":1}},"line":30},"8":{"name":"(anonymous_8)","decl":{"start":{"line":35,"column":21},"end":{"line":35,"column":22}},"loc":{"start":{"line":35,"column":34},"end":{"line":35,"column":154}},"line":35},"9":{"name":"(anonymous_9)","decl":{"start":{"line":36,"column":25},"end":{"line":36,"column":26}},"loc":{"start":{"line":36,"column":35},"end":{"line":41,"column":1}},"line":36}},"branchMap":{"0":{"loc":{"start":{"line":10,"column":2},"end":{"line":14,"column":3}},"type":"if","locations":[{"start":{"line":10,"column":2},"end":{"line":14,"column":3}},{"start":{},"end":{}}],"line":10},"1":{"loc":{"start":{"line":10,"column":6},"end":{"line":10,"column":68}},"type":"binary-expr","locations":[{"start":{"line":10,"column":6},"end":{"line":10,"column":10}},{"start":{"line":10,"column":14},"end":{"line":10,"column":38}},{"start":{"line":10,"column":42},"end":{"line":10,"column":68}}],"line":10},"2":{"loc":{"start":{"line":12,"column":6},"end":{"line":13,"column":123}},"type":"if","locations":[{"start":{"line":12,"column":6},"end":{"line":13,"column":123}},{"start":{},"end":{}}],"line":12},"3":{"loc":{"start":{"line":12,"column":10},"end":{"line":12,"column":55}},"type":"binary-expr","locations":[{"start":{"line":12,"column":10},"end":{"line":12,"column":37}},{"start":{"line":12,"column":41},"end":{"line":12,"column":55}}],"line":12},"4":{"loc":{"start":{"line":13,"column":63},"end":{"line":13,"column":119}},"type":"binary-expr","locations":[{"start":{"line":13,"column":63},"end":{"line":13,"column":100}},{"start":{"line":13,"column":104},"end":{"line":13,"column":119}}],"line":13},"5":{"loc":{"start":{"line":37,"column":2},"end":{"line":39,"column":3}},"type":"if","locations":[{"start":{"line":37,"column":2},"end":{"line":39,"column":3}},{"start":{},"end":{}}],"line":37}},"s":{"0":1,"1":1,"2":1,"3":1,"4":1,"5":1,"6":3,"7":1,"8":1,"9":1,"10":3,"11":3,"12":1,"13":1,"14":1,"15":1,"16":1,"17":1,"18":1,"19":0,"20":0,"21":1,"22":1,"23":1,"24":1,"25":1,"26":1,"27":1,"28":1,"29":1,"30":0,"31":1,"32":0,"33":0,"34":0},"f":{"0":1,"1":1,"2":1,"3":1,"4":1,"5":0,"6":0,"7":1,"8":0,"9":0},"b":{"0":[1,0],"1":[1,1,0],"2":[3,0],"3":[3,3],"4":[3,3],"5":[0,0]},"inputSourceMap":null,"_coverageSchema":"1a1c01bbd47fc00a2c39e90264f33305004495a9","hash":"f7b62317dc135e4ab6fb84366965100dc72a3f7e"}
,"C:\\Users\\Dernbu\\Documents\\NUS_Modules\\CP3209_UROP\\wabt-parser\\src\\common\\assert.ts": {"path":"C:\\Users\\Dernbu\\Documents\\NUS_Modules\\CP3209_UROP\\wabt-parser\\src\\common\\assert.ts","statementMap":{"0":{"start":{"line":1,"column":16},"end":{"line":1,"column":37}},"1":{"start":{"line":2,"column":23},"end":{"line":2,"column":54}},"2":{"start":{"line":3,"column":24},"end":{"line":3,"column":50}},"3":{"start":{"line":4,"column":19},"end":{"line":4,"column":50}},"4":{"start":{"line":5,"column":15},"end":{"line":8,"column":1}},"5":{"start":{"line":6,"column":2},"end":{"line":7,"column":66}},"6":{"start":{"line":7,"column":4},"end":{"line":7,"column":66}},"7":{"start":{"line":9,"column":18},"end":{"line":16,"column":1}},"8":{"start":{"line":10,"column":2},"end":{"line":14,"column":3}},"9":{"start":{"line":11,"column":4},"end":{"line":13,"column":123}},"10":{"start":{"line":12,"column":6},"end":{"line":13,"column":123}},"11":{"start":{"line":13,"column":8},"end":{"line":13,"column":123}},"12":{"start":{"line":13,"column":40},"end":{"line":13,"column":49}},"13":{"start":{"line":15,"column":2},"end":{"line":15,"column":12}},"14":{"start":{"line":17,"column":19},"end":{"line":17,"column":90}},"15":{"start":{"line":17,"column":28},"end":{"line":17,"column":90}},"16":{"start":{"line":18,"column":20},"end":{"line":18,"column":22}},"17":{"start":{"line":19,"column":0},"end":{"line":21,"column":3}},"18":{"start":{"line":20,"column":16},"end":{"line":20,"column":22}},"19":{"start":{"line":22,"column":0},"end":{"line":22,"column":45}},"20":{"start":{"line":25,"column":4},"end":{"line":25,"column":50}},"21":{"start":{"line":28,"column":15},"end":{"line":32,"column":1}},"22":{"start":{"line":29,"column":2},"end":{"line":31,"column":3}},"23":{"start":{"line":30,"column":4},"end":{"line":30,"column":76}}},"fnMap":{"0":{"name":"(anonymous_0)","decl":{"start":{"line":5,"column":15},"end":{"line":5,"column":16}},"loc":{"start":{"line":5,"column":32},"end":{"line":8,"column":1}},"line":5},"1":{"name":"(anonymous_1)","decl":{"start":{"line":9,"column":18},"end":{"line":9,"column":19}},"loc":{"start":{"line":9,"column":46},"end":{"line":16,"column":1}},"line":9},"2":{"name":"(anonymous_2)","decl":{"start":{"line":13,"column":34},"end":{"line":13,"column":35}},"loc":{"start":{"line":13,"column":40},"end":{"line":13,"column":49}},"line":13},"3":{"name":"(anonymous_3)","decl":{"start":{"line":17,"column":19},"end":{"line":17,"column":20}},"loc":{"start":{"line":17,"column":28},"end":{"line":17,"column":90}},"line":17},"4":{"name":"(anonymous_4)","decl":{"start":{"line":20,"column":10},"end":{"line":20,"column":11}},"loc":{"start":{"line":20,"column":16},"end":{"line":20,"column":22}},"line":20},"5":{"name":"(anonymous_5)","decl":{"start":{"line":24,"column":2},"end":{"line":24,"column":3}},"loc":{"start":{"line":24,"column":32},"end":{"line":26,"column":3}},"line":24},"6":{"name":"(anonymous_6)","decl":{"start":{"line":28,"column":15},"end":{"line":28,"column":16}},"loc":{"start":{"line":28,"column":40},"end":{"line":32,"column":1}},"line":28}},"branchMap":{"0":{"loc":{"start":{"line":10,"column":2},"end":{"line":14,"column":3}},"type":"if","locations":[{"start":{"line":10,"column":2},"end":{"line":14,"column":3}},{"start":{},"end":{}}],"line":10},"1":{"loc":{"start":{"line":10,"column":6},"end":{"line":10,"column":68}},"type":"binary-expr","locations":[{"start":{"line":10,"column":6},"end":{"line":10,"column":10}},{"start":{"line":10,"column":14},"end":{"line":10,"column":38}},{"start":{"line":10,"column":42},"end":{"line":10,"column":68}}],"line":10},"2":{"loc":{"start":{"line":12,"column":6},"end":{"line":13,"column":123}},"type":"if","locations":[{"start":{"line":12,"column":6},"end":{"line":13,"column":123}},{"start":{},"end":{}}],"line":12},"3":{"loc":{"start":{"line":12,"column":10},"end":{"line":12,"column":55}},"type":"binary-expr","locations":[{"start":{"line":12,"column":10},"end":{"line":12,"column":37}},{"start":{"line":12,"column":41},"end":{"line":12,"column":55}}],"line":12},"4":{"loc":{"start":{"line":13,"column":63},"end":{"line":13,"column":119}},"type":"binary-expr","locations":[{"start":{"line":13,"column":63},"end":{"line":13,"column":100}},{"start":{"line":13,"column":104},"end":{"line":13,"column":119}}],"line":13},"5":{"loc":{"start":{"line":29,"column":2},"end":{"line":31,"column":3}},"type":"if","locations":[{"start":{"line":29,"column":2},"end":{"line":31,"column":3}},{"start":{},"end":{}}],"line":29},"6":{"loc":{"start":{"line":30,"column":26},"end":{"line":30,"column":74}},"type":"cond-expr","locations":[{"start":{"line":30,"column":53},"end":{"line":30,"column":69}},{"start":{"line":30,"column":72},"end":{"line":30,"column":74}}],"line":30}},"s":{"0":6,"1":6,"2":6,"3":6,"4":6,"5":6,"6":6,"7":6,"8":6,"9":6,"10":6,"11":6,"12":2488,"13":6,"14":6,"15":6,"16":6,"17":6,"18":2488,"19":6,"20":1,"21":6,"22":2488,"23":1},"f":{"0":6,"1":6,"2":2488,"3":6,"4":2488,"5":1,"6":2488},"b":{"0":[6,0],"1":[6,6,0],"2":[6,0],"3":[6,6],"4":[6,6],"5":[1,2487],"6":[0,1]},"inputSourceMap":null,"_coverageSchema":"1a1c01bbd47fc00a2c39e90264f33305004495a9","hash":"bc35cba35367b198e454cf22796d1170d03bb245"}
,"C:\\Users\\Dernbu\\Documents\\NUS_Modules\\CP3209_UROP\\wabt-parser\\src\\common\\export_types.ts": {"path":"C:\\Users\\Dernbu\\Documents\\NUS_Modules\\CP3209_UROP\\wabt-parser\\src\\common\\export_types.ts","statementMap":{"0":{"start":{"line":1,"column":16},"end":{"line":1,"column":37}},"1":{"start":{"line":2,"column":23},"end":{"line":2,"column":54}},"2":{"start":{"line":3,"column":24},"end":{"line":3,"column":50}},"3":{"start":{"line":4,"column":19},"end":{"line":4,"column":50}},"4":{"start":{"line":5,"column":15},"end":{"line":8,"column":1}},"5":{"start":{"line":6,"column":2},"end":{"line":7,"column":66}},"6":{"start":{"line":7,"column":4},"end":{"line":7,"column":66}},"7":{"start":{"line":9,"column":18},"end":{"line":16,"column":1}},"8":{"start":{"line":10,"column":2},"end":{"line":14,"column":3}},"9":{"start":{"line":11,"column":4},"end":{"line":13,"column":123}},"10":{"start":{"line":12,"column":6},"end":{"line":13,"column":123}},"11":{"start":{"line":13,"column":8},"end":{"line":13,"column":123}},"12":{"start":{"line":13,"column":40},"end":{"line":13,"column":49}},"13":{"start":{"line":15,"column":2},"end":{"line":15,"column":12}},"14":{"start":{"line":17,"column":19},"end":{"line":17,"column":90}},"15":{"start":{"line":17,"column":28},"end":{"line":17,"column":90}},"16":{"start":{"line":18,"column":20},"end":{"line":18,"column":22}},"17":{"start":{"line":19,"column":0},"end":{"line":21,"column":3}},"18":{"start":{"line":20,"column":20},"end":{"line":20,"column":30}},"19":{"start":{"line":22,"column":0},"end":{"line":22,"column":45}},"20":{"start":{"line":23,"column":33},"end":{"line":29,"column":20}},"21":{"start":{"line":24,"column":2},"end":{"line":24,"column":48}},"22":{"start":{"line":25,"column":2},"end":{"line":25,"column":50}},"23":{"start":{"line":26,"column":2},"end":{"line":26,"column":46}},"24":{"start":{"line":27,"column":2},"end":{"line":27,"column":52}},"25":{"start":{"line":28,"column":2},"end":{"line":28,"column":21}},"26":{"start":{"line":30,"column":0},"end":{"line":46,"column":36}},"27":{"start":{"line":32,"column":4},"end":{"line":43,"column":5}},"28":{"start":{"line":34,"column":8},"end":{"line":34,"column":17}},"29":{"start":{"line":36,"column":8},"end":{"line":36,"column":17}},"30":{"start":{"line":38,"column":8},"end":{"line":38,"column":17}},"31":{"start":{"line":40,"column":8},"end":{"line":40,"column":17}},"32":{"start":{"line":42,"column":8},"end":{"line":42,"column":58}},"33":{"start":{"line":45,"column":2},"end":{"line":45,"column":40}}},"fnMap":{"0":{"name":"(anonymous_0)","decl":{"start":{"line":5,"column":15},"end":{"line":5,"column":16}},"loc":{"start":{"line":5,"column":32},"end":{"line":8,"column":1}},"line":5},"1":{"name":"(anonymous_1)","decl":{"start":{"line":9,"column":18},"end":{"line":9,"column":19}},"loc":{"start":{"line":9,"column":46},"end":{"line":16,"column":1}},"line":9},"2":{"name":"(anonymous_2)","decl":{"start":{"line":13,"column":34},"end":{"line":13,"column":35}},"loc":{"start":{"line":13,"column":40},"end":{"line":13,"column":49}},"line":13},"3":{"name":"(anonymous_3)","decl":{"start":{"line":17,"column":19},"end":{"line":17,"column":20}},"loc":{"start":{"line":17,"column":28},"end":{"line":17,"column":90}},"line":17},"4":{"name":"(anonymous_4)","decl":{"start":{"line":20,"column":14},"end":{"line":20,"column":15}},"loc":{"start":{"line":20,"column":20},"end":{"line":20,"column":30}},"line":20},"5":{"name":"(anonymous_5)","decl":{"start":{"line":23,"column":34},"end":{"line":23,"column":35}},"loc":{"start":{"line":23,"column":51},"end":{"line":29,"column":1}},"line":23},"6":{"name":"(anonymous_6)","decl":{"start":{"line":30,"column":1},"end":{"line":30,"column":2}},"loc":{"start":{"line":30,"column":18},"end":{"line":46,"column":1}},"line":30},"7":{"name":"getEncoding","decl":{"start":{"line":31,"column":11},"end":{"line":31,"column":22}},"loc":{"start":{"line":31,"column":26},"end":{"line":44,"column":3}},"line":31}},"branchMap":{"0":{"loc":{"start":{"line":10,"column":2},"end":{"line":14,"column":3}},"type":"if","locations":[{"start":{"line":10,"column":2},"end":{"line":14,"column":3}},{"start":{},"end":{}}],"line":10},"1":{"loc":{"start":{"line":10,"column":6},"end":{"line":10,"column":68}},"type":"binary-expr","locations":[{"start":{"line":10,"column":6},"end":{"line":10,"column":10}},{"start":{"line":10,"column":14},"end":{"line":10,"column":38}},{"start":{"line":10,"column":42},"end":{"line":10,"column":68}}],"line":10},"2":{"loc":{"start":{"line":12,"column":6},"end":{"line":13,"column":123}},"type":"if","locations":[{"start":{"line":12,"column":6},"end":{"line":13,"column":123}},{"start":{},"end":{}}],"line":12},"3":{"loc":{"start":{"line":12,"column":10},"end":{"line":12,"column":55}},"type":"binary-expr","locations":[{"start":{"line":12,"column":10},"end":{"line":12,"column":37}},{"start":{"line":12,"column":41},"end":{"line":12,"column":55}}],"line":12},"4":{"loc":{"start":{"line":13,"column":63},"end":{"line":13,"column":119}},"type":"binary-expr","locations":[{"start":{"line":13,"column":63},"end":{"line":13,"column":100}},{"start":{"line":13,"column":104},"end":{"line":13,"column":119}}],"line":13},"5":{"loc":{"start":{"line":29,"column":3},"end":{"line":29,"column":19}},"type":"binary-expr","locations":[{"start":{"line":29,"column":3},"end":{"line":29,"column":13}},{"start":{"line":29,"column":17},"end":{"line":29,"column":19}}],"line":29},"6":{"loc":{"start":{"line":32,"column":4},"end":{"line":43,"column":5}},"type":"switch","locations":[{"start":{"line":33,"column":6},"end":{"line":34,"column":17}},{"start":{"line":35,"column":6},"end":{"line":36,"column":17}},{"start":{"line":37,"column":6},"end":{"line":38,"column":17}},{"start":{"line":39,"column":6},"end":{"line":40,"column":17}},{"start":{"line":41,"column":6},"end":{"line":42,"column":58}}],"line":32},"7":{"loc":{"start":{"line":46,"column":3},"end":{"line":46,"column":34}},"type":"binary-expr","locations":[{"start":{"line":46,"column":3},"end":{"line":46,"column":13}},{"start":{"line":46,"column":18},"end":{"line":46,"column":33}}],"line":46}},"s":{"0":6,"1":6,"2":6,"3":6,"4":6,"5":6,"6":6,"7":6,"8":6,"9":6,"10":6,"11":6,"12":30,"13":6,"14":6,"15":6,"16":6,"17":6,"18":30,"19":6,"20":6,"21":6,"22":6,"23":6,"24":6,"25":6,"26":6,"27":13,"28":13,"29":0,"30":0,"31":0,"32":0,"33":6},"f":{"0":6,"1":6,"2":30,"3":6,"4":30,"5":6,"6":6,"7":13},"b":{"0":[6,0],"1":[6,6,0],"2":[6,0],"3":[6,6],"4":[6,6],"5":[6,6],"6":[13,0,0,0,0],"7":[6,0]},"inputSourceMap":null,"_coverageSchema":"1a1c01bbd47fc00a2c39e90264f33305004495a9","hash":"5505e1df9ae49f59e04de2899f8270e389033864"}
,"C:\\Users\\Dernbu\\Documents\\NUS_Modules\\CP3209_UROP\\wabt-parser\\src\\common\\keywords.ts": {"path":"C:\\Users\\Dernbu\\Documents\\NUS_Modules\\CP3209_UROP\\wabt-parser\\src\\common\\keywords.ts","statementMap":{"0":{"start":{"line":1,"column":16},"end":{"line":1,"column":37}},"1":{"start":{"line":2,"column":23},"end":{"line":2,"column":54}},"2":{"start":{"line":3,"column":24},"end":{"line":3,"column":50}},"3":{"start":{"line":4,"column":19},"end":{"line":4,"column":50}},"4":{"start":{"line":5,"column":15},"end":{"line":8,"column":1}},"5":{"start":{"line":6,"column":2},"end":{"line":7,"column":66}},"6":{"start":{"line":7,"column":4},"end":{"line":7,"column":66}},"7":{"start":{"line":9,"column":18},"end":{"line":16,"column":1}},"8":{"start":{"line":10,"column":2},"end":{"line":14,"column":3}},"9":{"start":{"line":11,"column":4},"end":{"line":13,"column":123}},"10":{"start":{"line":12,"column":6},"end":{"line":13,"column":123}},"11":{"start":{"line":13,"column":8},"end":{"line":13,"column":123}},"12":{"start":{"line":13,"column":40},"end":{"line":13,"column":49}},"13":{"start":{"line":15,"column":2},"end":{"line":15,"column":12}},"14":{"start":{"line":17,"column":19},"end":{"line":17,"column":90}},"15":{"start":{"line":17,"column":28},"end":{"line":17,"column":90}},"16":{"start":{"line":18,"column":20},"end":{"line":18,"column":22}},"17":{"start":{"line":19,"column":0},"end":{"line":25,"column":3}},"18":{"start":{"line":20,"column":23},"end":{"line":20,"column":36}},"19":{"start":{"line":21,"column":22},"end":{"line":21,"column":34}},"20":{"start":{"line":22,"column":17},"end":{"line":22,"column":24}},"21":{"start":{"line":23,"column":19},"end":{"line":23,"column":28}},"22":{"start":{"line":24,"column":18},"end":{"line":24,"column":26}},"23":{"start":{"line":26,"column":0},"end":{"line":26,"column":45}},"24":{"start":{"line":27,"column":20},"end":{"line":27,"column":39}},"25":{"start":{"line":28,"column":19},"end":{"line":28,"column":37}},"26":{"start":{"line":29,"column":18},"end":{"line":29,"column":35}},"27":{"start":{"line":30,"column":17},"end":{"line":621,"column":1}},"28":{"start":{"line":623,"column":2},"end":{"line":623,"column":25}},"29":{"start":{"line":626,"column":2},"end":{"line":626,"column":26}},"30":{"start":{"line":629,"column":2},"end":{"line":629,"column":26}},"31":{"start":{"line":632,"column":2},"end":{"line":632,"column":26}}},"fnMap":{"0":{"name":"(anonymous_0)","decl":{"start":{"line":5,"column":15},"end":{"line":5,"column":16}},"loc":{"start":{"line":5,"column":32},"end":{"line":8,"column":1}},"line":5},"1":{"name":"(anonymous_1)","decl":{"start":{"line":9,"column":18},"end":{"line":9,"column":19}},"loc":{"start":{"line":9,"column":46},"end":{"line":16,"column":1}},"line":9},"2":{"name":"(anonymous_2)","decl":{"start":{"line":13,"column":34},"end":{"line":13,"column":35}},"loc":{"start":{"line":13,"column":40},"end":{"line":13,"column":49}},"line":13},"3":{"name":"(anonymous_3)","decl":{"start":{"line":17,"column":19},"end":{"line":17,"column":20}},"loc":{"start":{"line":17,"column":28},"end":{"line":17,"column":90}},"line":17},"4":{"name":"(anonymous_4)","decl":{"start":{"line":20,"column":17},"end":{"line":20,"column":18}},"loc":{"start":{"line":20,"column":23},"end":{"line":20,"column":36}},"line":20},"5":{"name":"(anonymous_5)","decl":{"start":{"line":21,"column":16},"end":{"line":21,"column":17}},"loc":{"start":{"line":21,"column":22},"end":{"line":21,"column":34}},"line":21},"6":{"name":"(anonymous_6)","decl":{"start":{"line":22,"column":11},"end":{"line":22,"column":12}},"loc":{"start":{"line":22,"column":17},"end":{"line":22,"column":24}},"line":22},"7":{"name":"(anonymous_7)","decl":{"start":{"line":23,"column":13},"end":{"line":23,"column":14}},"loc":{"start":{"line":23,"column":19},"end":{"line":23,"column":28}},"line":23},"8":{"name":"(anonymous_8)","decl":{"start":{"line":24,"column":12},"end":{"line":24,"column":13}},"loc":{"start":{"line":24,"column":18},"end":{"line":24,"column":26}},"line":24},"9":{"name":"isKeyWord","decl":{"start":{"line":622,"column":9},"end":{"line":622,"column":18}},"loc":{"start":{"line":622,"column":24},"end":{"line":624,"column":1}},"line":622},"10":{"name":"getType","decl":{"start":{"line":625,"column":9},"end":{"line":625,"column":16}},"loc":{"start":{"line":625,"column":22},"end":{"line":627,"column":1}},"line":625},"11":{"name":"getTokenType","decl":{"start":{"line":628,"column":9},"end":{"line":628,"column":21}},"loc":{"start":{"line":628,"column":27},"end":{"line":630,"column":1}},"line":628},"12":{"name":"getOpcodeType","decl":{"start":{"line":631,"column":9},"end":{"line":631,"column":22}},"loc":{"start":{"line":631,"column":28},"end":{"line":633,"column":1}},"line":631}},"branchMap":{"0":{"loc":{"start":{"line":10,"column":2},"end":{"line":14,"column":3}},"type":"if","locations":[{"start":{"line":10,"column":2},"end":{"line":14,"column":3}},{"start":{},"end":{}}],"line":10},"1":{"loc":{"start":{"line":10,"column":6},"end":{"line":10,"column":68}},"type":"binary-expr","locations":[{"start":{"line":10,"column":6},"end":{"line":10,"column":10}},{"start":{"line":10,"column":14},"end":{"line":10,"column":38}},{"start":{"line":10,"column":42},"end":{"line":10,"column":68}}],"line":10},"2":{"loc":{"start":{"line":12,"column":6},"end":{"line":13,"column":123}},"type":"if","locations":[{"start":{"line":12,"column":6},"end":{"line":13,"column":123}},{"start":{},"end":{}}],"line":12},"3":{"loc":{"start":{"line":12,"column":10},"end":{"line":12,"column":55}},"type":"binary-expr","locations":[{"start":{"line":12,"column":10},"end":{"line":12,"column":37}},{"start":{"line":12,"column":41},"end":{"line":12,"column":55}}],"line":12},"4":{"loc":{"start":{"line":13,"column":63},"end":{"line":13,"column":119}},"type":"binary-expr","locations":[{"start":{"line":13,"column":63},"end":{"line":13,"column":100}},{"start":{"line":13,"column":104},"end":{"line":13,"column":119}}],"line":13}},"s":{"0":3,"1":3,"2":3,"3":3,"4":3,"5":3,"6":15,"7":3,"8":3,"9":3,"10":15,"11":15,"12":684,"13":3,"14":3,"15":3,"16":3,"17":3,"18":171,"19":171,"20":171,"21":171,"22":0,"23":3,"24":3,"25":3,"26":3,"27":3,"28":171,"29":171,"30":171,"31":171},"f":{"0":3,"1":3,"2":684,"3":3,"4":171,"5":171,"6":171,"7":171,"8":0,"9":171,"10":171,"11":171,"12":171},"b":{"0":[3,0],"1":[3,3,0],"2":[15,0],"3":[15,15],"4":[15,15]},"inputSourceMap":null,"_coverageSchema":"1a1c01bbd47fc00a2c39e90264f33305004495a9","hash":"43287b854b5747e190e1a5ccd791fe75fd547489"}
,"C:\\Users\\Dernbu\\Documents\\NUS_Modules\\CP3209_UROP\\wabt-parser\\src\\common\\literal.ts": {"path":"C:\\Users\\Dernbu\\Documents\\NUS_Modules\\CP3209_UROP\\wabt-parser\\src\\common\\literal.ts","statementMap":{"0":{"start":{"line":1,"column":16},"end":{"line":1,"column":37}},"1":{"start":{"line":2,"column":23},"end":{"line":2,"column":54}},"2":{"start":{"line":3,"column":24},"end":{"line":3,"column":50}},"3":{"start":{"line":4,"column":19},"end":{"line":4,"column":50}},"4":{"start":{"line":5,"column":15},"end":{"line":8,"column":1}},"5":{"start":{"line":6,"column":2},"end":{"line":7,"column":66}},"6":{"start":{"line":7,"column":4},"end":{"line":7,"column":66}},"7":{"start":{"line":9,"column":18},"end":{"line":16,"column":1}},"8":{"start":{"line":10,"column":2},"end":{"line":14,"column":3}},"9":{"start":{"line":11,"column":4},"end":{"line":13,"column":123}},"10":{"start":{"line":12,"column":6},"end":{"line":13,"column":123}},"11":{"start":{"line":13,"column":8},"end":{"line":13,"column":123}},"12":{"start":{"line":13,"column":40},"end":{"line":13,"column":49}},"13":{"start":{"line":15,"column":2},"end":{"line":15,"column":12}},"14":{"start":{"line":17,"column":19},"end":{"line":17,"column":90}},"15":{"start":{"line":17,"column":28},"end":{"line":17,"column":90}},"16":{"start":{"line":18,"column":20},"end":{"line":18,"column":22}},"17":{"start":{"line":19,"column":0},"end":{"line":22,"column":3}},"18":{"start":{"line":20,"column":21},"end":{"line":20,"column":32}},"19":{"start":{"line":21,"column":23},"end":{"line":21,"column":36}},"20":{"start":{"line":23,"column":0},"end":{"line":23,"column":45}},"21":{"start":{"line":24,"column":20},"end":{"line":24,"column":39}},"22":{"start":{"line":26,"column":2},"end":{"line":26,"column":44}},"23":{"start":{"line":27,"column":2},"end":{"line":57,"column":3}},"24":{"start":{"line":38,"column":6},"end":{"line":38,"column":32}},"25":{"start":{"line":41,"column":6},"end":{"line":41,"column":16}},"26":{"start":{"line":44,"column":6},"end":{"line":44,"column":16}},"27":{"start":{"line":47,"column":6},"end":{"line":47,"column":16}},"28":{"start":{"line":50,"column":6},"end":{"line":50,"column":16}},"29":{"start":{"line":53,"column":6},"end":{"line":53,"column":16}},"30":{"start":{"line":56,"column":6},"end":{"line":56,"column":16}},"31":{"start":{"line":58,"column":2},"end":{"line":58,"column":44}},"32":{"start":{"line":60,"column":34},"end":{"line":67,"column":21}},"33":{"start":{"line":61,"column":2},"end":{"line":61,"column":48}},"34":{"start":{"line":62,"column":2},"end":{"line":62,"column":52}},"35":{"start":{"line":63,"column":2},"end":{"line":63,"column":58}},"36":{"start":{"line":64,"column":2},"end":{"line":64,"column":58}},"37":{"start":{"line":65,"column":2},"end":{"line":65,"column":48}},"38":{"start":{"line":66,"column":2},"end":{"line":66,"column":22}}},"fnMap":{"0":{"name":"(anonymous_0)","decl":{"start":{"line":5,"column":15},"end":{"line":5,"column":16}},"loc":{"start":{"line":5,"column":32},"end":{"line":8,"column":1}},"line":5},"1":{"name":"(anonymous_1)","decl":{"start":{"line":9,"column":18},"end":{"line":9,"column":19}},"loc":{"start":{"line":9,"column":46},"end":{"line":16,"column":1}},"line":9},"2":{"name":"(anonymous_2)","decl":{"start":{"line":13,"column":34},"end":{"line":13,"column":35}},"loc":{"start":{"line":13,"column":40},"end":{"line":13,"column":49}},"line":13},"3":{"name":"(anonymous_3)","decl":{"start":{"line":17,"column":19},"end":{"line":17,"column":20}},"loc":{"start":{"line":17,"column":28},"end":{"line":17,"column":90}},"line":17},"4":{"name":"(anonymous_4)","decl":{"start":{"line":20,"column":15},"end":{"line":20,"column":16}},"loc":{"start":{"line":20,"column":21},"end":{"line":20,"column":32}},"line":20},"5":{"name":"(anonymous_5)","decl":{"start":{"line":21,"column":17},"end":{"line":21,"column":18}},"loc":{"start":{"line":21,"column":23},"end":{"line":21,"column":36}},"line":21},"6":{"name":"parseHexdigit","decl":{"start":{"line":25,"column":9},"end":{"line":25,"column":22}},"loc":{"start":{"line":25,"column":26},"end":{"line":59,"column":1}},"line":25},"7":{"name":"(anonymous_7)","decl":{"start":{"line":60,"column":35},"end":{"line":60,"column":36}},"loc":{"start":{"line":60,"column":53},"end":{"line":67,"column":1}},"line":60}},"branchMap":{"0":{"loc":{"start":{"line":10,"column":2},"end":{"line":14,"column":3}},"type":"if","locations":[{"start":{"line":10,"column":2},"end":{"line":14,"column":3}},{"start":{},"end":{}}],"line":10},"1":{"loc":{"start":{"line":10,"column":6},"end":{"line":10,"column":68}},"type":"binary-expr","locations":[{"start":{"line":10,"column":6},"end":{"line":10,"column":10}},{"start":{"line":10,"column":14},"end":{"line":10,"column":38}},{"start":{"line":10,"column":42},"end":{"line":10,"column":68}}],"line":10},"2":{"loc":{"start":{"line":12,"column":6},"end":{"line":13,"column":123}},"type":"if","locations":[{"start":{"line":12,"column":6},"end":{"line":13,"column":123}},{"start":{},"end":{}}],"line":12},"3":{"loc":{"start":{"line":12,"column":10},"end":{"line":12,"column":55}},"type":"binary-expr","locations":[{"start":{"line":12,"column":10},"end":{"line":12,"column":37}},{"start":{"line":12,"column":41},"end":{"line":12,"column":55}}],"line":12},"4":{"loc":{"start":{"line":13,"column":63},"end":{"line":13,"column":119}},"type":"binary-expr","locations":[{"start":{"line":13,"column":63},"end":{"line":13,"column":100}},{"start":{"line":13,"column":104},"end":{"line":13,"column":119}}],"line":13},"5":{"loc":{"start":{"line":27,"column":2},"end":{"line":57,"column":3}},"type":"switch","locations":[{"start":{"line":28,"column":4},"end":{"line":28,"column":13}},{"start":{"line":29,"column":4},"end":{"line":29,"column":13}},{"start":{"line":30,"column":4},"end":{"line":30,"column":13}},{"start":{"line":31,"column":4},"end":{"line":31,"column":13}},{"start":{"line":32,"column":4},"end":{"line":32,"column":13}},{"start":{"line":33,"column":4},"end":{"line":33,"column":13}},{"start":{"line":34,"column":4},"end":{"line":34,"column":13}},{"start":{"line":35,"column":4},"end":{"line":35,"column":13}},{"start":{"line":36,"column":4},"end":{"line":36,"column":13}},{"start":{"line":37,"column":4},"end":{"line":38,"column":32}},{"start":{"line":39,"column":4},"end":{"line":39,"column":13}},{"start":{"line":40,"column":4},"end":{"line":41,"column":16}},{"start":{"line":42,"column":4},"end":{"line":42,"column":13}},{"start":{"line":43,"column":4},"end":{"line":44,"column":16}},{"start":{"line":45,"column":4},"end":{"line":45,"column":13}},{"start":{"line":46,"column":4},"end":{"line":47,"column":16}},{"start":{"line":48,"column":4},"end":{"line":48,"column":13}},{"start":{"line":49,"column":4},"end":{"line":50,"column":16}},{"start":{"line":51,"column":4},"end":{"line":51,"column":13}},{"start":{"line":52,"column":4},"end":{"line":53,"column":16}},{"start":{"line":54,"column":4},"end":{"line":54,"column":13}},{"start":{"line":55,"column":4},"end":{"line":56,"column":16}}],"line":27},"6":{"loc":{"start":{"line":67,"column":3},"end":{"line":67,"column":20}},"type":"binary-expr","locations":[{"start":{"line":67,"column":3},"end":{"line":67,"column":14}},{"start":{"line":67,"column":18},"end":{"line":67,"column":20}}],"line":67}},"s":{"0":3,"1":3,"2":3,"3":3,"4":3,"5":3,"6":6,"7":3,"8":3,"9":3,"10":6,"11":6,"12":35,"13":3,"14":3,"15":3,"16":3,"17":3,"18":35,"19":0,"20":3,"21":3,"22":0,"23":0,"24":0,"25":0,"26":0,"27":0,"28":0,"29":0,"30":0,"31":0,"32":3,"33":3,"34":3,"35":3,"36":3,"37":3,"38":3},"f":{"0":3,"1":3,"2":35,"3":3,"4":35,"5":0,"6":0,"7":3},"b":{"0":[3,0],"1":[3,3,0],"2":[6,0],"3":[6,6],"4":[6,6],"5":[0,0,0,0,0,0,0,0,0,0,0,0,0,0,0,0,0,0,0,0,0,0],"6":[3,3]},"inputSourceMap":null,"_coverageSchema":"1a1c01bbd47fc00a2c39e90264f33305004495a9","hash":"275f90714d70f073a2e07808e3a67aea4288cad2"}
,"C:\\Users\\Dernbu\\Documents\\NUS_Modules\\CP3209_UROP\\wabt-parser\\src\\common\\opcode.ts": {"path":"C:\\Users\\Dernbu\\Documents\\NUS_Modules\\CP3209_UROP\\wabt-parser\\src\\common\\opcode.ts","statementMap":{"0":{"start":{"line":1,"column":16},"end":{"line":1,"column":37}},"1":{"start":{"line":2,"column":23},"end":{"line":2,"column":54}},"2":{"start":{"line":3,"column":24},"end":{"line":3,"column":50}},"3":{"start":{"line":4,"column":19},"end":{"line":4,"column":50}},"4":{"start":{"line":5,"column":15},"end":{"line":8,"column":1}},"5":{"start":{"line":6,"column":2},"end":{"line":7,"column":66}},"6":{"start":{"line":7,"column":4},"end":{"line":7,"column":66}},"7":{"start":{"line":9,"column":18},"end":{"line":16,"column":1}},"8":{"start":{"line":10,"column":2},"end":{"line":14,"column":3}},"9":{"start":{"line":11,"column":4},"end":{"line":13,"column":123}},"10":{"start":{"line":12,"column":6},"end":{"line":13,"column":123}},"11":{"start":{"line":13,"column":8},"end":{"line":13,"column":123}},"12":{"start":{"line":13,"column":40},"end":{"line":13,"column":49}},"13":{"start":{"line":15,"column":2},"end":{"line":15,"column":12}},"14":{"start":{"line":17,"column":19},"end":{"line":17,"column":90}},"15":{"start":{"line":17,"column":28},"end":{"line":17,"column":90}},"16":{"start":{"line":18,"column":20},"end":{"line":18,"column":22}},"17":{"start":{"line":19,"column":0},"end":{"line":23,"column":3}},"18":{"start":{"line":20,"column":16},"end":{"line":20,"column":22}},"19":{"start":{"line":21,"column":20},"end":{"line":21,"column":30}},"20":{"start":{"line":22,"column":20},"end":{"line":22,"column":30}},"21":{"start":{"line":24,"column":0},"end":{"line":24,"column":45}},"22":{"start":{"line":25,"column":18},"end":{"line":25,"column":35}},"23":{"start":{"line":26,"column":33},"end":{"line":569,"column":20}},"24":{"start":{"line":27,"column":2},"end":{"line":27,"column":62}},"25":{"start":{"line":28,"column":2},"end":{"line":28,"column":46}},"26":{"start":{"line":29,"column":2},"end":{"line":29,"column":50}},"27":{"start":{"line":30,"column":2},"end":{"line":30,"column":48}},"28":{"start":{"line":31,"column":2},"end":{"line":31,"column":44}},"29":{"start":{"line":32,"column":2},"end":{"line":32,"column":48}},"30":{"start":{"line":33,"column":2},"end":{"line":33,"column":46}},"31":{"start":{"line":34,"column":2},"end":{"line":34,"column":50}},"32":{"start":{"line":35,"column":2},"end":{"line":35,"column":50}},"33":{"start":{"line":36,"column":2},"end":{"line":36,"column":54}},"34":{"start":{"line":37,"column":2},"end":{"line":37,"column":47}},"35":{"start":{"line":38,"column":2},"end":{"line":38,"column":45}},"36":{"start":{"line":39,"column":2},"end":{"line":39,"column":49}},"37":{"start":{"line":40,"column":2},"end":{"line":40,"column":55}},"38":{"start":{"line":41,"column":2},"end":{"line":41,"column":53}},"39":{"start":{"line":42,"column":2},"end":{"line":42,"column":49}},"40":{"start":{"line":43,"column":2},"end":{"line":43,"column":65}},"41":{"start":{"line":44,"column":2},"end":{"line":44,"column":61}},"42":{"start":{"line":45,"column":2},"end":{"line":45,"column":77}},"43":{"start":{"line":46,"column":2},"end":{"line":46,"column":55}},"44":{"start":{"line":47,"column":2},"end":{"line":47,"column":57}},"45":{"start":{"line":48,"column":2},"end":{"line":48,"column":57}},"46":{"start":{"line":49,"column":2},"end":{"line":49,"column":49}},"47":{"start":{"line":50,"column":2},"end":{"line":50,"column":53}},"48":{"start":{"line":51,"column":2},"end":{"line":51,"column":55}},"49":{"start":{"line":52,"column":2},"end":{"line":52,"column":57}},"50":{"start":{"line":53,"column":2},"end":{"line":53,"column":57}},"51":{"start":{"line":54,"column":2},"end":{"line":54,"column":57}},"52":{"start":{"line":55,"column":2},"end":{"line":55,"column":59}},"53":{"start":{"line":56,"column":2},"end":{"line":56,"column":59}},"54":{"start":{"line":57,"column":2},"end":{"line":57,"column":55}},"55":{"start":{"line":58,"column":2},"end":{"line":58,"column":55}},"56":{"start":{"line":59,"column":2},"end":{"line":59,"column":55}},"57":{"start":{"line":60,"column":2},"end":{"line":60,"column":55}},"58":{"start":{"line":61,"column":2},"end":{"line":61,"column":59}},"59":{"start":{"line":62,"column":2},"end":{"line":62,"column":59}},"60":{"start":{"line":63,"column":2},"end":{"line":63,"column":61}},"61":{"start":{"line":64,"column":2},"end":{"line":64,"column":61}},"62":{"start":{"line":65,"column":2},"end":{"line":65,"column":59}},"63":{"start":{"line":66,"column":2},"end":{"line":66,"column":59}},"64":{"start":{"line":67,"column":2},"end":{"line":67,"column":61}},"65":{"start":{"line":68,"column":2},"end":{"line":68,"column":61}},"66":{"start":{"line":69,"column":2},"end":{"line":69,"column":61}},"67":{"start":{"line":70,"column":2},"end":{"line":70,"column":61}},"68":{"start":{"line":71,"column":2},"end":{"line":71,"column":57}},"69":{"start":{"line":72,"column":2},"end":{"line":72,"column":57}},"70":{"start":{"line":73,"column":2},"end":{"line":73,"column":57}},"71":{"start":{"line":74,"column":2},"end":{"line":74,"column":57}},"72":{"start":{"line":75,"column":2},"end":{"line":75,"column":59}},"73":{"start":{"line":76,"column":2},"end":{"line":76,"column":61}},"74":{"start":{"line":77,"column":2},"end":{"line":77,"column":59}},"75":{"start":{"line":78,"column":2},"end":{"line":78,"column":61}},"76":{"start":{"line":79,"column":2},"end":{"line":79,"column":61}},"77":{"start":{"line":80,"column":2},"end":{"line":80,"column":61}},"78":{"start":{"line":81,"column":2},"end":{"line":81,"column":61}},"79":{"start":{"line":82,"column":2},"end":{"line":82,"column":57}},"80":{"start":{"line":83,"column":2},"end":{"line":83,"column":57}},"81":{"start":{"line":84,"column":2},"end":{"line":84,"column":57}},"82":{"start":{"line":85,"column":2},"end":{"line":85,"column":57}},"83":{"start":{"line":86,"column":2},"end":{"line":86,"column":53}},"84":{"start":{"line":87,"column":2},"end":{"line":87,"column":51}},"85":{"start":{"line":88,"column":2},"end":{"line":88,"column":51}},"86":{"start":{"line":89,"column":2},"end":{"line":89,"column":53}},"87":{"start":{"line":90,"column":2},"end":{"line":90,"column":53}},"88":{"start":{"line":91,"column":2},"end":{"line":91,"column":53}},"89":{"start":{"line":92,"column":2},"end":{"line":92,"column":53}},"90":{"start":{"line":93,"column":2},"end":{"line":93,"column":53}},"91":{"start":{"line":94,"column":2},"end":{"line":94,"column":53}},"92":{"start":{"line":95,"column":2},"end":{"line":95,"column":53}},"93":{"start":{"line":96,"column":2},"end":{"line":96,"column":53}},"94":{"start":{"line":97,"column":2},"end":{"line":97,"column":53}},"95":{"start":{"line":98,"column":2},"end":{"line":98,"column":51}},"96":{"start":{"line":99,"column":2},"end":{"line":99,"column":51}},"97":{"start":{"line":100,"column":2},"end":{"line":100,"column":53}},"98":{"start":{"line":101,"column":2},"end":{"line":101,"column":53}},"99":{"start":{"line":102,"column":2},"end":{"line":102,"column":53}},"100":{"start":{"line":103,"column":2},"end":{"line":103,"column":53}},"101":{"start":{"line":104,"column":2},"end":{"line":104,"column":53}},"102":{"start":{"line":105,"column":2},"end":{"line":105,"column":53}},"103":{"start":{"line":106,"column":2},"end":{"line":106,"column":53}},"104":{"start":{"line":107,"column":2},"end":{"line":107,"column":53}},"105":{"start":{"line":108,"column":2},"end":{"line":108,"column":51}},"106":{"start":{"line":109,"column":2},"end":{"line":109,"column":51}},"107":{"start":{"line":110,"column":2},"end":{"line":110,"column":51}},"108":{"start":{"line":111,"column":2},"end":{"line":111,"column":51}},"109":{"start":{"line":112,"column":2},"end":{"line":112,"column":51}},"110":{"start":{"line":113,"column":2},"end":{"line":113,"column":51}},"111":{"start":{"line":114,"column":2},"end":{"line":114,"column":51}},"112":{"start":{"line":115,"column":2},"end":{"line":115,"column":51}},"113":{"start":{"line":116,"column":2},"end":{"line":116,"column":51}},"114":{"start":{"line":117,"column":2},"end":{"line":117,"column":51}},"115":{"start":{"line":118,"column":2},"end":{"line":118,"column":51}},"116":{"start":{"line":119,"column":2},"end":{"line":119,"column":51}},"117":{"start":{"line":120,"column":2},"end":{"line":120,"column":53}},"118":{"start":{"line":121,"column":2},"end":{"line":121,"column":53}},"119":{"start":{"line":122,"column":2},"end":{"line":122,"column":59}},"120":{"start":{"line":123,"column":2},"end":{"line":123,"column":53}},"121":{"start":{"line":124,"column":2},"end":{"line":124,"column":53}},"122":{"start":{"line":125,"column":2},"end":{"line":125,"column":53}},"123":{"start":{"line":126,"column":2},"end":{"line":126,"column":55}},"124":{"start":{"line":127,"column":2},"end":{"line
[...]
n":24},"end":{"line":22,"column":38}},"21":{"start":{"line":23,"column":21},"end":{"line":23,"column":32}},"22":{"start":{"line":24,"column":22},"end":{"line":24,"column":34}},"23":{"start":{"line":26,"column":0},"end":{"line":26,"column":45}},"24":{"start":{"line":27,"column":20},"end":{"line":27,"column":54}},"25":{"start":{"line":28,"column":20},"end":{"line":28,"column":54}},"26":{"start":{"line":29,"column":19},"end":{"line":29,"column":52}},"27":{"start":{"line":30,"column":18},"end":{"line":30,"column":50}},"28":{"start":{"line":32,"column":0},"end":{"line":54,"column":34}},"29":{"start":{"line":34,"column":4},"end":{"line":42,"column":6}},"30":{"start":{"line":44,"column":2},"end":{"line":44,"column":31}},"31":{"start":{"line":46,"column":4},"end":{"line":51,"column":6}},"32":{"start":{"line":53,"column":2},"end":{"line":53,"column":35}},"33":{"start":{"line":56,"column":0},"end":{"line":177,"column":40}},"34":{"start":{"line":57,"column":2},"end":{"line":57,"column":63}},"35":{"start":{"line":57,"column":41},"end":{"line":57,"column":62}},"36":{"start":{"line":58,"column":2},"end":{"line":66,"column":4}},"37":{"start":{"line":59,"column":4},"end":{"line":59,"column":51}},"38":{"start":{"line":60,"column":4},"end":{"line":65,"column":6}},"39":{"start":{"line":67,"column":2},"end":{"line":67,"column":65}},"40":{"start":{"line":67,"column":41},"end":{"line":67,"column":64}},"41":{"start":{"line":68,"column":2},"end":{"line":76,"column":4}},"42":{"start":{"line":69,"column":4},"end":{"line":69,"column":69}},"43":{"start":{"line":70,"column":4},"end":{"line":75,"column":6}},"44":{"start":{"line":77,"column":2},"end":{"line":77,"column":66}},"45":{"start":{"line":77,"column":42},"end":{"line":77,"column":65}},"46":{"start":{"line":78,"column":2},"end":{"line":86,"column":4}},"47":{"start":{"line":79,"column":4},"end":{"line":79,"column":70}},"48":{"start":{"line":80,"column":4},"end":{"line":85,"column":6}},"49":{"start":{"line":87,"column":2},"end":{"line":92,"column":4}},"50":{"start":{"line":93,"column":2},"end":{"line":98,"column":4}},"51":{"start":{"line":99,"column":2},"end":{"line":104,"column":4}},"52":{"start":{"line":105,"column":2},"end":{"line":110,"column":4}},"53":{"start":{"line":111,"column":2},"end":{"line":116,"column":4}},"54":{"start":{"line":117,"column":2},"end":{"line":122,"column":4}},"55":{"start":{"line":123,"column":2},"end":{"line":128,"column":4}},"56":{"start":{"line":129,"column":2},"end":{"line":134,"column":4}},"57":{"start":{"line":135,"column":2},"end":{"line":140,"column":4}},"58":{"start":{"line":141,"column":2},"end":{"line":146,"column":4}},"59":{"start":{"line":147,"column":2},"end":{"line":152,"column":4}},"60":{"start":{"line":153,"column":2},"end":{"line":158,"column":4}},"61":{"start":{"line":159,"column":2},"end":{"line":164,"column":4}},"62":{"start":{"line":165,"column":2},"end":{"line":170,"column":4}},"63":{"start":{"line":171,"column":2},"end":{"line":176,"column":4}},"64":{"start":{"line":178,"column":23},"end":{"line":194,"column":1}},"65":{"start":{"line":196,"column":2},"end":{"line":198,"column":3}},"66":{"start":{"line":197,"column":4},"end":{"line":197,"column":61}},"67":{"start":{"line":199,"column":2},"end":{"line":201,"column":3}},"68":{"start":{"line":200,"column":4},"end":{"line":200,"column":44}},"69":{"start":{"line":202,"column":2},"end":{"line":204,"column":3}},"70":{"start":{"line":203,"column":4},"end":{"line":203,"column":45}},"71":{"start":{"line":205,"column":16},"end":{"line":205,"column":38}},"72":{"start":{"line":206,"column":2},"end":{"line":208,"column":3}},"73":{"start":{"line":207,"column":4},"end":{"line":207,"column":54}},"74":{"start":{"line":209,"column":2},"end":{"line":209,"column":15}},"75":{"start":{"line":212,"column":2},"end":{"line":212,"column":57}},"76":{"start":{"line":215,"column":2},"end":{"line":215,"column":132}},"77":{"start":{"line":218,"column":2},"end":{"line":218,"column":116}}},"fnMap":{"0":{"name":"(anonymous_0)","decl":{"start":{"line":5,"column":15},"end":{"line":5,"column":16}},"loc":{"start":{"line":5,"column":32},"end":{"line":8,"column":1}},"line":5},"1":{"name":"(anonymous_1)","decl":{"start":{"line":9,"column":18},"end":{"line":9,"column":19}},"loc":{"start":{"line":9,"column":46},"end":{"line":16,"column":1}},"line":9},"2":{"name":"(anonymous_2)","decl":{"start":{"line":13,"column":34},"end":{"line":13,"column":35}},"loc":{"start":{"line":13,"column":40},"end":{"line":13,"column":49}},"line":13},"3":{"name":"(anonymous_3)","decl":{"start":{"line":17,"column":19},"end":{"line":17,"column":20}},"loc":{"start":{"line":17,"column":28},"end":{"line":17,"column":90}},"line":17},"4":{"name":"(anonymous_4)","decl":{"start":{"line":20,"column":13},"end":{"line":20,"column":14}},"loc":{"start":{"line":20,"column":19},"end":{"line":20,"column":28}},"line":20},"5":{"name":"(anonymous_5)","decl":{"start":{"line":21,"column":24},"end":{"line":21,"column":25}},"loc":{"start":{"line":21,"column":30},"end":{"line":21,"column":50}},"line":21},"6":{"name":"(anonymous_6)","decl":{"start":{"line":22,"column":18},"end":{"line":22,"column":19}},"loc":{"start":{"line":22,"column":24},"end":{"line":22,"column":38}},"line":22},"7":{"name":"(anonymous_7)","decl":{"start":{"line":23,"column":15},"end":{"line":23,"column":16}},"loc":{"start":{"line":23,"column":21},"end":{"line":23,"column":32}},"line":23},"8":{"name":"(anonymous_8)","decl":{"start":{"line":24,"column":16},"end":{"line":24,"column":17}},"loc":{"start":{"line":24,"column":22},"end":{"line":24,"column":34}},"line":24},"9":{"name":"(anonymous_9)","decl":{"start":{"line":32,"column":1},"end":{"line":32,"column":2}},"loc":{"start":{"line":32,"column":17},"end":{"line":54,"column":1}},"line":32},"10":{"name":"toToken","decl":{"start":{"line":33,"column":11},"end":{"line":33,"column":18}},"loc":{"start":{"line":33,"column":30},"end":{"line":43,"column":3}},"line":33},"11":{"name":"fromToken","decl":{"start":{"line":45,"column":11},"end":{"line":45,"column":20}},"loc":{"start":{"line":45,"column":28},"end":{"line":52,"column":3}},"line":45},"12":{"name":"(anonymous_12)","decl":{"start":{"line":56,"column":1},"end":{"line":56,"column":2}},"loc":{"start":{"line":56,"column":20},"end":{"line":177,"column":1}},"line":56},"13":{"name":"(anonymous_13)","decl":{"start":{"line":57,"column":29},"end":{"line":57,"column":30}},"loc":{"start":{"line":57,"column":41},"end":{"line":57,"column":62}},"line":57},"14":{"name":"(anonymous_14)","decl":{"start":{"line":58,"column":30},"end":{"line":58,"column":31}},"loc":{"start":{"line":58,"column":37},"end":{"line":66,"column":3}},"line":58},"15":{"name":"(anonymous_15)","decl":{"start":{"line":67,"column":29},"end":{"line":67,"column":30}},"loc":{"start":{"line":67,"column":41},"end":{"line":67,"column":64}},"line":67},"16":{"name":"(anonymous_16)","decl":{"start":{"line":68,"column":30},"end":{"line":68,"column":31}},"loc":{"start":{"line":68,"column":42},"end":{"line":76,"column":3}},"line":68},"17":{"name":"(anonymous_17)","decl":{"start":{"line":77,"column":30},"end":{"line":77,"column":31}},"loc":{"start":{"line":77,"column":42},"end":{"line":77,"column":65}},"line":77},"18":{"name":"(anonymous_18)","decl":{"start":{"line":78,"column":31},"end":{"line":78,"column":32}},"loc":{"start":{"line":78,"column":43},"end":{"line":86,"column":3}},"line":78},"19":{"name":"getExpectedTokenData","decl":{"start":{"line":195,"column":9},"end":{"line":195,"column":29}},"loc":{"start":{"line":195,"column":38},"end":{"line":210,"column":1}},"line":195},"20":{"name":"getSampleToken","decl":{"start":{"line":211,"column":9},"end":{"line":211,"column":23}},"loc":{"start":{"line":211,"column":32},"end":{"line":213,"column":1}},"line":211},"21":{"name":"hasSameData","decl":{"start":{"line":214,"column":9},"end":{"line":214,"column":20}},"loc":{"start":{"line":214,"column":31},"end":{"line":216,"column":1}},"line":214},"22":{"name":"isTokenEqual","decl":{"start":{"line":217,"column":9},"end":{"line":217,"column":21}},"loc":{"start":{"line":217,"column":28},"end":{"line":219,"column":1}},"line":217}},"branchMap":{"0":{"loc":{"start":{"line":10,"column":2},"end":{"line":14,"column":3}},"type":"if","locations":[{"start":{"line":10,"column":2},"end":{"line":14,"column":3}},{"start":{},"end":{}}],"line":10},"1":{"loc":{"start":{"line":10,"column":6},"end":{"line":10,"column":68}},"type":"binary-expr","locations":[{"start":{"line":10,"column":6},"end":{"line":10,"column":10}},{"start":{"line":10,"column":14},"end":{"line":10,"column":38}},{"start":{"line":10,"column":42},"end":{"line":10,"column":68}}],"line":10},"2":{"loc":{"start":{"line":12,"column":6},"end":{"line":13,"column":123}},"type":"if","locations":[{"start":{"line":12,"column":6},"end":{"line":13,"column":123}},{"start":{},"end":{}}],"line":12},"3":{"loc":{"start":{"line":12,"column":10},"end":{"line":12,"column":55}},"type":"binary-expr","locations":[{"start":{"line":12,"column":10},"end":{"line":12,"column":37}},{"start":{"line":12,"column":41},"end":{"line":12,"column":55}}],"line":12},"4":{"loc":{"start":{"line":13,"column":63},"end":{"line":13,"column":119}},"type":"binary-expr","locations":[{"start":{"line":13,"column":63},"end":{"line":13,"column":100}},{"start":{"line":13,"column":104},"end":{"line":13,"column":119}}],"line":13},"5":{"loc":{"start":{"line":54,"column":3},"end":{"line":54,"column":32}},"type":"binary-expr","locations":[{"start":{"line":54,"column":3},"end":{"line":54,"column":12}},{"start":{"line":54,"column":17},"end":{"line":54,"column":31}}],"line":54},"6":{"loc":{"start":{"line":177,"column":3},"end":{"line":177,"column":38}},"type":"binary-expr","locations":[{"start":{"line":177,"column":3},"end":{"line":177,"column":15}},{"start":{"line":177,"column":20},"end":{"line":177,"column":37}}],"line":177},"7":{"loc":{"start":{"line":196,"column":2},"end":{"line":198,"column":3}},"type":"if","locations":[{"start":{"line":196,"column":2},"end":{"line":198,"column":3}},{"start":{},"end":{}}],"line":196},"8":{"loc":{"start":{"line":199,"column":2},"end":{"line":201,"column":3}},"type":"if","locations":[{"start":{"line":199,"column":2},"end":{"line":201,"column":3}},{"start":{},"end":{}}],"line":199},"9":{"loc":{"start":{"line":202,"column":2},"end":{"line":204,"column":3}},"type":"if","locations":[{"start":{"line":202,"column":2},"end":{"line":204,"column":3}},{"start":{},"end":{}}],"line":202},"10":{"loc":{"start":{"line":206,"column":2},"end":{"line":208,"column":3}},"type":"if","locations":[{"start":{"line":206,"column":2},"end":{"line":208,"column":3}},{"start":{},"end":{}}],"line":206},"11":{"loc":{"start":{"line":215,"column":9},"end":{"line":215,"column":131}},"type":"binary-expr","locations":[{"start":{"line":215,"column":9},"end":{"line":215,"column":30}},{"start":{"line":215,"column":34},"end":{"line":215,"column":59}},{"start":{"line":215,"column":63},"end":{"line":215,"column":96}},{"start":{"line":215,"column":100},"end":{"line":215,"column":131}}],"line":215},"12":{"loc":{"start":{"line":218,"column":9},"end":{"line":218,"column":115}},"type":"binary-expr","locations":[{"start":{"line":218,"column":9},"end":{"line":218,"column":30}},{"start":{"line":218,"column":34},"end":{"line":218,"column":63}},{"start":{"line":218,"column":67},"end":{"line":218,"column":94}},{"start":{"line":218,"column":98},"end":{"line":218,"column":115}}],"line":218}},"s":{"0":6,"1":6,"2":6,"3":6,"4":6,"5":6,"6":30,"7":6,"8":6,"9":6,"10":30,"11":30,"12":539,"13":6,"14":6,"15":6,"16":6,"17":6,"18":56,"19":0,"20":480,"21":0,"22":3,"23":6,"24":6,"25":6,"26":6,"27":6,"28":6,"29":2116,"30":6,"31":656,"32":6,"33":6,"34":6,"35":2116,"36":6,"37":326,"38":326,"39":6,"40":1934,"41":6,"42":144,"43":144,"44":6,"45":1664,"46":6,"47":18,"48":18,"49":6,"50":6,"51":6,"52":6,"53":6,"54":6,"55":6,"56":6,"57":6,"58":6,"59":6,"60":6,"61":6,"62":6,"63":6,"64":6,"65":2116,"66":326,"67":1790,"68":144,"69":1646,"70":18,"71":1628,"72":1628,"73":0,"74":1628,"75":2116,"76":0,"77":114},"f":{"0":6,"1":6,"2":539,"3":6,"4":56,"5":0,"6":480,"7":0,"8":3,"9":6,"10":2116,"11":656,"12":6,"13":2116,"14":326,"15":1934,"16":144,"17":1664,"18":18,"19":2116,"20":2116,"21":0,"22":114},"b":{"0":[6,0],"1":[6,6,0],"2":[30,0],"3":[30,30],"4":[30,30],"5":[6,6],"6":[6,6],"7":[326,1790],"8":[144,1646],"9":[18,1628],"10":[0,1628],"11":[0,0,0,0],"12":[114,114,114,114]},"inputSourceMap":null,"_coverageSchema":"1a1c01bbd47fc00a2c39e90264f33305004495a9","hash":"aae860420ad45254bf33ad2d5f955cbb0ba62d3e"}
,"C:\\Users\\Dernbu\\Documents\\NUS_Modules\\CP3209_UROP\\wabt-parser\\test\\resources\\valid_function_bodies.ts": {"path":"C:\\Users\\Dernbu\\Documents\\NUS_Modules\\CP3209_UROP\\wabt-parser\\test\\resources\\valid_function_bodies.ts","statementMap":{"0":{"start":{"line":1,"column":16},"end":{"line":1,"column":37}},"1":{"start":{"line":2,"column":23},"end":{"line":2,"column":54}},"2":{"start":{"line":3,"column":24},"end":{"line":3,"column":50}},"3":{"start":{"line":4,"column":19},"end":{"line":4,"column":50}},"4":{"start":{"line":5,"column":15},"end":{"line":8,"column":1}},"5":{"start":{"line":6,"column":2},"end":{"line":7,"column":66}},"6":{"start":{"line":7,"column":4},"end":{"line":7,"column":66}},"7":{"start":{"line":9,"column":18},"end":{"line":16,"column":1}},"8":{"start":{"line":10,"column":2},"end":{"line":14,"column":3}},"9":{"start":{"line":11,"column":4},"end":{"line":13,"column":123}},"10":{"start":{"line":12,"column":6},"end":{"line":13,"column":123}},"11":{"start":{"line":13,"column":8},"end":{"line":13,"column":123}},"12":{"start":{"line":13,"column":40},"end":{"line":13,"column":49}},"13":{"start":{"line":15,"column":2},"end":{"line":15,"column":12}},"14":{"start":{"line":17,"column":19},"end":{"line":17,"column":90}},"15":{"start":{"line":17,"column":28},"end":{"line":17,"column":90}},"16":{"start":{"line":18,"column":20},"end":{"line":18,"column":22}},"17":{"start":{"line":19,"column":0},"end":{"line":25,"column":3}},"18":{"start":{"line":20,"column":21},"end":{"line":20,"column":32}},"19":{"start":{"line":21,"column":32},"end":{"line":21,"column":54}},"20":{"start":{"line":22,"column":28},"end":{"line":22,"column":46}},"21":{"start":{"line":23,"column":27},"end":{"line":23,"column":44}},"22":{"start":{"line":24,"column":27},"end":{"line":24,"column":44}},"23":{"start":{"line":26,"column":0},"end":{"line":26,"column":45}},"24":{"start":{"line":27,"column":16},"end":{"line":27,"column":46}},"25":{"start":{"line":28,"column":37},"end":{"line":28,"column":73}},"26":{"start":{"line":29,"column":29},"end":{"line":29,"column":57}},"27":{"start":{"line":30,"column":30},"end":{"line":83,"column":1}},"28":{"start":{"line":84,"column":30},"end":{"line":119,"column":1}},"29":{"start":{"line":120,"column":30},"end":{"line":227,"column":1}},"30":{"start":{"line":228,"column":30},"end":{"line":324,"column":1}},"31":{"start":{"line":325,"column":21},"end":{"line":331,"column":1}},"32":{"start":{"line":332,"column":26},"end":{"line":334,"column":1}},"33":{"start":{"line":333,"column":16},"end":{"line":333,"column":54}},"34":{"start":{"line":335,"column":27},"end":{"line":337,"column":1}},"35":{"start":{"line":336,"column":16},"end":{"line":336,"column":57}},"36":{"start":{"line":338,"column":20},"end":{"line":340,"column":1}},"37":{"start":{"line":339,"column":16},"end":{"line":339,"column":50}},"38":{"start":{"line":341,"column":26},"end":{"line":343,"column":1}},"39":{"start":{"line":342,"column":16},"end":{"line":342,"column":59}},"40":{"start":{"line":344,"column":31},"end":{"line":346,"column":1}},"41":{"start":{"line":345,"column":16},"end":{"line":345,"column":62}}},"fnMap":{"0":{"name":"(anonymous_0)","decl":{"start":{"line":5,"column":15},"end":{"line":5,"column":16}},"loc":{"start":{"line":5,"column":32},"end":{"line":8,"column":1}},"line":5},"1":{"name":"(anonymous_1)","decl":{"start":{"line":9,"column":18},"end":{"line":9,"column":19}},"loc":{"start":{"line":9,"column":46},"end":{"line":16,"column":1}},"line":9},"2":{"name":"(anonymous_2)","decl":{"start":{"line":13,"column":34},"end":{"line":13,"column":35}},"loc":{"start":{"line":13,"column":40},"end":{"line":13,"column":49}},"line":13},"3":{"name":"(anonymous_3)","decl":{"start":{"line":17,"column":19},"end":{"line":17,"column":20}},"loc":{"start":{"line":17,"column":28},"end":{"line":17,"column":90}},"line":17},"4":{"name":"(anonymous_4)","decl":{"start":{"line":20,"column":15},"end":{"line":20,"column":16}},"loc":{"start":{"line":20,"column":21},"end":{"line":20,"column":32}},"line":20},"5":{"name":"(anonymous_5)","decl":{"start":{"line":21,"column":26},"end":{"line":21,"column":27}},"loc":{"start":{"line":21,"column":32},"end":{"line":21,"column":54}},"line":21},"6":{"name":"(anonymous_6)","decl":{"start":{"line":22,"column":22},"end":{"line":22,"column":23}},"loc":{"start":{"line":22,"column":28},"end":{"line":22,"column":46}},"line":22},"7":{"name":"(anonymous_7)","decl":{"start":{"line":23,"column":21},"end":{"line":23,"column":22}},"loc":{"start":{"line":23,"column":27},"end":{"line":23,"column":44}},"line":23},"8":{"name":"(anonymous_8)","decl":{"start":{"line":24,"column":21},"end":{"line":24,"column":22}},"loc":{"start":{"line":24,"column":27},"end":{"line":24,"column":44}},"line":24},"9":{"name":"(anonymous_9)","decl":{"start":{"line":333,"column":2},"end":{"line":333,"column":3}},"loc":{"start":{"line":333,"column":16},"end":{"line":333,"column":54}},"line":333},"10":{"name":"(anonymous_10)","decl":{"start":{"line":336,"column":2},"end":{"line":336,"column":3}},"loc":{"start":{"line":336,"column":16},"end":{"line":336,"column":57}},"line":336},"11":{"name":"(anonymous_11)","decl":{"start":{"line":339,"column":2},"end":{"line":339,"column":3}},"loc":{"start":{"line":339,"column":16},"end":{"line":339,"column":50}},"line":339},"12":{"name":"(anonymous_12)","decl":{"start":{"line":342,"column":2},"end":{"line":342,"column":3}},"loc":{"start":{"line":342,"column":16},"end":{"line":342,"column":59}},"line":342},"13":{"name":"(anonymous_13)","decl":{"start":{"line":345,"column":2},"end":{"line":345,"column":3}},"loc":{"start":{"line":345,"column":16},"end":{"line":345,"column":62}},"line":345}},"branchMap":{"0":{"loc":{"start":{"line":10,"column":2},"end":{"line":14,"column":3}},"type":"if","locations":[{"start":{"line":10,"column":2},"end":{"line":14,"column":3}},{"start":{},"end":{}}],"line":10},"1":{"loc":{"start":{"line":10,"column":6},"end":{"line":10,"column":68}},"type":"binary-expr","locations":[{"start":{"line":10,"column":6},"end":{"line":10,"column":10}},{"start":{"line":10,"column":14},"end":{"line":10,"column":38}},{"start":{"line":10,"column":42},"end":{"line":10,"column":68}}],"line":10},"2":{"loc":{"start":{"line":12,"column":6},"end":{"line":13,"column":123}},"type":"if","locations":[{"start":{"line":12,"column":6},"end":{"line":13,"column":123}},{"start":{},"end":{}}],"line":12},"3":{"loc":{"start":{"line":12,"column":10},"end":{"line":12,"column":55}},"type":"binary-expr","locations":[{"start":{"line":12,"column":10},"end":{"line":12,"column":37}},{"start":{"line":12,"column":41},"end":{"line":12,"column":55}}],"line":12},"4":{"loc":{"start":{"line":13,"column":63},"end":{"line":13,"column":119}},"type":"binary-expr","locations":[{"start":{"line":13,"column":63},"end":{"line":13,"column":100}},{"start":{"line":13,"column":104},"end":{"line":13,"column":119}}],"line":13}},"s":{"0":5,"1":5,"2":5,"3":5,"4":5,"5":5,"6":25,"7":5,"8":5,"9":5,"10":25,"11":25,"12":5,"13":5,"14":5,"15":5,"16":5,"17":5,"18":1,"19":1,"20":1,"21":1,"22":1,"23":5,"24":5,"25":5,"26":5,"27":5,"28":5,"29":5,"30":5,"31":5,"32":5,"33":25,"34":5,"35":25,"36":5,"37":25,"38":5,"39":25,"40":5,"41":25},"f":{"0":5,"1":5,"2":5,"3":5,"4":1,"5":1,"6":1,"7":1,"8":1,"9":25,"10":25,"11":25,"12":25,"13":25},"b":{"0":[5,0],"1":[5,5,0],"2":[25,0],"3":[25,25],"4":[25,25]},"inputSourceMap":null,"_coverageSchema":"1a1c01bbd47fc00a2c39e90264f33305004495a9","hash":"d35ee4abfbc3ecf946370878ba78e151bc5983d3"}
}
