TN:
SF:scripts\directories.ts
FN:5,(anonymous_0)
FN:9,(anonymous_1)
FN:13,(anonymous_2)
FN:17,(anonymous_3)
FN:20,(anonymous_4)
FN:21,(anonymous_5)
FN:22,(anonymous_6)
FN:23,(anonymous_7)
FN:24,(anonymous_8)
FN:25,(anonymous_9)
FNF:10
FNH:5
FNDA:1,(anonymous_0)
FNDA:1,(anonymous_1)
FNDA:1,(anonymous_2)
FNDA:1,(anonymous_3)
FNDA:0,(anonymous_4)
FNDA:0,(anonymous_5)
FNDA:0,(anonymous_6)
FNDA:1,(anonymous_7)
FNDA:0,(anonymous_8)
FNDA:0,(anonymous_9)
DA:1,1
DA:2,1
DA:3,1
DA:4,1
DA:5,1
DA:6,1
DA:7,6
DA:9,1
DA:10,1
DA:11,1
DA:12,6
DA:13,6
DA:15,1
DA:17,1
DA:18,1
DA:19,1
DA:20,0
DA:21,0
DA:22,0
DA:23,1
DA:24,0
DA:25,0
DA:27,1
DA:28,1
DA:29,1
DA:30,1
DA:31,1
DA:32,1
DA:33,1
DA:34,1
LF:30
LH:25
BRDA:10,0,0,1
BRDA:10,0,1,0
BRDA:10,1,0,1
BRDA:10,1,1,1
BRDA:10,1,2,0
BRDA:12,2,0,6
BRDA:12,2,1,0
BRDA:12,3,0,6
BRDA:12,3,1,6
BRDA:13,4,0,6
BRDA:13,4,1,6
BRF:11
BRH:8
end_of_record
TN:
SF:scripts\preprocess.ts
FN:5,(anonymous_0)
FN:9,(anonymous_1)
FN:13,(anonymous_2)
FN:17,(anonymous_3)
FN:20,(anonymous_4)
FN:21,(anonymous_5)
FN:30,(anonymous_6)
FN:34,(anonymous_7)
FN:34,(anonymous_8)
FN:36,(anonymous_9)
FN:44,removeSelfImport
FN:59,(anonymous_11)
FN:64,fixEslint
FN:69,main
FN:71,(anonymous_14)
FN:72,(anonymous_15)
FN:74,(anonymous_16)
FN:76,(anonymous_17)
FN:77,(anonymous_18)
FNF:19
FNH:11
FNDA:1,(anonymous_0)
FNDA:1,(anonymous_1)
FNDA:1,(anonymous_2)
FNDA:1,(anonymous_3)
FNDA:1,(anonymous_4)
FNDA:0,(anonymous_5)
FNDA:9,(anonymous_6)
FNDA:8,(anonymous_7)
FNDA:8,(anonymous_8)
FNDA:1,(anonymous_9)
FNDA:2,removeSelfImport
FNDA:4,(anonymous_11)
FNDA:0,fixEslint
FNDA:0,main
FNDA:0,(anonymous_14)
FNDA:0,(anonymous_15)
FNDA:0,(anonymous_16)
FNDA:0,(anonymous_17)
FNDA:0,(anonymous_18)
DA:1,1
DA:2,1
DA:3,1
DA:4,1
DA:5,1
DA:6,1
DA:7,2
DA:9,1
DA:10,1
DA:11,1
DA:12,2
DA:13,2
DA:15,1
DA:17,1
DA:18,1
DA:19,1
DA:20,1
DA:21,0
DA:23,1
DA:24,1
DA:25,1
DA:26,1
DA:27,1
DA:28,1
DA:29,1
DA:30,1
DA:31,9
DA:32,5
DA:34,8
DA:36,1
DA:37,1
DA:38,1
DA:39,1
DA:40,1
DA:41,1
DA:42,1
DA:45,2
DA:46,2
DA:47,2
DA:48,2
DA:49,2
DA:53,0
DA:54,0
DA:59,4
DA:60,2
DA:61,2
DA:62,2
DA:65,0
DA:66,0
DA:70,0
DA:71,0
DA:72,0
DA:73,0
DA:74,0
DA:76,0
DA:77,0
DA:79,1
LF:57
LH:45
BRDA:10,0,0,1
BRDA:10,0,1,0
BRDA:10,1,0,1
BRDA:10,1,1,1
BRDA:10,1,2,0
BRDA:12,2,0,2
BRDA:12,2,1,0
BRDA:12,3,0,2
BRDA:12,3,1,2
BRDA:13,4,0,2
BRDA:13,4,1,2
BRDA:31,5,0,5
BRDA:31,5,1,4
BRDA:36,6,0,1
BRDA:44,7,0,2
BRDA:48,8,0,2
BRDA:48,8,1,0
BRDA:53,9,0,0
BRDA:53,9,1,0
BRDA:64,10,0,0
BRF:20
BRH:13
end_of_record
TN:
SF:src\binary_writer.ts
FN:5,(anonymous_0)
FN:9,(anonymous_1)
FN:13,(anonymous_2)
FN:17,(anonymous_3)
FN:20,(anonymous_4)
FN:21,(anonymous_5)
FN:22,(anonymous_6)
FN:31,(anonymous_7)
FN:44,encodeModule
FN:63,encodeModuleTypeSection
FN:67,(anonymous_10)
FN:78,encodeModuleImportSection
FN:81,encodeModuleFunctionSection
FN:93,encodeModuleTableSection
FN:96,encodeModuleMemorySection
FN:99,encodeModuleGlobalSection
FN:102,encodeModuleExportSection
FN:111,encodeModuleStartSection
FN:114,encodeModuleElementSection
FN:117,encodeModuleCodeSection
FN:120,(anonymous_20)
FN:132,encodeModuleDataSection
FN:135,encodePureUnfoldedTokenExpression
FN:147,encodeExportExpressions
FN:148,encodeExport
FN:168,encodeFunctionSignature
FN:170,(anonymous_26)
FN:172,(anonymous_27)
FN:182,encodeFunctionBody
FN:210,convertVarToIndexToken
FN:223,isLiteralToken
FN:226,encodeNonLiteralToken
FN:235,encodeLiteralToken
FN:254,(anonymous_33)
FN:255,encodeF64Const
FNF:35
FNH:35
FNDA:2,(anonymous_0)
FNDA:2,(anonymous_1)
FNDA:8,(anonymous_2)
FNDA:2,(anonymous_3)
FNDA:2,(anonymous_4)
FNDA:2,(anonymous_5)
FNDA:4,(anonymous_6)
FNDA:2,(anonymous_7)
FNDA:7,encodeModule
FNDA:13,encodeModuleTypeSection
FNDA:16,(anonymous_10)
FNDA:12,encodeModuleImportSection
FNDA:12,encodeModuleFunctionSection
FNDA:12,encodeModuleTableSection
FNDA:12,encodeModuleMemorySection
FNDA:12,encodeModuleGlobalSection
FNDA:12,encodeModuleExportSection
FNDA:12,encodeModuleStartSection
FNDA:12,encodeModuleElementSection
FNDA:12,encodeModuleCodeSection
FNDA:16,(anonymous_20)
FNDA:12,encodeModuleDataSection
FNDA:28,encodePureUnfoldedTokenExpression
FNDA:13,encodeExportExpressions
FNDA:13,encodeExport
FNDA:24,encodeFunctionSignature
FNDA:28,(anonymous_26)
FNDA:24,(anonymous_27)
FNDA:24,encodeFunctionBody
FNDA:12,convertVarToIndexToken
FNDA:110,isLiteralToken
FNDA:64,encodeNonLiteralToken
FNDA:46,encodeLiteralToken
FNDA:2,(anonymous_33)
FNDA:26,encodeF64Const
DA:1,2
DA:2,2
DA:3,2
DA:4,2
DA:5,2
DA:6,2
DA:7,6
DA:9,2
DA:10,2
DA:11,2
DA:12,6
DA:13,8
DA:15,2
DA:17,2
DA:18,2
DA:19,2
DA:20,2
DA:21,2
DA:22,4
DA:24,2
DA:25,2
DA:26,2
DA:27,2
DA:28,2
DA:29,2
DA:31,2
DA:32,2
DA:33,2
DA:34,2
DA:35,2
DA:36,2
DA:37,2
DA:38,2
DA:39,2
DA:40,2
DA:41,2
DA:42,2
DA:45,7
DA:64,13
DA:65,12
DA:66,12
DA:67,12
DA:68,16
DA:70,12
DA:71,12
DA:79,12
DA:82,12
DA:83,12
DA:84,12
DA:85,12
DA:86,12
DA:94,12
DA:97,12
DA:100,12
DA:103,12
DA:104,12
DA:105,0
DA:107,12
DA:108,12
DA:109,12
DA:112,12
DA:115,12
DA:118,12
DA:119,12
DA:120,12
DA:121,16
DA:123,12
DA:124,12
DA:125,12
DA:133,12
DA:136,28
DA:137,28
DA:138,110
DA:139,64
DA:141,46
DA:142,46
DA:145,28
DA:149,13
DA:150,13
DA:151,13
DA:152,23
DA:154,13
DA:161,13
DA:162,13
DA:163,13
DA:164,13
DA:166,13
DA:169,24
DA:170,28
DA:171,24
DA:172,24
DA:173,24
DA:174,24
DA:183,24
DA:184,24
DA:185,24
DA:186,78
DA:187,78
DA:188,12
DA:189,12
DA:190,0
DA:198,12
DA:201,24
DA:202,24
DA:203,24
DA:211,12
DA:212,12
DA:213,12
DA:224,110
DA:227,64
DA:228,0
DA:230,64
DA:231,64
DA:233,0
DA:236,46
DA:237,24
DA:241,22
DA:242,22
DA:243,22
DA:245,0
DA:254,2
DA:256,26
DA:257,26
DA:258,26
DA:259,26
DA:261,2
DA:263,2
LF:127
LH:122
BRDA:10,0,0,2
BRDA:10,0,1,0
BRDA:10,1,0,2
BRDA:10,1,1,2
BRDA:10,1,2,0
BRDA:12,2,0,6
BRDA:12,2,1,0
BRDA:12,3,0,6
BRDA:12,3,1,6
BRDA:13,4,0,6
BRDA:13,4,1,6
BRDA:43,5,0,2
BRDA:43,5,1,2
BRDA:104,6,0,0
BRDA:104,6,1,12
BRDA:138,7,0,64
BRDA:138,7,1,46
BRDA:187,8,0,12
BRDA:187,8,1,66
BRDA:189,9,0,0
BRDA:189,9,1,12
BRDA:224,10,0,110
BRDA:224,10,1,66
BRDA:227,11,0,0
BRDA:227,11,1,64
BRDA:230,12,0,64
BRDA:230,12,1,0
BRDA:236,13,0,24
BRDA:236,13,1,22
BRDA:238,14,0,22
BRDA:238,14,1,2
BRDA:241,15,0,22
BRDA:241,15,1,0
BRDA:262,16,0,2
BRDA:262,16,1,2
BRF:35
BRH:27
end_of_record
TN:
SF:src\index.ts
FN:5,(anonymous_0)
FN:9,(anonymous_1)
FN:13,(anonymous_2)
FN:17,(anonymous_3)
FN:20,(anonymous_4)
FN:21,(anonymous_5)
FN:22,(anonymous_6)
FN:30,(anonymous_7)
FN:35,(anonymous_8)
FN:36,(anonymous_9)
FNF:10
FNH:6
FNDA:1,(anonymous_0)
FNDA:1,(anonymous_1)
FNDA:1,(anonymous_2)
FNDA:1,(anonymous_3)
FNDA:1,(anonymous_4)
FNDA:0,(anonymous_5)
FNDA:0,(anonymous_6)
FNDA:1,(anonymous_7)
FNDA:0,(anonymous_8)
FNDA:0,(anonymous_9)
DA:1,1
DA:2,1
DA:3,1
DA:4,1
DA:5,1
DA:6,1
DA:7,3
DA:9,1
DA:10,1
DA:11,1
DA:12,3
DA:13,3
DA:15,1
DA:17,1
DA:18,1
DA:19,1
DA:20,1
DA:21,0
DA:22,0
DA:24,1
DA:25,1
DA:26,1
DA:27,1
DA:28,1
DA:29,1
DA:30,1
DA:35,1
DA:36,1
DA:37,0
DA:38,0
DA:40,0
LF:31
LH:26
BRDA:10,0,0,1
BRDA:10,0,1,0
BRDA:10,1,0,1
BRDA:10,1,1,1
BRDA:10,1,2,0
BRDA:12,2,0,3
BRDA:12,2,1,0
BRDA:12,3,0,3
BRDA:12,3,1,3
BRDA:13,4,0,3
BRDA:13,4,1,3
BRDA:37,5,0,0
BRDA:37,5,1,0
BRF:13
BRH:8
end_of_record
TN:
SF:src\common\assert.ts
FN:5,(anonymous_0)
FN:9,(anonymous_1)
FN:13,(anonymous_2)
FN:17,(anonymous_3)
FN:20,(anonymous_4)
FN:24,(anonymous_5)
FN:28,(anonymous_6)
FNF:7
FNH:7
FNDA:6,(anonymous_0)
FNDA:6,(anonymous_1)
FNDA:2488,(anonymous_2)
FNDA:6,(anonymous_3)
FNDA:2488,(anonymous_4)
FNDA:1,(anonymous_5)
FNDA:2488,(anonymous_6)
DA:1,6
DA:2,6
DA:3,6
DA:4,6
DA:5,6
DA:6,6
DA:7,6
DA:9,6
DA:10,6
DA:11,6
DA:12,6
DA:13,2488
DA:15,6
DA:17,6
DA:18,6
DA:19,6
DA:20,2488
DA:22,6
DA:25,1
DA:28,6
DA:29,2488
DA:30,1
LF:22
LH:22
BRDA:10,0,0,6
BRDA:10,0,1,0
BRDA:10,1,0,6
BRDA:10,1,1,6
BRDA:10,1,2,0
BRDA:12,2,0,6
BRDA:12,2,1,0
BRDA:12,3,0,6
BRDA:12,3,1,6
BRDA:13,4,0,6
BRDA:13,4,1,6
BRDA:29,5,0,1
BRDA:29,5,1,2487
BRDA:30,6,0,0
BRDA:30,6,1,1
BRF:15
BRH:11
end_of_record
TN:
SF:src\common\export_types.ts
FN:5,(anonymous_0)
FN:9,(anonymous_1)
FN:13,(anonymous_2)
FN:17,(anonymous_3)
FN:20,(anonymous_4)
FN:23,(anonymous_5)
FN:30,(anonymous_6)
FN:31,getEncoding
FNF:8
FNH:8
FNDA:6,(anonymous_0)
FNDA:6,(anonymous_1)
FNDA:30,(anonymous_2)
FNDA:6,(anonymous_3)
FNDA:30,(anonymous_4)
FNDA:6,(anonymous_5)
FNDA:6,(anonymous_6)
FNDA:13,getEncoding
DA:1,6
DA:2,6
DA:3,6
DA:4,6
DA:5,6
DA:6,6
DA:7,6
DA:9,6
DA:10,6
DA:11,6
DA:12,6
DA:13,30
DA:15,6
DA:17,6
DA:18,6
DA:19,6
DA:20,30
DA:22,6
DA:23,6
DA:24,6
DA:25,6
DA:26,6
DA:27,6
DA:28,6
DA:30,6
DA:32,13
DA:34,13
DA:36,0
DA:38,0
DA:40,0
DA:42,0
DA:45,6
LF:32
LH:28
BRDA:10,0,0,6
BRDA:10,0,1,0
BRDA:10,1,0,6
BRDA:10,1,1,6
BRDA:10,1,2,0
BRDA:12,2,0,6
BRDA:12,2,1,0
BRDA:12,3,0,6
BRDA:12,3,1,6
BRDA:13,4,0,6
BRDA:13,4,1,6
BRDA:29,5,0,6
BRDA:29,5,1,6
BRDA:32,6,0,13
BRDA:32,6,1,0
BRDA:32,6,2,0
BRDA:32,6,3,0
BRDA:32,6,4,0
BRDA:46,7,0,6
BRDA:46,7,1,0
BRF:20
BRH:12
end_of_record
TN:
SF:src\common\keywords.ts
FN:5,(anonymous_0)
FN:9,(anonymous_1)
FN:13,(anonymous_2)
FN:17,(anonymous_3)
FN:20,(anonymous_4)
FN:21,(anonymous_5)
FN:22,(anonymous_6)
FN:23,(anonymous_7)
FN:24,(anonymous_8)
FN:622,isKeyWord
FN:625,getType
FN:628,getTokenType
FN:631,getOpcodeType
FNF:13
FNH:12
FNDA:3,(anonymous_0)
FNDA:3,(anonymous_1)
FNDA:684,(anonymous_2)
FNDA:3,(anonymous_3)
FNDA:171,(anonymous_4)
FNDA:171,(anonymous_5)
FNDA:171,(anonymous_6)
FNDA:171,(anonymous_7)
FNDA:0,(anonymous_8)
FNDA:171,isKeyWord
FNDA:171,getType
FNDA:171,getTokenType
FNDA:171,getOpcodeType
DA:1,3
DA:2,3
DA:3,3
DA:4,3
DA:5,3
DA:6,3
DA:7,15
DA:9,3
DA:10,3
DA:11,3
DA:12,15
DA:13,684
DA:15,3
DA:17,3
DA:18,3
DA:19,3
DA:20,171
DA:21,171
DA:22,171
DA:23,171
DA:24,0
DA:26,3
DA:27,3
DA:28,3
DA:29,3
DA:30,3
DA:623,171
DA:626,171
DA:629,171
DA:632,171
LF:30
LH:29
BRDA:10,0,0,3
BRDA:10,0,1,0
BRDA:10,1,0,3
BRDA:10,1,1,3
BRDA:10,1,2,0
BRDA:12,2,0,15
BRDA:12,2,1,0
BRDA:12,3,0,15
BRDA:12,3,1,15
BRDA:13,4,0,15
BRDA:13,4,1,15
BRF:11
BRH:8
end_of_record
TN:
SF:src\common\literal.ts
FN:5,(anonymous_0)
FN:9,(anonymous_1)
FN:13,(anonymous_2)
FN:17,(anonymous_3)
FN:20,(anonymous_4)
FN:21,(anonymous_5)
FN:25,parseHexdigit
FN:60,(anonymous_7)
FNF:8
FNH:6
FNDA:3,(anonymous_0)
FNDA:3,(anonymous_1)
FNDA:35,(anonymous_2)
FNDA:3,(anonymous_3)
FNDA:35,(anonymous_4)
FNDA:0,(anonymous_5)
FNDA:0,parseHexdigit
FNDA:3,(anonymous_7)
DA:1,3
DA:2,3
DA:3,3
DA:4,3
DA:5,3
DA:6,3
DA:7,6
DA:9,3
DA:10,3
DA:11,3
DA:12,6
DA:13,35
DA:15,3
DA:17,3
DA:18,3
DA:19,3
DA:20,35
DA:21,0
DA:23,3
DA:24,3
DA:26,0
DA:27,0
DA:38,0
DA:41,0
DA:44,0
DA:47,0
DA:50,0
DA:53,0
DA:56,0
DA:58,0
DA:60,3
DA:61,3
DA:62,3
DA:63,3
DA:64,3
DA:65,3
DA:66,3
LF:37
LH:26
BRDA:10,0,0,3
BRDA:10,0,1,0
BRDA:10,1,0,3
BRDA:10,1,1,3
BRDA:10,1,2,0
BRDA:12,2,0,6
BRDA:12,2,1,0
BRDA:12,3,0,6
BRDA:12,3,1,6
BRDA:13,4,0,6
BRDA:13,4,1,6
BRDA:27,5,0,0
BRDA:27,5,1,0
BRDA:27,5,2,0
BRDA:27,5,3,0
BRDA:27,5,4,0
BRDA:27,5,5,0
BRDA:27,5,6,0
BRDA:27,5,7,0
BRDA:27,5,8,0
BRDA:27,5,9,0
BRDA:27,5,10,0
BRDA:27,5,11,0
BRDA:27,5,12,0
BRDA:27,5,13,0
BRDA:27,5,14,0
BRDA:27,5,15,0
BRDA:27,5,16,0
BRDA:27,5,17,0
BRDA:27,5,18,0
BRDA:27,5,19,0
BRDA:27,5,20,0
BRDA:27,5,21,0
BRDA:67,6,0,3
BRDA:67,6,1,3
BRF:35
BRH:10
end_of_record
TN:
SF:src\common\opcode.ts
FN:5,(anonymous_0)
FN:9,(anonymous_1)
FN:13,(anonymous_2)
FN:17,(anonymous_3)
FN:20,(anonymous_4)
FN:21,(anonymous_5)
FN:22,(anonymous_6)
FN:26,(anonymous_7)
FN:572,(anonymous_8)
FN:573,getReturnType
FN:577,getParamTypes
FN:582,(anonymous_11)
FN:586,getParamLength
FN:590,getMemSize
FN:594,getPrefix
FN:598,getCode
FN:602,getText
FN:606,getDecompText
FNF:18
FNH:12
FNDA:6,(anonymous_0)
FNDA:6,(anonymous_1)
FNDA:1798,(anonymous_2)
FNDA:6,(anonymous_3)
FNDA:147,(anonymous_4)
FNDA:1651,(anonymous_5)
FNDA:0,(anonymous_6)
FNDA:6,(anonymous_7)
FNDA:6,(anonymous_8)
FNDA:0,getReturnType
FNDA:83,getParamTypes
FNDA:249,(anonymous_11)
FNDA:83,getParamLength
FNDA:0,getMemSize
FNDA:0,getPrefix
FNDA:64,getCode
FNDA:0,getText
FNDA:0,getDecompText
DA:1,6
DA:2,6
DA:3,6
DA:4,6
DA:5,6
DA:6,6
DA:7,18
DA:9,6
DA:10,6
DA:11,6
DA:12,18
DA:13,1798
DA:15,6
DA:17,6
DA:18,6
DA:19,6
DA:20,147
DA:21,1651
DA:22,0
DA:24,6
DA:25,6
DA:26,6
DA:27,6
DA:28,6
DA:29,6
DA:30,6
DA:31,6
DA:32,6
DA:33,6
DA:34,6
DA:35,6
DA:36,6
DA:37,6
DA:38,6
DA:39,6
DA:40,6
DA:41,6
DA:42,6
DA:43,6
DA:44,6
DA:45,6
DA:46,6
DA:47,6
DA:48,6
DA:49,6
DA:50,6
DA:51,6
DA:52,6
DA:53,6
DA:54,6
DA:55,6
DA:56,6
DA:57,6
DA:58,6
DA:59,6
DA:60,6
DA:61,6
DA:62,6
DA:63,6
DA:64,6
DA:65,6
DA:66,6
DA:67,6
DA:68,6
DA:69,6
DA:70,6
DA:71,6
DA:72,6
DA:73,6
DA:74,6
DA:75,6
DA:76,6
DA:77,6
DA:78,6
DA:79,6
DA:80,6
DA:81,6
DA:82,6
DA:83,6
DA:84,6
DA:85,6
DA:86,6
DA:87,6
DA:88,6
DA:89,6
DA:90,6
DA:91,6
DA:92,6
DA:93,6
DA:94,6
DA:95,6
DA:96,6
DA:97,6
DA:98,6
DA:99,6
DA:100,6
DA:101,6
DA:102,6
DA:103,6
DA:104,6
DA:105,6
DA:106,6
DA:107,6
DA:108,6
DA:109,6
DA:110,6
DA:111,6
DA:112,6
DA:113,6
DA:114,6
DA:115,6
DA:116,6
DA:117,6
DA:118,6
DA:119,6
DA:120,6
DA:121,6
DA:122,6
DA:123,6
DA:124,6
DA:125,6
DA:126,6
DA:127,6
DA:128,6
DA:129,6
DA:130,6
DA:131,6
DA:132,6
DA:133,6
DA:134,6
DA:135,6
DA:136,6
DA:137,6
DA:138,6
DA:139,6
DA:140,6
DA:141,6
DA:142,6
DA:143,6
DA:144,6
DA:145,6
DA:146,6
DA:147,6
DA:148,6
DA:149,6
DA:150,6
DA:151,6
DA:152,6
DA:153,6
DA:154,6
DA:155,6
DA:156,6
DA:157,6
DA:158,6
DA:159,6
DA:160,6
DA:161,6
DA:162,6
DA:163,6
DA:164,6
DA:165,6
DA:166,6
DA:167,6
DA:168,6
DA:169,6
DA:170,6
DA:171,6
DA:172,6
DA:173,6
DA:174,6
DA:175,6
DA:176,6
DA:177,6
DA:178,6
DA:179,6
DA:180,6
DA:181,6
DA:182,6
DA:183,6
DA:184,6
DA:185,6
DA:186,6
DA:187,6
DA:188,6
DA:189,6
DA:190,6
DA:191,6
DA:192,6
DA:193,6
DA:194,6
DA:195,6
DA:196,6
DA:197,6
DA:198,6
DA:199,6
DA:200,6
DA:201,6
DA:202,6
DA:203,6
DA:204,6
DA:205,6
DA:206,6
DA:207,6
DA:208,6
DA:209,6
DA:210,6
DA:211,6
DA:212,6
DA:213,6
DA:214,6
DA:215,6
DA:216,6
DA:217,6
DA:218,6
DA:219,6
DA:220,6
DA:221,6
DA:222,6
DA:223,6
DA:224,6
DA:225,6
DA:226,6
DA:227,6
DA:228,6
DA:229,6
DA:230,6
DA:231,6
DA:232,6
DA:233,6
DA:234,6
DA:235,6
DA:236,6
DA:237,6
DA:238,6
DA:239,6
DA:240,6
DA:241,6
DA:242,6
DA:243,6
DA:244,6
DA:245,6
DA:246,6
DA:247,6
DA:248,6
DA:249,6
DA:250,6
DA:251,6
DA:252,6
DA:253,6
DA:254,6
DA:255,6
DA:256,6
DA:257,6
DA:258,6
DA:259,6
DA:260,6
DA:261,6
DA:262,6
DA:263,6
DA:264,6
DA:265,6
DA:266,6
DA:267,6
DA:268,6
DA:269,6
DA:270,6
DA:271,6
DA:272,6
DA:273,6
DA:274,6
DA:275,6
DA:276,6
DA:277,6
DA:278,6
DA:279,6
DA:280,6
DA:281,6
DA:282,6
DA:283,6
DA:284,6
DA:285,6
DA:286,6
DA:287,6
DA:288,6
DA:289,6
DA:290,6
DA:291,6
DA:292,6
DA:293,6
DA:294,6
DA:295,6
DA:296,6
DA:297,6
DA:298,6
DA:299,6
DA:300,6
DA:301,6
DA:302,6
DA:303,6
DA:304,6
DA:305,6
DA:306,6
DA:307,6
DA:308,6
DA:309,6
DA:310,6
DA:311,6
DA:312,6
DA:313,6
DA:314,6
DA:315,6
DA:316,6
DA:317,6
DA:318,6
DA:319,6
DA:320,6
DA:321,6
DA:322,6
DA:323,6
DA:324,6
DA:325,6
DA:326,6
DA:327,6
DA:328,6
DA:329,6
DA:330,6
DA:331,6
DA:332,6
DA:333,6
DA:334,6
DA:335,6
DA:336,6
DA:337,6
DA:338,6
DA:339,6
DA:340,6
DA:341,6
DA:342,6
DA:343,6
DA:344,6
DA:345,6
DA:346,6
DA:347,6
DA:348,6
DA:349,6
DA:350,6
DA:351,6
DA:352,6
DA:353,6
DA:354,6
DA:355,6
DA:356,6
DA:357,6
DA:358,6
DA:359,6
DA:360,6
DA:361,6
DA:362,6
DA:363,6
DA:364,6
DA:365,6
DA:366,6
DA:367,6
DA:368,6
DA:369,6
DA:370,6
DA:371,6
DA:372,6
DA:373,6
DA:374,6
DA:375,6
DA:376,6
DA:377,6
DA:378,6
DA:379,6
DA:380,6
DA:381,6
DA:382,6
DA:383,6
DA:384,6
DA:385,6
DA:386,6
DA:387,6
DA:388,6
DA:389,6
DA:390,6
DA:391,6
DA:392,6
DA:393,6
DA:394,6
DA:395,6
DA:396,6
DA:397,6
DA:398,6
DA:399,6
DA:400,6
DA:401,6
DA:402,6
DA:403,6
DA:404,6
DA:405,6
DA:406,6
DA:407,6
DA:408,6
DA:409,6
DA:410,6
DA:411,6
DA:412,6
DA:413,6
DA:414,6
DA:415,6
DA:416,6
DA:417,6
DA:418,6
DA:419,6
DA:420,6
DA:421,6
DA:422,6
DA:423,6
DA:424,6
DA:425,6
DA:426,6
DA:427,6
DA:428,6
DA:429,6
DA:430,6
DA:431,6
DA:432,6
DA:433,6
DA:434,6
DA:435,6
DA:436,6
DA:437,6
DA:438,6
DA:439,6
DA:440,6
DA:441,6
DA:442,6
DA:443,6
DA:444,6
DA:445,6
DA:446,6
DA:447,6
DA:448,6
DA:449,6
DA:450,6
DA:451,6
DA:452,6
DA:453,6
DA:454,6
DA:455,6
DA:456,6
DA:457,6
DA:458,6
DA:459,6
DA:460,6
DA:461,6
DA:462,6
DA:463,6
DA:464,6
DA:465,6
DA:466,6
DA:467,6
DA:468,6
DA:469,6
DA:470,6
DA:471,6
DA:472,6
DA:473,6
DA:474,6
DA:475,6
DA:476,6
DA:477,6
DA:478,6
DA:479,6
DA:480,6
DA:481,6
DA:482,6
DA:483,6
DA:484,6
DA:485,6
DA:486,6
DA:487,6
DA:488,6
DA:489,6
DA:490,6
DA:491,6
DA:492,6
DA:493,6
DA:494,6
DA:495,6
DA:496,6
DA:497,6
DA:498,6
DA:499,6
DA:500,6
DA:501,6
DA:502,6
DA:503,6
DA:504,6
DA:505,6
DA:506,6
DA:507,6
DA:508,6
DA:509,6
DA:510,6
DA:511,6
DA:512,6
DA:513,6
DA:514,6
DA:515,6
DA:516,6
DA:517,6
DA:518,6
DA:519,6
DA:520,6
DA:521,6
DA:522,6
DA:523,6
DA:524,6
DA:525,6
DA:526,6
DA:527,6
DA:528,6
DA:529,6
DA:530,6
DA:531,6
DA:532,6
DA:533,6
DA:534,6
DA:535,6
DA:536,6
DA:537,6
DA:538,6
DA:539,6
DA:540,6
DA:541,6
DA:542,6
DA:543,6
DA:544,6
DA:545,6
DA:546,6
DA:547,6
DA:548,6
DA:549,6
DA:550,6
DA:551,6
DA:552,6
DA:553,6
DA:554,6
DA:555,6
DA:556,6
DA:557,6
DA:558,6
DA:559,6
DA:560,6
DA:561,6
DA:562,6
DA:563,6
DA:564,6
DA:565,6
DA:566,6
DA:567,6
DA:568,6
DA:572,6
DA:574,0
DA:576,6
DA:578,83
DA:582,249
DA:583,83
DA:585,6
DA:587,83
DA:589,6
DA:591,0
DA:593,6
DA:595,0
DA:597,6
DA:599,64
DA:601,6
DA:603,0
DA:605,6
DA:607,0
DA:609,6
DA:611,6
LF:584
LH:578
BRDA:10,0,0,6
BRDA:10,0,1,0
BRDA:10,1,0,6
BRDA:10,1,1,6
BRDA:10,1,2,0
BRDA:12,2,0,18
BRDA:12,2,1,0
BRDA:12,3,0,18
BRDA:12,3,1,18
BRDA:13,4,0,18
BRDA:13,4,1,18
BRDA:569,5,0,6
BRDA:569,5,1,6
BRDA:610,6,0,6
BRDA:610,6,1,6
BRF:15
BRH:12
end_of_record
TN:
SF:src\common\token.ts
FN:5,(anonymous_0)
FN:9,(anonymous_1)
FN:13,(anonymous_2)
FN:17,(anonymous_3)
FN:20,(anonymous_4)
FN:21,(anonymous_5)
FN:22,(anonymous_6)
FN:23,(anonymous_7)
FN:24,(anonymous_8)
FN:25,(anonymous_9)
FN:26,(anonymous_10)
FN:32,(anonymous_11)
FN:41,(anonymous_12)
FN:44,(anonymous_13)
FN:47,(anonymous_14)
FN:50,(anonymous_15)
FN:53,(anonymous_16)
FN:56,(anonymous_17)
FN:59,(anonymous_18)
FN:62,(anonymous_19)
FN:65,(anonymous_20)
FN:69,(anonymous_21)
FN:74,isTokenTypeBare
FN:79,isTokenTypeString
FN:84,isTokenTypeType
FN:89,isTokenTypeOpcode
FN:94,isTokenTypeLiteral
FN:99,isTokenTypeRefKind
FN:104,(anonymous_28)
FNF:29
FNH:19
FNDA:6,(anonymous_0)
FNDA:6,(anonymous_1)
FNDA:8283,(anonymous_2)
FNDA:6,(anonymous_3)
FNDA:3416,(anonymous_4)
FNDA:4456,(anonymous_5)
FNDA:171,(anonymous_6)
FNDA:0,(anonymous_7)
FNDA:51,(anonymous_8)
FNDA:75,(anonymous_9)
FNDA:114,(anonymous_10)
FNDA:2569,(anonymous_11)
FNDA:0,(anonymous_12)
FNDA:0,(anonymous_13)
FNDA:0,(anonymous_14)
FNDA:64,(anonymous_15)
FNDA:206,(anonymous_16)
FNDA:46,(anonymous_17)
FNDA:0,(anonymous_18)
FNDA:0,(anonymous_19)
FNDA:0,(anonymous_20)
FNDA:0,(anonymous_21)
FNDA:171,isTokenTypeBare
FNDA:0,isTokenTypeString
FNDA:178,isTokenTypeType
FNDA:303,isTokenTypeOpcode
FNDA:0,isTokenTypeLiteral
FNDA:75,isTokenTypeRefKind
FNDA:6,(anonymous_28)
DA:1,6
DA:2,6
DA:3,6
DA:4,6
DA:5,6
DA:6,6
DA:7,42
DA:9,6
DA:10,6
DA:11,6
DA:12,42
DA:13,8283
DA:15,6
DA:17,6
DA:18,6
DA:19,6
DA:20,3416
DA:21,4456
DA:22,171
DA:23,0
DA:24,51
DA:25,75
DA:26,114
DA:28,6
DA:29,6
DA:30,6
DA:33,2569
DA:34,2569
DA:35,2569
DA:36,2569
DA:37,2569
DA:38,2569
DA:39,2569
DA:42,0
DA:45,0
DA:48,0
DA:51,64
DA:54,206
DA:57,46
DA:60,0
DA:63,0
DA:66,0
DA:67,0
DA:70,0
DA:71,0
DA:75,171
DA:76,0
DA:77,171
DA:80,0
DA:81,0
DA:82,0
DA:85,178
DA:86,0
DA:87,178
DA:90,303
DA:91,0
DA:92,303
DA:95,0
DA:96,0
DA:97,0
DA:100,75
DA:101,0
DA:102,75
DA:104,6
DA:105,6
DA:106,6
DA:107,6
DA:108,6
DA:109,6
DA:110,6
DA:111,6
DA:112,6
DA:113,6
DA:114,6
DA:115,6
DA:116,6
DA:117,6
DA:118,6
DA:119,6
DA:120,6
DA:121,6
DA:122,6
DA:123,6
DA:124,6
DA:125,6
DA:126,6
DA:127,6
DA:128,6
DA:129,6
DA:130,6
DA:131,6
DA:132,6
DA:133,6
DA:134,6
DA:135,6
DA:136,6
DA:137,6
DA:138,6
DA:139,6
DA:140,6
DA:141,6
DA:142,6
DA:143,6
DA:144,6
DA:145,6
DA:146,6
DA:147,6
DA:148,6
DA:149,6
DA:150,6
DA:151,6
DA:152,6
DA:153,6
DA:154,6
DA:155,6
DA:156,6
DA:157,6
DA:158,6
DA:159,6
DA:160,6
DA:161,6
DA:162,6
DA:163,6
DA:164,6
DA:165,6
DA:166,6
DA:167,6
DA:168,6
DA:169,6
DA:170,6
DA:171,6
DA:172,6
DA:173,6
DA:174,6
DA:175,6
DA:176,6
DA:177,6
DA:178,6
DA:179,6
DA:180,6
DA:181,6
DA:182,6
DA:183,6
DA:184,6
DA:185,6
DA:186,6
DA:187,6
DA:188,6
DA:189,6
DA:190,6
DA:191,6
DA:192,6
DA:193,6
DA:194,6
DA:195,6
DA:196,6
DA:197,6
DA:198,6
DA:199,6
DA:200,6
DA:201,6
DA:202,6
DA:203,6
DA:204,6
DA:205,6
DA:206,6
DA:207,6
DA:208,6
DA:209,6
DA:210,6
DA:211,6
DA:212,6
DA:213,6
DA:214,6
DA:215,6
DA:216,6
DA:217,6
DA:218,6
DA:219,6
DA:220,6
DA:221,6
DA:222,6
DA:223,6
DA:224,6
DA:225,6
DA:226,6
DA:227,6
DA:228,6
DA:229,6
DA:230,6
DA:231,6
DA:232,6
DA:233,6
DA:234,6
DA:235,6
DA:236,6
DA:237,6
DA:238,6
DA:239,6
DA:240,6
DA:241,6
DA:242,6
DA:243,6
DA:244,6
DA:245,6
DA:246,6
DA:247,6
DA:248,6
DA:249,6
DA:250,6
DA:251,6
LF:211
LH:191
BRDA:10,0,0,6
BRDA:10,0,1,0
BRDA:10,1,0,6
BRDA:10,1,1,6
BRDA:10,1,2,0
BRDA:12,2,0,42
BRDA:12,2,1,0
BRDA:12,3,0,42
BRDA:12,3,1,42
BRDA:13,4,0,42
BRDA:13,4,1,42
BRDA:32,5,0,327
BRDA:32,6,0,378
BRDA:57,7,0,46
BRDA:57,7,1,46
BRDA:75,8,0,0
BRDA:75,8,1,171
BRDA:77,9,0,171
BRDA:77,9,1,171
BRDA:77,9,2,171
BRDA:77,9,3,171
BRDA:77,9,4,171
BRDA:77,9,5,171
BRDA:77,9,6,171
BRDA:77,9,7,171
BRDA:77,9,8,171
BRDA:77,9,9,171
BRDA:77,9,10,171
BRDA:77,9,11,171
BRDA:77,9,12,171
BRDA:77,9,13,171
BRDA:77,9,14,171
BRDA:77,9,15,171
BRDA:77,9,16,171
BRDA:77,9,17,171
BRDA:77,9,18,171
BRDA:77,9,19,171
BRDA:77,9,20,164
BRDA:77,9,21,164
BRDA:77,9,22,164
BRDA:77,9,23,164
BRDA:77,9,24,164
BRDA:77,9,25,164
BRDA:77,9,26,164
BRDA:77,9,27,164
BRDA:77,9,28,164
BRDA:77,9,29,164
BRDA:77,9,30,158
BRDA:77,9,31,158
BRDA:77,9,32,158
BRDA:77,9,33,158
BRDA:77,9,34,158
BRDA:77,9,35,158
BRDA:77,9,36,132
BRDA:77,9,37,132
BRDA:77,9,38,132
BRDA:77,9,39,132
BRDA:77,9,40,114
BRDA:77,9,41,114
BRDA:77,9,42,114
BRDA:77,9,43,114
BRDA:77,9,44,114
BRDA:77,9,45,114
BRDA:77,9,46,114
BRDA:77,9,47,114
BRDA:77,9,48,114
BRDA:77,9,49,114
BRDA:77,9,50,114
BRDA:77,9,51,114
BRDA:77,9,52,114
BRDA:80,10,0,0
BRDA:80,10,1,0
BRDA:82,11,0,0
BRDA:82,11,1,0
BRDA:82,11,2,0
BRDA:82,11,3,0
BRDA:82,11,4,0
BRDA:82,11,5,0
BRDA:85,12,0,0
BRDA:85,12,1,178
BRDA:90,13,0,0
BRDA:90,13,1,303
BRDA:92,14,0,303
BRDA:92,14,1,303
BRDA:92,14,2,303
BRDA:92,14,3,303
BRDA:92,14,4,303
BRDA:92,14,5,303
BRDA:92,14,6,303
BRDA:92,14,7,303
BRDA:92,14,8,259
BRDA:92,14,9,259
BRDA:92,14,10,259
BRDA:92,14,11,259
BRDA:92,14,12,259
BRDA:92,14,13,259
BRDA:92,14,14,259
BRDA:92,14,15,259
BRDA:92,14,16,259
BRDA:92,14,17,259
BRDA:92,14,18,259
BRDA:92,14,19,123
BRDA:92,14,20,123
BRDA:92,14,21,123
BRDA:92,14,22,123
BRDA:92,14,23,123
BRDA:92,14,24,123
BRDA:92,14,25,123
BRDA:92,14,26,123
BRDA:92,14,27,123
BRDA:92,14,28,123
BRDA:92,14,29,123
BRDA:92,14,30,32
BRDA:92,14,31,32
BRDA:92,14,32,32
BRDA:92,14,33,32
BRDA:92,14,34,32
BRDA:92,14,35,32
BRDA:92,14,36,32
BRDA:92,14,37,32
BRDA:92,14,38,32
BRDA:92,14,39,32
BRDA:92,14,40,32
BRDA:92,14,41,32
BRDA:92,14,42,32
BRDA:92,14,43,32
BRDA:92,14,44,32
BRDA:92,14,45,32
BRDA:92,14,46,32
BRDA:92,14,47,32
BRDA:92,14,48,32
BRDA:92,14,49,32
BRDA:92,14,50,32
BRDA:92,14,51,32
BRDA:92,14,52,32
BRDA:92,14,53,32
BRDA:92,14,54,32
BRDA:92,14,55,32
BRDA:92,14,56,32
BRDA:92,14,57,32
BRDA:92,14,58,32
BRDA:92,14,59,32
BRDA:92,14,60,32
BRDA:92,14,61,32
BRDA:92,14,62,32
BRDA:92,14,63,32
BRDA:92,14,64,32
BRDA:92,14,65,32
BRDA:95,15,0,0
BRDA:95,15,1,0
BRDA:97,16,0,0
BRDA:97,16,1,0
BRDA:97,16,2,0
BRDA:100,17,0,0
BRDA:100,17,1,75
BRDA:102,18,0,75
BRDA:102,18,1,51
BRDA:102,18,2,51
BRDA:252,19,0,6
BRDA:252,19,1,6
BRF:160
BRH:140
end_of_record
TN:
SF:src\common\type.ts
FN:5,(anonymous_0)
FN:9,(anonymous_1)
FN:13,(anonymous_2)
FN:17,(anonymous_3)
FN:20,(anonymous_4)
FN:23,(anonymous_5)
FN:45,(anonymous_6)
FN:46,getValue
FNF:8
FNH:8
FNDA:6,(anonymous_0)
FNDA:6,(anonymous_1)
FNDA:13440,(anonymous_2)
FNDA:6,(anonymous_3)
FNDA:13440,(anonymous_4)
FNDA:6,(anonymous_5)
FNDA:6,(anonymous_6)
FNDA:52,getValue
DA:1,6
DA:2,6
DA:3,6
DA:4,6
DA:5,6
DA:6,6
DA:7,6
DA:9,6
DA:10,6
DA:11,6
DA:12,6
DA:13,13440
DA:15,6
DA:17,6
DA:18,6
DA:19,6
DA:20,13440
DA:22,6
DA:23,6
DA:24,6
DA:25,6
DA:26,6
DA:27,6
DA:28,6
DA:29,6
DA:30,6
DA:31,6
DA:32,6
DA:33,6
DA:34,6
DA:35,6
DA:36,6
DA:37,6
DA:38,6
DA:39,6
DA:40,6
DA:41,6
DA:42,6
DA:43,6
DA:45,6
DA:47,52
DA:49,15
DA:51,0
DA:53,0
DA:55,37
DA:57,0
DA:59,0
DA:61,0
DA:63,0
DA:65,0
DA:67,0
DA:69,0
DA:71,0
DA:73,0
DA:75,0
DA:77,0
DA:79,0
DA:81,0
DA:83,0
DA:85,0
DA:87,0
DA:89,6
LF:62
LH:44
BRDA:10,0,0,6
BRDA:10,0,1,0
BRDA:10,1,0,6
BRDA:10,1,1,6
BRDA:10,1,2,0
BRDA:12,2,0,6
BRDA:12,2,1,0
BRDA:12,3,0,6
BRDA:12,3,1,6
BRDA:13,4,0,6
BRDA:13,4,1,6
BRDA:44,5,0,6
BRDA:44,5,1,6
BRDA:47,6,0,15
BRDA:47,6,1,0
BRDA:47,6,2,0
BRDA:47,6,3,37
BRDA:47,6,4,0
BRDA:47,6,5,0
BRDA:47,6,6,0
BRDA:47,6,7,0
BRDA:47,6,8,0
BRDA:47,6,9,0
BRDA:47,6,10,0
BRDA:47,6,11,0
BRDA:47,6,12,0
BRDA:47,6,13,0
BRDA:47,6,14,0
BRDA:47,6,15,0
BRDA:47,6,16,0
BRDA:47,6,17,0
BRDA:47,6,18,0
BRDA:90,7,0,6
BRDA:90,7,1,0
BRF:34
BRH:13
end_of_record
TN:
SF:src\lexer\lexer.ts
FN:5,(anonymous_0)
FN:9,(anonymous_1)
FN:13,(anonymous_2)
FN:17,(anonymous_3)
FN:20,(anonymous_4)
FN:21,(anonymous_5)
FN:29,tokenize
FN:32,getSingleToken
FN:35,(anonymous_8)
FN:41,isDigit
FN:45,isHexDigit
FN:49,isKeyword
FN:53,isIdChar
FN:58,(anonymous_13)
FN:67,(anonymous_14)
FN:78,(anonymous_15)
FN:179,(anonymous_16)
FN:182,(anonymous_17)
FN:185,(anonymous_18)
FN:193,(anonymous_19)
FN:204,(anonymous_20)
FN:209,(anonymous_21)
FN:212,(anonymous_22)
FN:230,(anonymous_23)
FN:253,(anonymous_24)
FN:264,(anonymous_25)
FN:281,(anonymous_26)
FN:286,(anonymous_27)
FN:293,(anonymous_28)
FN:300,(anonymous_29)
FN:304,(anonymous_30)
FN:313,(anonymous_31)
FN:322,(anonymous_32)
FN:325,(anonymous_33)
FN:331,(anonymous_34)
FN:440,(anonymous_35)
FN:464,(anonymous_36)
FN:488,(anonymous_37)
FN:497,(anonymous_38)
FN:509,(anonymous_39)
FN:521,(anonymous_40)
FN:528,(anonymous_41)
FNF:42
FNH:31
FNDA:3,(anonymous_0)
FNDA:3,(anonymous_1)
FNDA:21,(anonymous_2)
FNDA:3,(anonymous_3)
FNDA:0,(anonymous_4)
FNDA:21,(anonymous_5)
FNDA:21,tokenize
FNDA:0,getSingleToken
FNDA:3,(anonymous_8)
FNDA:79,isDigit
FNDA:0,isHexDigit
FNDA:159,isKeyword
FNDA:1261,isIdChar
FNDA:21,(anonymous_13)
FNDA:21,(anonymous_14)
FNDA:441,(anonymous_15)
FNDA:3242,(anonymous_16)
FNDA:2353,(anonymous_17)
FNDA:143,(anonymous_18)
FNDA:208,(anonymous_19)
FNDA:107,(anonymous_20)
FNDA:35,(anonymous_21)
FNDA:229,(anonymous_22)
FNDA:0,(anonymous_23)
FNDA:0,(anonymous_24)
FNDA:261,(anonymous_25)
FNDA:0,(anonymous_26)
FNDA:38,(anonymous_27)
FNDA:0,(anonymous_28)
FNDA:262,(anonymous_29)
FNDA:35,(anonymous_30)
FNDA:30,(anonymous_31)
FNDA:498,(anonymous_32)
FNDA:0,(anonymous_33)
FNDA:7,(anonymous_34)
FNDA:35,(anonymous_35)
FNDA:0,(anonymous_36)
FNDA:12,(anonymous_37)
FNDA:0,(anonymous_38)
FNDA:0,(anonymous_39)
FNDA:23,(anonymous_40)
FNDA:171,(anonymous_41)
DA:1,3
DA:2,3
DA:3,3
DA:4,3
DA:5,3
DA:6,3
DA:7,6
DA:9,3
DA:10,3
DA:11,3
DA:12,6
DA:13,21
DA:15,3
DA:17,3
DA:18,3
DA:19,3
DA:20,0
DA:21,21
DA:23,3
DA:24,3
DA:25,3
DA:26,3
DA:27,3
DA:28,3
DA:30,21
DA:33,0
DA:35,3
DA:36,3
DA:37,3
DA:38,3
DA:39,3
DA:42,79
DA:43,79
DA:46,0
DA:47,0
DA:50,159
DA:51,159
DA:54,1261
DA:55,1261
DA:59,21
DA:60,21
DA:61,21
DA:62,21
DA:63,21
DA:64,21
DA:65,21
DA:68,21
DA:69,21
DA:70,441
DA:71,441
DA:72,21
DA:73,420
DA:75,21
DA:79,441
DA:80,702
DA:81,702
DA:83,21
DA:85,92
DA:86,0
DA:87,0
DA:89,0
DA:91,92
DA:92,0
DA:93,0
DA:95,92
DA:96,92
DA:97,0
DA:99,92
DA:100,92
DA:102,0
DA:103,0
DA:104,0
DA:106,0
DA:108,0
DA:109,0
DA:110,0
DA:111,0
DA:116,261
DA:117,261
DA:119,7
DA:122,0
DA:123,0
DA:125,0
DA:127,0
DA:129,0
DA:139,0
DA:141,0
DA:143,0
DA:145,12
DA:155,23
DA:157,23
DA:159,0
DA:161,12
DA:163,0
DA:165,0
DA:167,159
DA:168,159
DA:170,0
DA:171,0
DA:173,0
DA:174,0
DA:175,0
DA:180,3242
DA:183,2353
DA:186,143
DA:187,143
DA:188,3
DA:189,3
DA:191,140
DA:194,208
DA:195,208
DA:196,416
DA:197,416
DA:198,208
DA:199,208
DA:202,0
DA:205,107
DA:206,107
DA:207,107
DA:210,35
DA:213,229
DA:214,229
DA:215,1261
DA:216,1261
DA:217,1032
DA:218,1032
DA:219,194
DA:221,229
DA:222,0
DA:223,0
DA:225,229
DA:228,229
DA:231,0
DA:232,0
DA:233,0
DA:235,0
DA:236,0
DA:238,0
DA:239,0
DA:241,0
DA:243,0
DA:244,0
DA:246,0
DA:248,0
DA:249,0
DA:254,0
DA:255,0
DA:257,0
DA:259,0
DA:260,0
DA:265,261
DA:266,891
DA:270,523
DA:271,523
DA:273,107
DA:274,107
DA:275,107
DA:277,261
DA:282,0
DA:283,0
DA:287,38
DA:288,38
DA:289,38
DA:291,0
DA:294,0
DA:295,0
DA:296,0
DA:298,0
DA:301,262
DA:305,35
DA:314,30
DA:323,498
DA:326,0
DA:327,0
DA:328,0
DA:332,7
DA:333,7
DA:334,7
DA:335,7
DA:336,7
DA:337,20
DA:339,0
DA:341,0
DA:342,0
DA:343,0
DA:344,0
DA:345,0
DA:347,7
DA:348,0
DA:349,0
DA:351,7
DA:352,7
DA:354,0
DA:361,0
DA:384,0
DA:385,0
DA:387,0
DA:388,0
DA:389,0
DA:391,0
DA:393,0
DA:394,0
DA:395,0
DA:396,0
DA:399,0
DA:400,0
DA:401,0
DA:402,0
DA:403,0
DA:404,0
DA:405,0
DA:408,0
DA:409,0
DA:410,0
DA:412,0
DA:413,0
DA:414,0
DA:415,0
DA:417,0
DA:420,0
DA:421,0
DA:422,0
DA:424,0
DA:428,7
DA:429,7
DA:430,0
DA:438,7
DA:441,35
DA:442,35
DA:443,3
DA:444,3
DA:445,0
DA:448,35
DA:449,0
DA:450,0
DA:451,0
DA:452,0
DA:455,35
DA:456,35
DA:457,3
DA:459,32
DA:462,0
DA:465,0
DA:466,0
DA:467,0
DA:468,0
DA:469,0
DA:472,0
DA:473,0
DA:474,0
DA:475,0
DA:476,0
DA:479,0
DA:480,0
DA:481,0
DA:483,0
DA:486,0
DA:489,12
DA:490,0
DA:491,0
DA:493,0
DA:495,12
DA:498,0
DA:499,0
DA:500,0
DA:501,0
DA:503,0
DA:504,0
DA:507,0
DA:510,0
DA:511,0
DA:512,0
DA:513,0
DA:515,0
DA:516,0
DA:519,0
DA:522,23
DA:523,23
DA:524,23
DA:526,0
DA:529,171
DA:530,171
DA:531,171
DA:532,0
DA:534,171
DA:535,171
DA:536,171
DA:537,171
DA:538,57
DA:540,114
DA:541,63
DA:543,51
DA:544,51
LF:293
LH:148
BRDA:10,0,0,3
BRDA:10,0,1,0
BRDA:10,1,0,3
BRDA:10,1,1,3
BRDA:10,1,2,0
BRDA:12,2,0,6
BRDA:12,2,1,0
BRDA:12,3,0,6
BRDA:12,3,1,6
BRDA:13,4,0,6
BRDA:13,4,1,6
BRDA:40,5,0,3
BRDA:40,5,1,3
BRDA:55,6,0,1261
BRDA:55,6,1,1097
BRDA:71,7,0,21
BRDA:71,7,1,420
BRDA:81,8,0,21
BRDA:81,8,1,92
BRDA:81,8,2,92
BRDA:81,8,3,0
BRDA:81,8,4,159
BRDA:81,8,5,159
BRDA:81,8,6,159
BRDA:81,8,7,261
BRDA:81,8,8,7
BRDA:81,8,9,0
BRDA:81,8,10,0
BRDA:81,8,11,12
BRDA:81,8,12,23
BRDA:81,8,13,23
BRDA:81,8,14,23
BRDA:81,8,15,23
BRDA:81,8,16,23
BRDA:81,8,17,23
BRDA:81,8,18,23
BRDA:81,8,19,23
BRDA:81,8,20,23
BRDA:81,8,21,23
BRDA:81,8,22,0
BRDA:81,8,23,12
BRDA:81,8,24,0
BRDA:81,8,25,0
BRDA:81,8,26,159
BRDA:85,9,0,0
BRDA:85,9,1,92
BRDA:86,10,0,0
BRDA:86,10,1,0
BRDA:91,11,0,0
BRDA:91,11,1,92
BRDA:102,12,0,0
BRDA:102,12,1,0
BRDA:103,13,0,0
BRDA:103,13,1,0
BRDA:123,14,0,0
BRDA:123,14,1,0
BRDA:123,14,2,0
BRDA:123,14,3,0
BRDA:123,14,4,0
BRDA:123,14,5,0
BRDA:123,14,6,0
BRDA:123,14,7,0
BRDA:123,14,8,0
BRDA:123,14,9,0
BRDA:123,14,10,0
BRDA:123,14,11,0
BRDA:123,14,12,0
BRDA:129,15,0,0
BRDA:129,15,1,0
BRDA:145,16,0,0
BRDA:145,16,1,12
BRDA:167,17,0,159
BRDA:167,17,1,0
BRDA:170,18,0,0
BRDA:170,18,1,0
BRDA:180,19,0,3206
BRDA:180,19,1,36
BRDA:183,20,0,2353
BRDA:183,20,1,0
BRDA:187,21,0,3
BRDA:187,21,1,140
BRDA:197,22,0,208
BRDA:197,22,1,208
BRDA:216,23,0,1032
BRDA:216,23,1,229
BRDA:218,24,0,194
BRDA:218,24,1,838
BRDA:221,25,0,0
BRDA:221,25,1,229
BRDA:233,26,0,0
BRDA:233,26,1,0
BRDA:233,26,2,0
BRDA:233,26,3,0
BRDA:238,27,0,0
BRDA:238,27,1,0
BRDA:238,28,0,0
BRDA:238,28,1,0
BRDA:243,29,0,0
BRDA:243,29,1,0
BRDA:255,30,0,0
BRDA:255,30,1,0
BRDA:266,31,0,523
BRDA:266,31,1,523
BRDA:266,31,2,523
BRDA:266,31,3,107
BRDA:266,31,4,261
BRDA:282,32,0,0
BRDA:282,32,1,0
BRDA:282,33,0,0
BRDA:282,33,1,0
BRDA:287,34,0,38
BRDA:287,34,1,0
BRDA:289,35,0,0
BRDA:289,35,1,38
BRDA:289,36,0,38
BRDA:289,36,1,38
BRDA:294,37,0,0
BRDA:294,37,1,0
BRDA:296,38,0,0
BRDA:296,38,1,0
BRDA:296,39,0,0
BRDA:296,39,1,0
BRDA:313,40,0,30
BRDA:322,41,0,468
BRDA:337,42,0,0
BRDA:337,42,1,0
BRDA:337,42,2,7
BRDA:337,42,3,0
BRDA:347,43,0,0
BRDA:347,43,1,7
BRDA:354,44,0,0
BRDA:354,44,1,0
BRDA:354,44,2,0
BRDA:354,44,3,0
BRDA:354,44,4,0
BRDA:354,44,5,0
BRDA:354,44,6,0
BRDA:354,44,7,0
BRDA:354,44,8,0
BRDA:354,44,9,0
BRDA:354,44,10,0
BRDA:354,44,11,0
BRDA:354,44,12,0
BRDA:354,44,13,0
BRDA:354,44,14,0
BRDA:354,44,15,0
BRDA:354,44,16,0
BRDA:354,44,17,0
BRDA:354,44,18,0
BRDA:354,44,19,0
BRDA:354,44,20,0
BRDA:354,44,21,0
BRDA:354,44,22,0
BRDA:354,44,23,0
BRDA:354,44,24,0
BRDA:354,44,25,0
BRDA:354,44,26,0
BRDA:354,44,27,0
BRDA:354,44,28,0
BRDA:354,44,29,0
BRDA:384,45,0,0
BRDA:384,45,1,0
BRDA:394,46,0,0
BRDA:394,46,1,0
BRDA:403,47,0,0
BRDA:403,47,1,0
BRDA:408,48,0,0
BRDA:408,48,1,0
BRDA:412,49,0,0
BRDA:412,49,1,0
BRDA:412,50,0,0
BRDA:412,50,1,0
BRDA:412,50,2,0
BRDA:429,51,0,0
BRDA:429,51,1,7
BRDA:441,52,0,35
BRDA:441,52,1,0
BRDA:442,53,0,3
BRDA:442,53,1,32
BRDA:444,54,0,0
BRDA:444,54,1,3
BRDA:444,55,0,3
BRDA:444,55,1,3
BRDA:448,56,0,0
BRDA:448,56,1,35
BRDA:448,57,0,35
BRDA:448,57,1,35
BRDA:451,58,0,0
BRDA:451,58,1,0
BRDA:455,59,0,35
BRDA:455,59,1,0
BRDA:456,60,0,3
BRDA:456,60,1,32
BRDA:465,61,0,0
BRDA:465,61,1,0
BRDA:466,62,0,0
BRDA:466,62,1,0
BRDA:468,63,0,0
BRDA:468,63,1,0
BRDA:468,64,0,0
BRDA:468,64,1,0
BRDA:472,65,0,0
BRDA:472,65,1,0
BRDA:472,66,0,0
BRDA:472,66,1,0
BRDA:475,67,0,0
BRDA:475,67,1,0
BRDA:479,68,0,0
BRDA:479,68,1,0
BRDA:480,69,0,0
BRDA:480,69,1,0
BRDA:489,70,0,0
BRDA:489,70,1,12
BRDA:490,71,0,0
BRDA:490,71,1,0
BRDA:498,72,0,0
BRDA:498,72,1,0
BRDA:499,73,0,0
BRDA:499,73,1,0
BRDA:500,74,0,0
BRDA:500,74,1,0
BRDA:500,75,0,0
BRDA:500,75,1,0
BRDA:500,75,2,0
BRDA:503,76,0,0
BRDA:503,76,1,0
BRDA:510,77,0,0
BRDA:510,77,1,0
BRDA:511,78,0,0
BRDA:511,78,1,0
BRDA:512,79,0,0
BRDA:512,79,1,0
BRDA:512,80,0,0
BRDA:512,80,1,0
BRDA:515,81,0,0
BRDA:515,81,1,0
BRDA:515,82,0,0
BRDA:515,82,1,0
BRDA:523,83,0,23
BRDA:523,83,1,0
BRDA:531,84,0,0
BRDA:531,84,1,171
BRDA:537,85,0,57
BRDA:537,85,1,114
BRDA:540,86,0,63
BRDA:540,86,1,51
BRDA:540,87,0,114
BRDA:540,87,1,75
BRF:248
BRH:86
end_of_record
TN:
SF:src\parser\ir.ts
FN:5,(anonymous_0)
FN:9,(anonymous_1)
FN:13,(anonymous_2)
FN:17,(anonymous_3)
FN:20,(anonymous_4)
FN:21,(anonymous_5)
FN:22,(anonymous_6)
FN:23,(anonymous_7)
FN:24,(anonymous_8)
FN:25,(anonymous_9)
FN:26,(anonymous_10)
FN:27,(anonymous_11)
FN:28,(anonymous_12)
FN:29,(anonymous_13)
FN:30,(anonymous_14)
FN:40,(anonymous_15)
FN:70,(anonymous_16)
FN:71,(anonymous_17)
FN:73,(anonymous_18)
FN:74,(anonymous_19)
FN:78,(anonymous_20)
FN:97,(anonymous_21)
FN:113,(anonymous_22)
FN:121,(anonymous_23)
FN:127,(anonymous_24)
FN:128,instanceOf
FN:134,(anonymous_26)
FN:139,(anonymous_27)
FN:140,(anonymous_28)
FN:153,(anonymous_29)
FN:157,(anonymous_30)
FN:158,(anonymous_31)
FN:168,(anonymous_32)
FN:173,(anonymous_33)
FNF:34
FNH:29
FNDA:6,(anonymous_0)
FNDA:6,(anonymous_1)
FNDA:281,(anonymous_2)
FNDA:6,(anonymous_3)
FNDA:13,(anonymous_4)
FNDA:17,(anonymous_5)
FNDA:0,(anonymous_6)
FNDA:65,(anonymous_7)
FNDA:0,(anonymous_8)
FNDA:0,(anonymous_9)
FNDA:12,(anonymous_10)
FNDA:40,(anonymous_11)
FNDA:20,(anonymous_12)
FNDA:0,(anonymous_13)
FNDA:114,(anonymous_14)
FNDA:12,(anonymous_15)
FNDA:24,(anonymous_16)
FNDA:32,(anonymous_17)
FNDA:12,(anonymous_18)
FNDA:16,(anonymous_19)
FNDA:17,(anonymous_20)
FNDA:65,(anonymous_21)
FNDA:65,(anonymous_22)
FNDA:65,(anonymous_23)
FNDA:6,(anonymous_24)
FNDA:0,instanceOf
FNDA:30,(anonymous_26)
FNDA:5,(anonymous_27)
FNDA:10,(anonymous_28)
FNDA:106,(anonymous_29)
FNDA:31,(anonymous_30)
FNDA:105,(anonymous_31)
FNDA:2,(anonymous_32)
FNDA:58,(anonymous_33)
DA:1,6
DA:2,6
DA:3,6
DA:4,6
DA:5,6
DA:6,6
DA:7,66
DA:9,6
DA:10,6
DA:11,6
DA:12,66
DA:13,281
DA:15,6
DA:17,6
DA:18,6
DA:19,6
DA:20,13
DA:21,17
DA:22,0
DA:23,65
DA:24,0
DA:25,0
DA:26,12
DA:27,40
DA:28,20
DA:29,0
DA:30,114
DA:32,6
DA:33,6
DA:34,6
DA:35,6
DA:41,12
DA:59,12
DA:61,12
DA:62,12
DA:63,28
DA:64,16
DA:65,12
DA:66,12
DA:71,32
DA:74,16
DA:79,17
DA:80,17
DA:81,0
DA:83,17
DA:84,17
DA:85,0
DA:89,17
DA:90,17
DA:91,0
DA:93,17
DA:98,65
DA:99,65
DA:103,65
DA:108,65
DA:109,65
DA:114,65
DA:115,65
DA:116,65
DA:117,65
DA:122,65
DA:123,65
DA:127,6
DA:129,0
DA:131,6
DA:135,30
DA:136,30
DA:137,30
DA:140,5
DA:141,10
DA:142,0
DA:144,10
DA:146,5
DA:154,106
DA:155,106
DA:158,31
DA:159,105
DA:160,105
DA:162,0
DA:164,31
DA:169,2
DA:174,58
DA:175,58
LF:83
LH:73
BRDA:10,0,0,6
BRDA:10,0,1,0
BRDA:10,1,0,6
BRDA:10,1,1,6
BRDA:10,1,2,0
BRDA:12,2,0,66
BRDA:12,2,1,0
BRDA:12,3,0,66
BRDA:12,3,1,66
BRDA:13,4,0,66
BRDA:13,4,1,66
BRDA:63,5,0,16
BRDA:63,5,1,12
BRDA:65,6,0,12
BRDA:65,6,1,0
BRDA:80,7,0,0
BRDA:80,7,1,17
BRDA:84,8,0,0
BRDA:84,8,1,17
BRDA:90,9,0,0
BRDA:90,9,1,17
BRDA:132,10,0,6
BRDA:132,10,1,6
BRDA:141,11,0,0
BRDA:141,11,1,10
BRDA:159,12,0,105
BRDA:159,12,1,0
BRF:27
BRH:18
end_of_record
TN:
SF:src\parser\parse_tree.ts
FN:5,(anonymous_0)
FN:9,(anonymous_1)
FN:13,(anonymous_2)
FN:17,(anonymous_3)
FN:20,(anonymous_4)
FN:25,getParseTree
FN:32,(anonymous_6)
FN:36,(anonymous_7)
FN:39,(anonymous_8)
FN:42,(anonymous_9)
FN:46,(anonymous_10)
FN:49,(anonymous_11)
FNF:12
FNH:10
FNDA:3,(anonymous_0)
FNDA:3,(anonymous_1)
FNDA:21,(anonymous_2)
FNDA:3,(anonymous_3)
FNDA:21,(anonymous_4)
FNDA:21,getParseTree
FNDA:21,(anonymous_6)
FNDA:0,(anonymous_7)
FNDA:404,(anonymous_8)
FNDA:0,(anonymous_9)
FNDA:409,(anonymous_10)
FNDA:97,(anonymous_11)
DA:1,3
DA:2,3
DA:3,3
DA:4,3
DA:5,3
DA:6,3
DA:7,3
DA:9,3
DA:10,3
DA:11,3
DA:12,3
DA:13,21
DA:15,3
DA:17,3
DA:18,3
DA:19,3
DA:20,21
DA:22,3
DA:23,3
DA:24,3
DA:26,21
DA:27,16
DA:29,21
DA:33,21
DA:34,21
DA:37,0
DA:40,404
DA:43,0
DA:44,0
DA:47,409
DA:50,97
DA:51,97
DA:52,404
DA:53,404
DA:54,76
DA:55,328
DA:56,92
DA:58,236
DA:61,5
LF:39
LH:36
BRDA:10,0,0,3
BRDA:10,0,1,0
BRDA:10,1,0,3
BRDA:10,1,1,3
BRDA:10,1,2,0
BRDA:12,2,0,3
BRDA:12,2,1,0
BRDA:12,3,0,3
BRDA:12,3,1,3
BRDA:13,4,0,3
BRDA:13,4,1,3
BRDA:26,5,0,16
BRDA:26,5,1,5
BRDA:43,6,0,0
BRDA:43,6,1,0
BRDA:53,7,0,76
BRDA:53,7,1,328
BRDA:55,8,0,92
BRDA:55,8,1,236
BRF:19
BRH:14
end_of_record
TN:
SF:src\parser\parser.ts
FN:5,(anonymous_0)
FN:9,(anonymous_1)
FN:13,(anonymous_2)
FN:17,(anonymous_3)
FN:20,(anonymous_4)
FN:27,getIntermediateRepresentation
FN:44,parseExpression
FN:62,parseSExpression
FN:82,parseStackExpression
FN:84,(anonymous_9)
FN:97,parseFunctionExpression
FN:138,parseFunctionParamExpression
FN:163,parseFunctionResultExpression
FN:178,parseModuleExpression
FN:196,parseExportDeclaration
FN:218,isSExpression
FN:226,isStackExpression
FN:234,isFunctionExpression
FN:238,isFunctionParamDeclaration
FN:242,isFunctionResultDeclaration
FN:246,isModuleDeclaration
FN:250,isExportDeclaration
FN:254,isReservedType
FNF:23
FNH:22
FNDA:3,(anonymous_0)
FNDA:3,(anonymous_1)
FNDA:21,(anonymous_2)
FNDA:3,(anonymous_3)
FNDA:21,(anonymous_4)
FNDA:31,getIntermediateRepresentation
FNDA:32,parseExpression
FNDA:6,parseSExpression
FNDA:23,parseStackExpression
FNDA:77,(anonymous_9)
FNDA:17,parseFunctionExpression
FNDA:26,parseFunctionParamExpression
FNDA:18,parseFunctionResultExpression
FNDA:6,parseModuleExpression
FNDA:7,parseExportDeclaration
FNDA:93,isSExpression
FNDA:49,isStackExpression
FNDA:80,isFunctionExpression
FNDA:45,isFunctionParamDeclaration
FNDA:19,isFunctionResultDeclaration
FNDA:13,isModuleDeclaration
FNDA:22,isExportDeclaration
FNDA:0,isReservedType
DA:1,3
DA:2,3
DA:3,3
DA:4,3
DA:5,3
DA:6,3
DA:7,3
DA:9,3
DA:10,3
DA:11,3
DA:12,3
DA:13,21
DA:15,3
DA:17,3
DA:18,3
DA:19,3
DA:20,21
DA:22,3
DA:23,3
DA:24,3
DA:25,3
DA:26,3
DA:28,31
DA:29,15
DA:31,16
DA:32,9
DA:34,7
DA:35,6
DA:37,1
DA:38,1
DA:40,0
DA:45,32
DA:46,3
DA:48,29
DA:49,6
DA:51,23
DA:52,23
DA:54,0
DA:63,6
DA:64,6
DA:65,6
DA:66,6
DA:67,6
DA:68,14
DA:69,14
DA:70,4
DA:72,10
DA:73,10
DA:74,0
DA:76,10
DA:79,6
DA:80,5
DA:83,23
DA:84,23
DA:85,77
DA:86,77
DA:88,0
DA:89,0
DA:90,0
DA:92,0
DA:95,23
DA:98,17
DA:99,17
DA:100,17
DA:101,17
DA:103,17
DA:104,17
DA:105,17
DA:106,3
DA:107,3
DA:109,17
DA:110,58
DA:111,58
DA:112,13
DA:114,45
DA:115,26
DA:116,26
DA:117,26
DA:118,19
DA:119,18
DA:120,18
DA:122,1
DA:125,17
DA:126,17
DA:127,1
DA:129,17
DA:130,17
DA:139,26
DA:140,26
DA:141,26
DA:142,23
DA:143,23
DA:144,0
DA:146,23
DA:147,11
DA:148,11
DA:149,12
DA:150,12
DA:151,12
DA:152,12
DA:153,12
DA:155,0
DA:158,26
DA:164,18
DA:165,18
DA:166,16
DA:167,16
DA:168,0
DA:170,16
DA:171,16
DA:173,0
DA:176,18
DA:179,6
DA:180,6
DA:181,6
DA:182,6
DA:183,14
DA:184,14
DA:185,0
DA:187,14
DA:188,8
DA:190,14
DA:191,6
DA:194,6
DA:197,7
DA:198,7
DA:199,7
DA:200,7
DA:201,7
DA:202,0
DA:204,7
DA:205,7
DA:206,0
DA:208,7
DA:209,7
DA:210,0
DA:212,7
DA:216,7
DA:219,93
DA:220,93
DA:224,93
DA:227,49
DA:228,49
DA:232,49
DA:235,80
DA:236,80
DA:239,45
DA:240,45
DA:243,19
DA:244,19
DA:247,13
DA:248,13
DA:251,22
DA:252,22
DA:255,0
LF:155
LH:139
BRDA:10,0,0,3
BRDA:10,0,1,0
BRDA:10,1,0,3
BRDA:10,1,1,3
BRDA:10,1,2,0
BRDA:12,2,0,3
BRDA:12,2,1,0
BRDA:12,3,0,3
BRDA:12,3,1,3
BRDA:13,4,0,3
BRDA:13,4,1,3
BRDA:28,5,0,15
BRDA:28,5,1,16
BRDA:28,6,0,31
BRDA:28,6,1,26
BRDA:31,7,0,9
BRDA:31,7,1,7
BRDA:34,8,0,6
BRDA:34,8,1,1
BRDA:37,9,0,1
BRDA:37,9,1,0
BRDA:45,10,0,3
BRDA:45,10,1,29
BRDA:45,11,0,32
BRDA:45,11,1,29
BRDA:48,12,0,6
BRDA:48,12,1,23
BRDA:51,13,0,23
BRDA:51,13,1,0
BRDA:69,14,0,4
BRDA:69,14,1,10
BRDA:73,15,0,0
BRDA:73,15,1,10
BRDA:73,16,0,10
BRDA:73,16,1,10
BRDA:73,16,2,8
BRDA:85,17,0,77
BRDA:85,17,1,0
BRDA:89,18,0,0
BRDA:89,18,1,0
BRDA:89,19,0,0
BRDA:89,19,1,0
BRDA:105,20,0,3
BRDA:105,20,1,14
BRDA:105,21,0,17
BRDA:105,21,1,3
BRDA:111,22,0,13
BRDA:111,22,1,45
BRDA:114,23,0,26
BRDA:114,23,1,19
BRDA:118,24,0,18
BRDA:118,24,1,1
BRDA:126,25,0,1
BRDA:126,25,1,16
BRDA:126,26,0,17
BRDA:126,26,1,1
BRDA:143,27,0,0
BRDA:143,27,1,23
BRDA:146,28,0,11
BRDA:146,28,1,12
BRDA:149,29,0,12
BRDA:149,29,1,0
BRDA:152,30,0,12
BRDA:152,30,1,12
BRDA:167,31,0,0
BRDA:167,31,1,16
BRDA:170,32,0,16
BRDA:170,32,1,0
BRDA:184,33,0,0
BRDA:184,33,1,14
BRDA:187,34,0,8
BRDA:187,34,1,6
BRDA:190,35,0,6
BRDA:190,35,1,8
BRDA:201,36,0,0
BRDA:201,36,1,7
BRDA:205,37,0,0
BRDA:205,37,1,7
BRDA:209,38,0,0
BRDA:209,38,1,7
BRDA:209,39,0,7
BRDA:209,39,1,7
BRDA:224,40,0,93
BRDA:224,40,1,93
BRDA:224,40,2,77
BRDA:232,41,0,49
BRDA:232,41,1,49
BRDA:232,41,2,33
BRDA:232,41,3,33
BRDA:236,42,0,80
BRDA:236,42,1,80
BRDA:240,43,0,45
BRDA:240,43,1,45
BRDA:244,44,0,19
BRDA:244,44,1,19
BRDA:248,45,0,13
BRDA:248,45,1,13
BRDA:252,46,0,22
BRDA:252,46,1,22
BRDA:255,47,0,0
BRDA:255,47,1,0
BRF:101
BRH:80
end_of_record
TN:
SF:src\parser\tree_types.ts
FN:5,(anonymous_0)
FN:9,(anonymous_1)
FN:13,(anonymous_2)
FN:17,(anonymous_3)
FN:20,(anonymous_4)
FN:21,(anonymous_5)
FN:27,(anonymous_6)
FN:28,treeMap
FN:29,(anonymous_8)
FN:35,(anonymous_9)
FN:36,getStringArrayRepr
FN:37,(anonymous_11)
FNF:12
FNH:9
FNDA:5,(anonymous_0)
FNDA:5,(anonymous_1)
FNDA:62,(anonymous_2)
FNDA:5,(anonymous_3)
FNDA:0,(anonymous_4)
FNDA:62,(anonymous_5)
FNDA:5,(anonymous_6)
FNDA:239,treeMap
FNDA:785,(anonymous_8)
FNDA:5,(anonymous_9)
FNDA:0,getStringArrayRepr
FNDA:0,(anonymous_11)
DA:1,5
DA:2,5
DA:3,5
DA:4,5
DA:5,5
DA:6,5
DA:7,10
DA:9,5
DA:10,5
DA:11,5
DA:12,10
DA:13,62
DA:15,5
DA:17,5
DA:18,5
DA:19,5
DA:20,0
DA:21,62
DA:23,5
DA:24,5
DA:27,5
DA:29,785
DA:31,5
DA:35,5
DA:37,0
DA:39,5
LF:26
LH:24
BRDA:10,0,0,5
BRDA:10,0,1,0
BRDA:10,1,0,5
BRDA:10,1,1,5
BRDA:10,1,2,0
BRDA:12,2,0,10
BRDA:12,2,1,0
BRDA:12,3,0,10
BRDA:12,3,1,10
BRDA:13,4,0,10
BRDA:13,4,1,10
BRDA:29,5,0,177
BRDA:29,5,1,608
BRDA:32,6,0,5
BRDA:32,6,1,0
BRDA:40,7,0,5
BRDA:40,7,1,0
BRF:17
BRH:12
end_of_record
TN:
SF:test\resources\export_expressions.ts
FN:5,(anonymous_0)
FN:9,(anonymous_1)
FN:13,(anonymous_2)
FN:17,(anonymous_3)
FN:20,(anonymous_4)
FN:21,(anonymous_5)
FNF:6
FNH:5
FNDA:4,(anonymous_0)
FNDA:4,(anonymous_1)
FNDA:4,(anonymous_2)
FNDA:4,(anonymous_3)
FNDA:0,(anonymous_4)
FNDA:4,(anonymous_5)
DA:1,4
DA:2,4
DA:3,4
DA:4,4
DA:5,4
DA:6,4
DA:7,8
DA:9,4
DA:10,4
DA:11,4
DA:12,8
DA:13,8
DA:15,4
DA:17,4
DA:18,4
DA:19,4
DA:20,0
DA:21,4
DA:23,4
DA:24,4
DA:25,4
DA:26,4
DA:27,4
DA:45,4
LF:24
LH:23
BRDA:10,0,0,4
BRDA:10,0,1,0
BRDA:10,1,0,4
BRDA:10,1,1,4
BRDA:10,1,2,0
BRDA:12,2,0,8
BRDA:12,2,1,0
BRDA:12,3,0,8
BRDA:12,3,1,8
BRDA:13,4,0,8
BRDA:13,4,1,8
BRF:11
BRH:8
end_of_record
TN:
SF:test\resources\function_expressions.ts
FN:5,(anonymous_0)
FN:9,(anonymous_1)
FN:13,(anonymous_2)
FN:17,(anonymous_3)
FN:20,(anonymous_4)
FN:21,(anonymous_5)
FNF:6
FNH:6
FNDA:5,(anonymous_0)
FNDA:5,(anonymous_1)
FNDA:6,(anonymous_2)
FNDA:5,(anonymous_3)
FNDA:1,(anonymous_4)
FNDA:5,(anonymous_5)
DA:1,5
DA:2,5
DA:3,5
DA:4,5
DA:5,5
DA:6,5
DA:7,10
DA:9,5
DA:10,5
DA:11,5
DA:12,10
DA:13,10
DA:15,5
DA:17,5
DA:18,5
DA:19,5
DA:20,1
DA:21,5
DA:23,5
DA:24,5
DA:25,5
DA:26,5
DA:27,5
DA:28,5
DA:81,5
DA:150,5
DA:169,5
DA:206,5
DA:266,5
DA:323,5
DA:388,5
DA:449,5
DA:452,5
DA:462,5
LF:34
LH:34
BRDA:10,0,0,5
BRDA:10,0,1,0
BRDA:10,1,0,5
BRDA:10,1,1,5
BRDA:10,1,2,0
BRDA:12,2,0,10
BRDA:12,2,1,0
BRDA:12,3,0,10
BRDA:12,3,1,10
BRDA:13,4,0,10
BRDA:13,4,1,10
BRF:11
BRH:8
end_of_record
TN:
SF:test\resources\invalid_function_bodies.ts
FN:5,(anonymous_0)
FN:9,(anonymous_1)
FN:13,(anonymous_2)
FN:17,(anonymous_3)
FN:20,(anonymous_4)
FNF:5
FNH:5
FNDA:5,(anonymous_0)
FNDA:5,(anonymous_1)
FNDA:6,(anonymous_2)
FNDA:5,(anonymous_3)
FNDA:6,(anonymous_4)
DA:1,5
DA:2,5
DA:3,5
DA:4,5
DA:5,5
DA:6,5
DA:7,5
DA:9,5
DA:10,5
DA:11,5
DA:12,5
DA:13,6
DA:15,5
DA:17,5
DA:18,5
DA:19,5
DA:20,6
DA:22,5
DA:23,5
DA:24,5
LF:20
LH:20
BRDA:10,0,0,5
BRDA:10,0,1,0
BRDA:10,1,0,5
BRDA:10,1,1,5
BRDA:10,1,2,0
BRDA:12,2,0,5
BRDA:12,2,1,0
BRDA:12,3,0,5
BRDA:12,3,1,5
BRDA:13,4,0,5
BRDA:13,4,1,5
BRF:11
BRH:8
end_of_record
TN:
SF:test\resources\module_program_fragments.ts
FN:5,(anonymous_0)
FN:9,(anonymous_1)
FN:13,(anonymous_2)
FN:17,(anonymous_3)
FN:20,(anonymous_4)
FNF:5
FNH:5
FNDA:2,(anonymous_0)
FNDA:2,(anonymous_1)
FNDA:2,(anonymous_2)
FNDA:2,(anonymous_3)
FNDA:2,(anonymous_4)
DA:1,2
DA:2,2
DA:3,2
DA:4,2
DA:5,2
DA:6,2
DA:7,2
DA:9,2
DA:10,2
DA:11,2
DA:12,2
DA:13,2
DA:15,2
DA:17,2
DA:18,2
DA:19,2
DA:20,2
DA:22,2
DA:23,2
DA:24,2
DA:25,2
DA:26,2
DA:27,2
DA:113,2
DA:229,2
DA:350,2
LF:26
LH:26
BRDA:10,0,0,2
BRDA:10,0,1,0
BRDA:10,1,0,2
BRDA:10,1,1,2
BRDA:10,1,2,0
BRDA:12,2,0,2
BRDA:12,2,1,0
BRDA:12,3,0,2
BRDA:12,3,1,2
BRDA:13,4,0,2
BRDA:13,4,1,2
BRF:11
BRH:8
end_of_record
TN:
SF:test\resources\resolved_tokens.ts
FN:5,(anonymous_0)
FN:9,(anonymous_1)
FN:13,(anonymous_2)
FN:17,(anonymous_3)
FN:20,(anonymous_4)
FN:21,(anonymous_5)
FN:22,(anonymous_6)
FN:23,(anonymous_7)
FN:24,(anonymous_8)
FN:32,(anonymous_9)
FN:33,toToken
FN:45,fromToken
FN:56,(anonymous_12)
FN:57,(anonymous_13)
FN:58,(anonymous_14)
FN:67,(anonymous_15)
FN:68,(anonymous_16)
FN:77,(anonymous_17)
FN:78,(anonymous_18)
FN:195,getExpectedTokenData
FN:211,getSampleToken
FN:214,hasSameData
FN:217,isTokenEqual
FNF:23
FNH:20
FNDA:6,(anonymous_0)
FNDA:6,(anonymous_1)
FNDA:539,(anonymous_2)
FNDA:6,(anonymous_3)
FNDA:56,(anonymous_4)
FNDA:0,(anonymous_5)
FNDA:480,(anonymous_6)
FNDA:0,(anonymous_7)
FNDA:3,(anonymous_8)
FNDA:6,(anonymous_9)
FNDA:2116,toToken
FNDA:656,fromToken
FNDA:6,(anonymous_12)
FNDA:2116,(anonymous_13)
FNDA:326,(anonymous_14)
FNDA:1934,(anonymous_15)
FNDA:144,(anonymous_16)
FNDA:1664,(anonymous_17)
FNDA:18,(anonymous_18)
FNDA:2116,getExpectedTokenData
FNDA:2116,getSampleToken
FNDA:0,hasSameData
FNDA:114,isTokenEqual
DA:1,6
DA:2,6
DA:3,6
DA:4,6
DA:5,6
DA:6,6
DA:7,30
DA:9,6
DA:10,6
DA:11,6
DA:12,30
DA:13,539
DA:15,6
DA:17,6
DA:18,6
DA:19,6
DA:20,56
DA:21,0
DA:22,480
DA:23,0
DA:24,3
DA:26,6
DA:27,6
DA:28,6
DA:29,6
DA:30,6
DA:32,6
DA:34,2116
DA:44,6
DA:46,656
DA:53,6
DA:56,6
DA:57,2116
DA:58,6
DA:59,326
DA:60,326
DA:67,1934
DA:68,6
DA:69,144
DA:70,144
DA:77,1664
DA:78,6
DA:79,18
DA:80,18
DA:87,6
DA:93,6
DA:99,6
DA:105,6
DA:111,6
DA:117,6
DA:123,6
DA:129,6
DA:135,6
DA:141,6
DA:147,6
DA:153,6
DA:159,6
DA:165,6
DA:171,6
DA:178,6
DA:196,2116
DA:197,326
DA:199,1790
DA:200,144
DA:202,1646
DA:203,18
DA:205,1628
DA:206,1628
DA:207,0
DA:209,1628
DA:212,2116
DA:215,0
DA:218,114
LF:73
LH:69
BRDA:10,0,0,6
BRDA:10,0,1,0
BRDA:10,1,0,6
BRDA:10,1,1,6
BRDA:10,1,2,0
BRDA:12,2,0,30
BRDA:12,2,1,0
BRDA:12,3,0,30
BRDA:12,3,1,30
BRDA:13,4,0,30
BRDA:13,4,1,30
BRDA:54,5,0,6
BRDA:54,5,1,6
BRDA:177,6,0,6
BRDA:177,6,1,6
BRDA:196,7,0,326
BRDA:196,7,1,1790
BRDA:199,8,0,144
BRDA:199,8,1,1646
BRDA:202,9,0,18
BRDA:202,9,1,1628
BRDA:206,10,0,0
BRDA:206,10,1,1628
BRDA:215,11,0,0
BRDA:215,11,1,0
BRDA:215,11,2,0
BRDA:215,11,3,0
BRDA:218,12,0,114
BRDA:218,12,1,114
BRDA:218,12,2,114
BRDA:218,12,3,114
BRF:31
BRH:23
end_of_record
TN:
SF:test\resources\valid_function_bodies.ts
FN:5,(anonymous_0)
FN:9,(anonymous_1)
FN:13,(anonymous_2)
FN:17,(anonymous_3)
FN:20,(anonymous_4)
FN:21,(anonymous_5)
FN:22,(anonymous_6)
FN:23,(anonymous_7)
FN:24,(anonymous_8)
FN:333,(anonymous_9)
FN:336,(anonymous_10)
FN:339,(anonymous_11)
FN:342,(anonymous_12)
FN:345,(anonymous_13)
FNF:14
FNH:14
FNDA:5,(anonymous_0)
FNDA:5,(anonymous_1)
FNDA:5,(anonymous_2)
FNDA:5,(anonymous_3)
FNDA:1,(anonymous_4)
FNDA:1,(anonymous_5)
FNDA:1,(anonymous_6)
FNDA:1,(anonymous_7)
FNDA:1,(anonymous_8)
FNDA:25,(anonymous_9)
FNDA:25,(anonymous_10)
FNDA:25,(anonymous_11)
FNDA:25,(anonymous_12)
FNDA:25,(anonymous_13)
DA:1,5
DA:2,5
DA:3,5
DA:4,5
DA:5,5
DA:6,5
DA:7,25
DA:9,5
DA:10,5
DA:11,5
DA:12,25
DA:13,25
DA:15,5
DA:17,5
DA:18,5
DA:19,5
DA:20,1
DA:21,1
DA:22,1
DA:23,1
DA:24,1
DA:26,5
DA:27,5
DA:28,5
DA:29,5
DA:30,5
DA:84,5
DA:120,5
DA:228,5
DA:325,5
DA:332,5
DA:333,25
DA:335,5
DA:336,25
DA:338,5
DA:339,25
DA:341,5
DA:342,25
DA:344,5
DA:345,25
LF:40
LH:40
BRDA:10,0,0,5
BRDA:10,0,1,0
BRDA:10,1,0,5
BRDA:10,1,1,5
BRDA:10,1,2,0
BRDA:12,2,0,25
BRDA:12,2,1,0
BRDA:12,3,0,25
BRDA:12,3,1,25
BRDA:13,4,0,25
BRDA:13,4,1,25
BRF:11
BRH:8
end_of_record
